#
# A fatal error has been detected by the Java Runtime Environment:
#
#  SIGSEGV (0xb) at pc=0x00007fff89d124dd, pid=3691, tid=2571
#
# JRE version: Java(TM) SE Runtime Environment (8.0_91-b14) (build 1.8.0_91-b14)
# Java VM: Java HotSpot(TM) 64-Bit Server VM (25.91-b14 mixed mode bsd-amd64 compressed oops)
# Problematic frame:
# C  [libobjc.A.dylib+0x14dd]  objc_msgSend+0x1d
#
# Failed to write core dump. Core dumps have been disabled. To enable core dumping, try "ulimit -c unlimited" before starting Java again
#
# If you would like to submit a bug report, please visit:
#   http://bugreport.java.com/bugreport/crash.jsp
# The crash happened outside the Java Virtual Machine in native code.
# See problematic frame for where to report the bug.
#

---------------  T H R E A D  ---------------

Current thread (0x00007fc5ab16e000):  JavaThread "AWT-AppKit" daemon [_thread_in_native, id=2571, stack(0x00007fff5810f000,0x00007fff5890f000)]

siginfo: si_signo: 11 (SIGSEGV), si_code: 1 (SEGV_MAPERR), si_addr: 0x0000000000000018

Registers:
RAX=0x00007fc5b0031a60, RBX=0x00000001ac807450, RCX=0x00000001213ec800, RDX=0x00000001215b1840
RSP=0x00007fff5890a3c8, RBP=0x00007fff5890a480, RSI=0x00007fff8b957cbe, RDI=0x00007fc5b0035750
R8 =0x0000000000000000, R9 =0x00000000000008b0, R10=0x00007fff8b957cbe, R11=0x0000000000000000
R12=0x0000000000000000, R13=0x00000001b2011d10, R14=0x00000001ac807440, R15=0x00007fc5ab16e000
RIP=0x00007fff89d124dd, EFLAGS=0x0000000000010246, ERR=0x0000000000000004
  TRAPNO=0x000000000000000e

Top of Stack: (sp=0x00007fff5890a3c8)
0x00007fff5890a3c8:   00000001ac805157 00007fff5890a420
0x00007fff5890a3d8:   0000000000000003 00007fff5890a400
0x00007fff5890a3e8:   000000010775f4ea 00000001b2011d10
0x00007fff5890a3f8:   00000001b2011d10 00007fc5b0031a60
0x00007fff5890a408:   00000001ac8076a0 00000001ac807710
0x00007fff5890a418:   00007fff71499770 00007fff74d4c500
0x00007fff5890a428:   00000001ac807450 00000001ac807690
0x00007fff5890a438:   00007fc5b0031a60 00007fc5b0035750
0x00007fff5890a448:   00007fc5aad583e0 00007fc5b0031a60
0x00007fff5890a458:   00007fc5b0035750 00007fff5890a508
0x00007fff5890a468:   00007fc5ab16e1f8 00000001b2011d10
0x00007fff5890a478:   00007fff5890a530 00007fff5890a4f8
0x00007fff5890a488:   0000000108e179d4 00000001b2011d10
0x00007fff5890a498:   00007fff5890a530 00007fff5890a4f8
0x00007fff5890a4a8:   0000000108e17767 0000000108e17722
0x00007fff5890a4b8:   00007fff5890a4b8 00000001b2011d10
0x00007fff5890a4c8:   00007fff5890a530 00000001b2035028
0x00007fff5890a4d8:   0000000000000000 00000001b2011d10
0x00007fff5890a4e8:   0000000000000000 00007fff5890a518
0x00007fff5890a4f8:   00007fff5890a578 0000000108e082bd
0x00007fff5890a508:   00000007409116f8 0000000108e11538
0x00007fff5890a518:   00007fc5b0031a60 00007fff5890a578
0x00007fff5890a528:   00007fc5b0035750 0000000108e12e02
0x00007fff5890a538:   00007fff5890a538 00000001b2011eda
0x00007fff5890a548:   00007fff5890a5a0 00000001b2035028
0x00007fff5890a558:   0000000000000000 00000001b2011ee8
0x00007fff5890a568:   00007fff5890a518 00007fff5890a588
0x00007fff5890a578:   00007fff5890a5e8 0000000108e082bd
0x00007fff5890a588:   00007fc5b0031a60 00000007984bb980
0x00007fff5890a598:   00007fc5b0035750 00000007984bb980
0x00007fff5890a5a8:   00007fff5890a5a8 00000001b6db69a6
0x00007fff5890a5b8:   00007fff5890a5f8 00000001b6db6a60 

Instructions: (pc=0x00007fff89d124dd)
0x00007fff89d124bd:   44 00 00 48 85 ff 2e 74 62 40 f6 c7 01 2e 75 66
0x00007fff89d124cd:   49 bb f8 ff ff ff ff 7f 00 00 4c 23 1f 49 89 f2
0x00007fff89d124dd:   45 23 53 18 49 c1 e2 04 4d 03 53 10 49 3b 32 75
0x00007fff89d124ed:   04 41 ff 62 08 49 83 3a 01 76 0d 49 83 c2 10 49 

Register to memory mapping:

RAX=0x00007fc5b0031a60 is an unknown value
RBX=0x00000001ac807450: Java_jogamp_nativewindow_macosx_OSXUtil_GetScreenRefreshRate0+0x1cf0 in /private/var/folders/2h/vqwmpqwj6bd01xqwnbwl3bl40000gn/T/jogamp_0000/file_cache/jln7657499678009263996/jln5769773814645432698/libnativewindow_macosx.jnilib at 0x00000001ac800000
RCX=0x00000001213ec800 is an unknown value
RDX=0x00000001215b1840 is an unknown value
RSP=0x00007fff5890a3c8 is pointing into the stack for thread: 0x00007fc5ab16e000
RBP=0x00007fff5890a480 is pointing into the stack for thread: 0x00007fc5ab16e000
RSI=0x00007fff8b957cbe is an unknown value
RDI=0x00007fc5b0035750 is an unknown value
R8 =0x0000000000000000 is an unknown value
R9 =0x00000000000008b0 is an unknown value
R10=0x00007fff8b957cbe is an unknown value
R11=0x0000000000000000 is an unknown value
R12=0x0000000000000000 is an unknown value
R13={method} {0x00000001b2011d10} 'UnsetJAWTRootSurfaceLayer0' '(JJ)V' in 'jogamp/nativewindow/jawt/macosx/MacOSXJAWTWindow'
R14=0x00000001ac807440: Java_jogamp_nativewindow_macosx_OSXUtil_GetScreenRefreshRate0+0x1ce0 in /private/var/folders/2h/vqwmpqwj6bd01xqwnbwl3bl40000gn/T/jogamp_0000/file_cache/jln7657499678009263996/jln5769773814645432698/libnativewindow_macosx.jnilib at 0x00000001ac800000
R15=0x00007fc5ab16e000 is a thread


Stack: [0x00007fff5810f000,0x00007fff5890f000],  sp=0x00007fff5890a3c8,  free space=8172k
Native frames: (J=compiled Java code, j=interpreted, Vv=VM code, C=native code)
C  [libobjc.A.dylib+0x14dd]  objc_msgSend+0x1d
j  jogamp.nativewindow.jawt.macosx.MacOSXJAWTWindow.UnsetJAWTRootSurfaceLayer0(JJ)V+0
j  jogamp.nativewindow.jawt.macosx.MacOSXJAWTWindow.access$200(JJ)V+2
j  jogamp.nativewindow.jawt.macosx.MacOSXJAWTWindow$1.run()V+38
J 2117 C1 com.jogamp.common.util.RunnableTask.run()V (345 bytes) @ 0x0000000109496d54 [0x0000000109496bc0+0x194]
v  ~StubRoutines::call_stub
V  [libjvm.dylib+0x2ec1e6]
V  [libjvm.dylib+0x323355]
V  [libjvm.dylib+0x315b23]
C  [libnativewindow_macosx.jnilib+0x5326]  Java_jogamp_nativewindow_jawt_macosx_MacOSXJAWTWindow_UnsetJAWTRootSurfaceLayer0+0x2b6
C  [Foundation+0x76fde]  __NSThreadPerformPerform+0x117
C  [CoreFoundation+0xaa881]  __CFRUNLOOP_IS_CALLING_OUT_TO_A_SOURCE0_PERFORM_FUNCTION__+0x11
C  [CoreFoundation+0x89fbc]  __CFRunLoopDoSources0+0x22c
C  [CoreFoundation+0x894df]  __CFRunLoopRun+0x39f
C  [CoreFoundation+0x88ed8]  CFRunLoopRunSpecific+0x128
C  [HIToolbox+0x30935]  RunCurrentEventLoopInMode+0xeb
C  [HIToolbox+0x30677]  ReceiveNextEventCommon+0xb8
C  [HIToolbox+0x305af]  _BlockUntilNextEventMatchingListInModeWithFilter+0x47
C  [AppKit+0x48df6]  _DPSNextEvent+0x42b
C  [AppKit+0x48226]  -[NSApplication _nextEventMatchingEventMask:untilDate:inMode:dequeue:]+0x1c6
C  [libosxapp.dylib+0x23aa]  -[NSApplicationAWT nextEventMatchingMask:untilDate:inMode:dequeue:]+0x7c
C  [AppKit+0x3cd80]  -[NSApplication run]+0x2aa
C  [libosxapp.dylib+0x214d]  +[NSApplicationAWT runAWTLoopWithApp:]+0x9c
C  [libawt_lwawt.dylib+0x4455b]  -[AWTStarter starter:]+0x389
C  [Foundation+0x76fde]  __NSThreadPerformPerform+0x117
C  [CoreFoundation+0xaa881]  __CFRUNLOOP_IS_CALLING_OUT_TO_A_SOURCE0_PERFORM_FUNCTION__+0x11
C  [CoreFoundation+0x89fbc]  __CFRunLoopDoSources0+0x22c
C  [CoreFoundation+0x894df]  __CFRunLoopRun+0x39f
C  [CoreFoundation+0x88ed8]  CFRunLoopRunSpecific+0x128
C  [java+0x6463]  CreateExecutionEnvironment+0x367
C  [java+0x21ac]  JLI_Launch+0x7a0
C  [java+0x84c0]  main+0x65
C  [java+0x1a04]  start+0x34
C  0x0000000000000007

Java frames: (J=compiled Java code, j=interpreted, Vv=VM code)
j  jogamp.nativewindow.jawt.macosx.MacOSXJAWTWindow.UnsetJAWTRootSurfaceLayer0(JJ)V+0
j  jogamp.nativewindow.jawt.macosx.MacOSXJAWTWindow.access$200(JJ)V+2
j  jogamp.nativewindow.jawt.macosx.MacOSXJAWTWindow$1.run()V+38
J 2117 C1 com.jogamp.common.util.RunnableTask.run()V (345 bytes) @ 0x0000000109496d54 [0x0000000109496bc0+0x194]
v  ~StubRoutines::call_stub

---------------  P R O C E S S  ---------------

Java Threads: ( => current thread )
  0x00007fc5ac4d5800 JavaThread "Thread-107" [_thread_blocked, id=35267, stack(0x000070000104a000,0x000070000114a000)]
  0x00007fc5abe9f000 JavaThread "Image Fetcher 2" daemon [_thread_blocked, id=71971, stack(0x0000700002186000,0x0000700002286000)]
  0x00007fc5ac3b3800 JavaThread "Image Fetcher 1" daemon [_thread_blocked, id=71427, stack(0x0000700002083000,0x0000700002183000)]
  0x00007fc5ac3b2800 JavaThread "Image Fetcher 0" daemon [_thread_blocked, id=70915, stack(0x0000700001f80000,0x0000700002080000)]
  0x00007fc5ac3b2000 JavaThread "Keep-Alive-Timer" daemon [_thread_blocked, id=70487, stack(0x0000700001e7d000,0x0000700001f7d000)]
  0x00007fc5acc9c800 JavaThread "AWT-EventQueue-1" [_thread_in_native, id=64303, stack(0x00007000018eb000,0x00007000019eb000)]
  0x00007fc5ac999800 JavaThread "DestroyJavaVM" [_thread_blocked, id=5379, stack(0x0000700000097000,0x0000700000197000)]
  0x00007fc5ac9d0800 JavaThread "AWT-EventQueue-0" [_thread_blocked, id=56579, stack(0x00007000016e5000,0x00007000017e5000)]
  0x00007fc5ab918800 JavaThread "Java2D Disposer" daemon [_thread_blocked, id=53251, stack(0x000070000145c000,0x000070000155c000)]
  0x00007fc5ac933800 JavaThread "Java2D Queue Flusher" daemon [_thread_blocked, id=50183, stack(0x0000700001359000,0x0000700001459000)]
  0x00007fc5ac196000 JavaThread "AWT-Shutdown" [_thread_blocked, id=29971, stack(0x00007000011d3000,0x00007000012d3000)]
=>0x00007fc5ab16e000 JavaThread "AWT-AppKit" daemon [_thread_in_native, id=2571, stack(0x00007fff5810f000,0x00007fff5890f000)]
  0x00007fc5ab834000 JavaThread "Service Thread" daemon [_thread_blocked, id=18435, stack(0x0000700000e44000,0x0000700000f44000)]
  0x00007fc5ac028000 JavaThread "C1 CompilerThread2" daemon [_thread_blocked, id=17923, stack(0x0000700000d41000,0x0000700000e41000)]
  0x00007fc5ab833800 JavaThread "C2 CompilerThread1" daemon [_thread_blocked, id=17411, stack(0x0000700000c3e000,0x0000700000d3e000)]
  0x00007fc5ab06e800 JavaThread "C2 CompilerThread0" daemon [_thread_blocked, id=16899, stack(0x0000700000b3b000,0x0000700000c3b000)]
  0x00007fc5ab800000 JavaThread "Signal Dispatcher" daemon [_thread_blocked, id=14095, stack(0x0000700000a38000,0x0000700000b38000)]
  0x00007fc5ab00d000 JavaThread "Finalizer" daemon [_thread_blocked, id=12291, stack(0x000070000082f000,0x000070000092f000)]
  0x00007fc5ab00c800 JavaThread "Reference Handler" daemon [_thread_blocked, id=11779, stack(0x000070000072c000,0x000070000082c000)]

Other Threads:
  0x00007fc5ac019000 VMThread [stack: 0x0000700000629000,0x0000700000729000] [id=11267]
  0x00007fc5ac827000 WatcherThread [stack: 0x0000700000f47000,0x0000700001047000] [id=18947]

VM state:not at safepoint (normal execution)

VM Mutex/Monitor currently owned by a thread: None

Heap:
 PSYoungGen      total 47104K, used 26992K [0x0000000795580000, 0x000000079b580000, 0x00000007c0000000)
  eden space 31744K, 45% used [0x0000000795580000,0x000000079639bf78,0x0000000797480000)
  from space 15360K, 81% used [0x0000000798480000,0x00000007990c02e0,0x0000000799380000)
  to   space 16384K, 0% used [0x0000000797480000,0x0000000797480000,0x0000000798480000)
 ParOldGen       total 87552K, used 26607K [0x0000000740000000, 0x0000000745580000, 0x0000000795580000)
  object space 87552K, 30% used [0x0000000740000000,0x00000007419fbd10,0x0000000745580000)
 Metaspace       used 20677K, capacity 20843K, committed 21120K, reserved 1069056K
  class space    used 2011K, capacity 2078K, committed 2176K, reserved 1048576K

Card table byte_map: [0x00000001181c0000,0x00000001185c1000] byte_map_base: 0x00000001147c0000

Marking Bits: (ParMarkBitMap*) 0x0000000107e53eb0
 Begin Bits: [0x000000011886c000, 0x000000011a86c000)
 End Bits:   [0x000000011a86c000, 0x000000011c86c000)

Polling page: 0x0000000108548000

CodeCache: size=245760Kb used=7982Kb max_used=7994Kb free=237777Kb
 bounds [0x0000000108e00000, 0x00000001095e0000, 0x0000000117e00000]
 total_blobs=3183 nmethods=2300 adapters=796
 compilation: enabled

Compilation events (10 events):
Event: 12.876 Thread 0x00007fc5ac028000 nmethod 2605 0x00000001095cb3d0 code [0x00000001095cb540, 0x00000001095cb778]
Event: 12.876 Thread 0x00007fc5ac028000 2606       1       sun.java2d.SurfaceData::isValid (5 bytes)
Event: 12.876 Thread 0x00007fc5ac028000 nmethod 2606 0x00000001095be750 code [0x00000001095be8a0, 0x00000001095be9b0]
Event: 12.879 Thread 0x00007fc5ab833800 2607  s!   4       sun.misc.URLClassPath::getLoader (197 bytes)
Event: 12.886 Thread 0x00007fc5ab833800 nmethod 2607 0x00000001095d1250 code [0x00000001095d13c0, 0x00000001095d1b98]
Event: 12.887 Thread 0x00007fc5ab06e800 2608  s    4       sun.misc.URLClassPath::getNextLoader (88 bytes)
Event: 12.888 Thread 0x00007fc5ac028000 2609       3       java.util.concurrent.atomic.AtomicBoolean::compareAndSet (35 bytes)
Event: 12.888 Thread 0x00007fc5ac028000 nmethod 2609 0x00000001095d3010 code [0x00000001095d3180, 0x00000001095d33b0]
Event: 12.889 Thread 0x00007fc5ac028000 2610       3       java.awt.Component::eventTypeEnabled (487 bytes)
Event: 12.891 Thread 0x00007fc5ac028000 nmethod 2610 0x00000001095d2390 code [0x00000001095d2540, 0x00000001095d2fb0]

GC Heap History (10 events):
Event: 4.515 GC heap before
{Heap before GC invocations=2 (full 0):
 PSYoungGen      total 38400K, used 38394K [0x0000000795580000, 0x0000000798000000, 0x00000007c0000000)
  eden space 33280K, 100% used [0x0000000795580000,0x0000000797600000,0x0000000797600000)
  from space 5120K, 99% used [0x0000000797600000,0x0000000797afeb80,0x0000000797b00000)
  to   space 5120K, 0% used [0x0000000797b00000,0x0000000797b00000,0x0000000798000000)
 ParOldGen       total 87552K, used 245K [0x0000000740000000, 0x0000000745580000, 0x0000000795580000)
  object space 87552K, 0% used [0x0000000740000000,0x000000074003d518,0x0000000745580000)
 Metaspace       used 19750K, capacity 20001K, committed 20352K, reserved 1067008K
  class space    used 1983K, capacity 2077K, committed 2176K, reserved 1048576K
Event: 4.530 GC heap after
Heap after GC invocations=2 (full 0):
 PSYoungGen      total 38400K, used 5106K [0x0000000795580000, 0x0000000798000000, 0x00000007c0000000)
  eden space 33280K, 0% used [0x0000000795580000,0x0000000795580000,0x0000000797600000)
  from space 5120K, 99% used [0x0000000797b00000,0x0000000797ffcb90,0x0000000798000000)
  to   space 5120K, 0% used [0x0000000797600000,0x0000000797600000,0x0000000797b00000)
 ParOldGen       total 87552K, used 9024K [0x0000000740000000, 0x0000000745580000, 0x0000000795580000)
  object space 87552K, 10% used [0x0000000740000000,0x00000007408d02e0,0x0000000745580000)
 Metaspace       used 19750K, capacity 20001K, committed 20352K, reserved 1067008K
  class space    used 1983K, capacity 2077K, committed 2176K, reserved 1048576K
}
Event: 7.424 GC heap before
{Heap before GC invocations=3 (full 0):
 PSYoungGen      total 38400K, used 38357K [0x0000000795580000, 0x0000000798000000, 0x00000007c0000000)
  eden space 33280K, 99% used [0x0000000795580000,0x00000007975f8a98,0x0000000797600000)
  from space 5120K, 99% used [0x0000000797b00000,0x0000000797ffcb90,0x0000000798000000)
  to   space 5120K, 0% used [0x0000000797600000,0x0000000797600000,0x0000000797b00000)
 ParOldGen       total 87552K, used 9024K [0x0000000740000000, 0x0000000745580000, 0x0000000795580000)
  object space 87552K, 10% used [0x0000000740000000,0x00000007408d02e0,0x0000000745580000)
 Metaspace       used 20279K, capacity 20459K, committed 20608K, reserved 1067008K
  class space    used 2004K, capacity 2078K, committed 2176K, reserved 1048576K
Event: 7.435 GC heap after
Heap after GC invocations=3 (full 0):
 PSYoungGen      total 38400K, used 5106K [0x0000000795580000, 0x0000000798000000, 0x00000007c0000000)
  eden space 33280K, 0% used [0x0000000795580000,0x0000000795580000,0x0000000797600000)
  from space 5120K, 99% used [0x0000000797600000,0x0000000797afcae0,0x0000000797b00000)
  to   space 5120K, 0% used [0x0000000797b00000,0x0000000797b00000,0x0000000798000000)
 ParOldGen       total 87552K, used 13694K [0x0000000740000000, 0x0000000745580000, 0x0000000795580000)
  object space 87552K, 15% used [0x0000000740000000,0x0000000740d5f898,0x0000000745580000)
 Metaspace       used 20279K, capacity 20459K, committed 20608K, reserved 1067008K
  class space    used 2004K, capacity 2078K, committed 2176K, reserved 1048576K
}
Event: 8.926 GC heap before
{Heap before GC invocations=4 (full 0):
 PSYoungGen      total 38400K, used 38251K [0x0000000795580000, 0x0000000798000000, 0x00000007c0000000)
  eden space 33280K, 99% used [0x0000000795580000,0x00000007975de260,0x0000000797600000)
  from space 5120K, 99% used [0x0000000797600000,0x0000000797afcae0,0x0000000797b00000)
  to   space 5120K, 0% used [0x0000000797b00000,0x0000000797b00000,0x0000000798000000)
 ParOldGen       total 87552K, used 13694K [0x0000000740000000, 0x0000000745580000, 0x0000000795580000)
  object space 87552K, 15% used [0x0000000740000000,0x0000000740d5f898,0x0000000745580000)
 Metaspace       used 20444K, capacity 20651K, committed 20864K, reserved 1069056K
  class space    used 2004K, capacity 2078K, committed 2176K, reserved 1048576K
Event: 8.936 GC heap after
Heap after GC invocations=4 (full 0):
 PSYoungGen      total 38400K, used 5106K [0x0000000795580000, 0x0000000798000000, 0x00000007c0000000)
  eden space 33280K, 0% used [0x0000000795580000,0x0000000795580000,0x0000000797600000)
  from space 5120K, 99% used [0x0000000797b00000,0x0000000797ffcae0,0x0000000798000000)
  to   space 5120K, 0% used [0x0000000797600000,0x0000000797600000,0x0000000797b00000)
 ParOldGen       total 87552K, used 20524K [0x0000000740000000, 0x0000000745580000, 0x0000000795580000)
  object space 87552K, 23% used [0x0000000740000000,0x000000074140b1d0,0x0000000745580000)
 Metaspace       used 20444K, capacity 20651K, committed 20864K, reserved 1069056K
  class space    used 2004K, capacity 2078K, committed 2176K, reserved 1048576K
}
Event: 11.042 GC heap before
{Heap before GC invocations=5 (full 0):
 PSYoungGen      total 38400K, used 38386K [0x0000000795580000, 0x0000000798000000, 0x00000007c0000000)
  eden space 33280K, 100% used [0x0000000795580000,0x0000000797600000,0x0000000797600000)
  from space 5120K, 99% used [0x0000000797b00000,0x0000000797ffcae0,0x0000000798000000)
  to   space 5120K, 0% used [0x0000000797600000,0x0000000797600000,0x0000000797b00000)
 ParOldGen       total 87552K, used 20524K [0x0000000740000000, 0x0000000745580000, 0x0000000795580000)
  object space 87552K, 23% used [0x0000000740000000,0x000000074140b1d0,0x0000000745580000)
 Metaspace       used 20573K, capacity 20779K, committed 21120K, reserved 1069056K
  class space    used 2004K, capacity 2078K, committed 2176K, reserved 1048576K
Event: 11.053 GC heap after
Heap after GC invocations=5 (full 0):
 PSYoungGen      total 37888K, used 5088K [0x0000000795580000, 0x0000000799380000, 0x00000007c0000000)
  eden space 32768K, 0% used [0x0000000795580000,0x0000000795580000,0x0000000797580000)
  from space 5120K, 99% used [0x0000000797600000,0x0000000797af8110,0x0000000797b00000)
  to   space 15360K, 0% used [0x0000000798480000,0x0000000798480000,0x0000000799380000)
 ParOldGen       total 87552K, used 26599K [0x0000000740000000, 0x0000000745580000, 0x0000000795580000)
  object space 87552K, 30% used [0x0000000740000000,0x00000007419f9d10,0x0000000745580000)
 Metaspace       used 20573K, capacity 20779K, committed 21120K, reserved 1069056K
  class space    used 2004K, capacity 2078K, committed 2176K, reserved 1048576K
}
Event: 11.493 GC heap before
{Heap before GC invocations=6 (full 0):
 PSYoungGen      total 37888K, used 37856K [0x0000000795580000, 0x0000000799380000, 0x00000007c0000000)
  eden space 32768K, 100% used [0x0000000795580000,0x0000000797580000,0x0000000797580000)
  from space 5120K, 99% used [0x0000000797600000,0x0000000797af8110,0x0000000797b00000)
  to   space 15360K, 0% used [0x0000000798480000,0x0000000798480000,0x0000000799380000)
 ParOldGen       total 87552K, used 26599K [0x0000000740000000, 0x0000000745580000, 0x0000000795580000)
  object space 87552K, 30% used [0x0000000740000000,0x00000007419f9d10,0x0000000745580000)
 Metaspace       used 20620K, capacity 20779K, committed 21120K, reserved 1069056K
  class space    used 2004K, capacity 2078K, committed 2176K, reserved 1048576K
Event: 11.507 GC heap after
Heap after GC invocations=6 (full 0):
 PSYoungGen      total 47104K, used 12544K [0x0000000795580000, 0x000000079b580000, 0x00000007c0000000)
  eden space 31744K, 0% used [0x0000000795580000,0x0000000795580000,0x0000000797480000)
  from space 15360K, 81% used [0x0000000798480000,0x00000007990c02e0,0x0000000799380000)
  to   space 16384K, 0% used [0x0000000797480000,0x0000000797480000,0x0000000798480000)
 ParOldGen       total 87552K, used 26607K [0x0000000740000000, 0x0000000745580000, 0x0000000795580000)
  object space 87552K, 30% used [0x0000000740000000,0x00000007419fbd10,0x0000000745580000)
 Metaspace       used 20620K, capacity 20779K, committed 21120K, reserved 1069056K
  class space    used 2004K, capacity 2078K, committed 2176K, reserved 1048576K
}

Deoptimization events (10 events):
Event: 10.809 Thread 0x00007fc5acc9c800 Uncommon trap: reason=unstable_if action=reinterpret pc=0x000000010937e848 method=sun.misc.FloatingDecimal$BinaryToASCIIBuffer.developLongDigits(IJI)V @ 129
Event: 10.809 Thread 0x00007fc5acc9c800 Uncommon trap: reason=unstable_if action=reinterpret pc=0x000000010936b178 method=java.text.DigitList.getDataChars(I)[C @ 13
Event: 10.809 Thread 0x00007fc5acc9c800 Uncommon trap: reason=unstable_if action=reinterpret pc=0x000000010938cab4 method=java.text.DecimalFormat.subformat(Ljava/lang/StringBuffer;Ljava/text/Format$FieldDelegate;ZZIIII)Ljava/lang/StringBuffer; @ 753
Event: 10.809 Thread 0x00007fc5acc9c800 Uncommon trap: reason=unstable_if action=reinterpret pc=0x000000010937dea0 method=sun.misc.FloatingDecimal$BinaryToASCIIBuffer.developLongDigits(IJI)V @ 129
Event: 10.809 Thread 0x00007fc5acc9c800 Uncommon trap: reason=unstable_if action=reinterpret pc=0x000000010937d1f4 method=sun.misc.FloatingDecimal$BinaryToASCIIBuffer.getChars([C)I @ 94
Event: 10.826 Thread 0x00007fc5acc9c800 Uncommon trap: reason=unstable_if action=reinterpret pc=0x000000010937e274 method=java.lang.Long.numberOfTrailingZeros(J)I @ 44
Event: 12.827 Thread 0x00007fc5acc9c800 Uncommon trap: reason=unstable_if action=reinterpret pc=0x0000000109487468 method=com.jogamp.common.util.VersionNumber.compareTo(Lcom/jogamp/common/util/VersionNumber;)I @ 21
Event: 12.874 Thread 0x00007fc5ab920800 Uncommon trap: reason=unstable_if action=reinterpret pc=0x00000001092c64a0 method=java.util.HashMap.putVal(ILjava/lang/Object;Ljava/lang/Object;ZZ)Ljava/lang/Object; @ 81
Event: 12.874 Thread 0x00007fc5ab920800 Uncommon trap: reason=unstable_if action=reinterpret pc=0x0000000109281930 method=java.util.HashMap.putVal(ILjava/lang/Object;Ljava/lang/Object;ZZ)Ljava/lang/Object; @ 81
Event: 12.889 Thread 0x00007fc5acc9c800 Uncommon trap: reason=unstable_if action=reinterpret pc=0x000000010951d03c method=java.security.AccessControlContext.optimize()Ljava/security/AccessControlContext; @ 233

Internal exceptions (10 events):
Event: 0.220 Thread 0x00007fc5ac006800 Exception <a 'java/lang/NoSuchFieldError': method resolution failed> (0x00000007957d36d8) thrown at [/Users/java_re/workspace/8-2-build-macosx-x86_64/jdk8u91/6644/hotspot/src/share/vm/prims/methodHandles.cpp, line 1146]
Event: 0.223 Thread 0x00007fc5ac006800 Exception <a 'java/lang/NoSuchFieldError': method resolution failed> (0x00000007957e0ea8) thrown at [/Users/java_re/workspace/8-2-build-macosx-x86_64/jdk8u91/6644/hotspot/src/share/vm/prims/methodHandles.cpp, line 1146]
Event: 0.423 Thread 0x00007fc5ac006800 Exception <a 'java/io/FileNotFoundException'> (0x000000079585cc18) thrown at [/Users/java_re/workspace/8-2-build-macosx-x86_64/jdk8u91/6644/hotspot/src/share/vm/prims/jni.cpp, line 709]
Event: 0.423 Thread 0x00007fc5ac006800 Exception <a 'java/io/FileNotFoundException'> (0x000000079585d760) thrown at [/Users/java_re/workspace/8-2-build-macosx-x86_64/jdk8u91/6644/hotspot/src/share/vm/prims/jni.cpp, line 709]
Event: 0.548 Thread 0x00007fc5ac006800 Exception <a 'java/io/FileNotFoundException'> (0x0000000795a419e8) thrown at [/Users/java_re/workspace/8-2-build-macosx-x86_64/jdk8u91/6644/hotspot/src/share/vm/prims/jni.cpp, line 709]
Event: 2.704 Thread 0x00007fc5acc73800 Exception <a 'java/lang/UnsatisfiedLinkError': com.jogamp.common.util.JarUtil.fixNativeLibAttribs(Ljava/lang/String;)Z> (0x0000000796c3f490) thrown at [/Users/java_re/workspace/8-2-build-macosx-x86_64/jdk8u91/6644/hotspot/src/share/vm/prims/nativeLookup.c
Event: 2.941 Thread 0x00007fc5ab00d000 Exception <a 'java/lang/NullPointerException'> (0x00000007956a5808) thrown at [/Users/java_re/workspace/8-2-build-macosx-x86_64/jdk8u91/6644/hotspot/src/share/vm/interpreter/linkResolver.cpp, line 1178]
Event: 3.560 Thread 0x00007fc5acc9c800 Exception <a 'java/io/FileNotFoundException'> (0x0000000796156c50) thrown at [/Users/java_re/workspace/8-2-build-macosx-x86_64/jdk8u91/6644/hotspot/src/share/vm/prims/jni.cpp, line 709]
Event: 3.560 Thread 0x00007fc5acc9c800 Exception <a 'java/io/FileNotFoundException'> (0x000000079615de40) thrown at [/Users/java_re/workspace/8-2-build-macosx-x86_64/jdk8u91/6644/hotspot/src/share/vm/prims/jni.cpp, line 709]
Event: 3.561 Thread 0x00007fc5acc9c800 Implicit null exception at 0x0000000108facc35 to 0x0000000108facf99

Events (10 events):
Event: 12.889 Thread 0x00007fc5acc9c800 Uncommon trap: trap_request=0xffffff65 fr.pc=0x000000010951d03c
Event: 12.889 Thread 0x00007fc5acc9c800 DEOPT PACKING pc=0x000000010951d03c sp=0x00007000019e88b0
Event: 12.889 Thread 0x00007fc5acc9c800 DEOPT UNPACKING pc=0x0000000108e05229 sp=0x00007000019e8880 mode 2
Event: 12.890 loading class java/awt/LightweightDispatcher$2
Event: 12.890 loading class java/awt/LightweightDispatcher$2 done
Event: 12.890 loading class java/awt/event/AWTEventListenerProxy
Event: 12.890 loading class java/awt/event/AWTEventListenerProxy done
Event: 12.891 loading class java/awt/Toolkit$ToolkitEventMulticaster
Event: 12.891 loading class java/awt/Toolkit$ToolkitEventMulticaster done
Event: 12.892 Thread 0x00007fc5ab920800 Thread exited: 0x00007fc5ab920800


Dynamic libraries:
0x0000000000b8b000 	/System/Library/Frameworks/Cocoa.framework/Versions/A/Cocoa
0x0000000000b8b000 	/System/Library/Frameworks/Security.framework/Versions/A/Security
0x0000000000b8b000 	/System/Library/Frameworks/ApplicationServices.framework/Versions/A/ApplicationServices
0x0000000000b8b000 	/usr/lib/libz.1.dylib
0x0000000000b8b000 	/usr/lib/libSystem.B.dylib
0x0000000000b8b000 	/usr/lib/libobjc.A.dylib
0x0000000000b8b000 	/System/Library/Frameworks/CoreFoundation.framework/Versions/A/CoreFoundation
0x0000000000b8b000 	/System/Library/Frameworks/Foundation.framework/Versions/C/Foundation
0x0000000000b8b000 	/System/Library/Frameworks/AppKit.framework/Versions/C/AppKit
0x0000000000b8b000 	/System/Library/Frameworks/CoreData.framework/Versions/A/CoreData
0x0000000000b8b000 	/System/Library/PrivateFrameworks/RemoteViewServices.framework/Versions/A/RemoteViewServices
0x0000000000b8b000 	/System/Library/PrivateFrameworks/UIFoundation.framework/Versions/A/UIFoundation
0x0000000000b8b000 	/usr/lib/libScreenReader.dylib
0x0000000000b8b000 	/System/Library/Frameworks/Accelerate.framework/Versions/A/Accelerate
0x0000000000b8b000 	/System/Library/Frameworks/IOSurface.framework/Versions/A/IOSurface
0x0000000000b8b000 	/System/Library/Frameworks/AudioToolbox.framework/Versions/A/AudioToolbox
0x0000000000b8b000 	/System/Library/Frameworks/AudioUnit.framework/Versions/A/AudioUnit
0x0000000000b8b000 	/System/Library/PrivateFrameworks/DataDetectorsCore.framework/Versions/A/DataDetectorsCore
0x0000000000b8b000 	/System/Library/PrivateFrameworks/DesktopServicesPriv.framework/Versions/A/DesktopServicesPriv
0x0000000000b8b000 	/System/Library/Frameworks/Carbon.framework/Versions/A/Frameworks/HIToolbox.framework/Versions/A/HIToolbox
0x0000000000b8b000 	/System/Library/Frameworks/QuartzCore.framework/Versions/A/QuartzCore
0x0000000000b8b000 	/System/Library/Frameworks/Carbon.framework/Versions/A/Frameworks/SpeechRecognition.framework/Versions/A/SpeechRecognition
0x0000000000b8b000 	/usr/lib/libauto.dylib
0x0000000000b8b000 	/usr/lib/libicucore.A.dylib
0x0000000000b8b000 	/usr/lib/libxml2.2.dylib
0x0000000000b8b000 	/System/Library/PrivateFrameworks/CoreUI.framework/Versions/A/CoreUI
0x0000000000b8b000 	/System/Library/Frameworks/CoreAudio.framework/Versions/A/CoreAudio
0x0000000000b8b000 	/System/Library/Frameworks/DiskArbitration.framework/Versions/A/DiskArbitration
0x0000000000b8b000 	/usr/lib/liblangid.dylib
0x0000000000b8b000 	/System/Library/PrivateFrameworks/MultitouchSupport.framework/Versions/A/MultitouchSupport
0x0000000000b8b000 	/System/Library/Frameworks/IOKit.framework/Versions/A/IOKit
0x0000000000b8b000 	/usr/lib/libDiagnosticMessagesClient.dylib
0x0000000000b8b000 	/System/Library/Frameworks/CoreServices.framework/Versions/A/CoreServices
0x0000000000b8b000 	/System/Library/PrivateFrameworks/PerformanceAnalysis.framework/Versions/A/PerformanceAnalysis
0x0000000000b8b000 	/System/Library/PrivateFrameworks/GenerationalStorage.framework/Versions/A/GenerationalStorage
0x0000000000b8b000 	/System/Library/Frameworks/OpenGL.framework/Versions/A/OpenGL
0x0000000000b8b000 	/System/Library/PrivateFrameworks/Sharing.framework/Versions/A/Sharing
0x0000000000b8b000 	/System/Library/Frameworks/CoreGraphics.framework/Versions/A/CoreGraphics
0x0000000000b8b000 	/System/Library/Frameworks/CoreImage.framework/Versions/A/CoreImage
0x0000000000b8b000 	/System/Library/Frameworks/CoreText.framework/Versions/A/CoreText
0x0000000000b8b000 	/System/Library/Frameworks/ImageIO.framework/Versions/A/ImageIO
0x0000000000b8b000 	/System/Library/PrivateFrameworks/Backup.framework/Versions/A/Backup
0x0000000000b8b000 	/usr/lib/libextension.dylib
0x0000000000b8b000 	/usr/lib/libarchive.2.dylib
0x0000000000b8b000 	/System/Library/Frameworks/CFNetwork.framework/Versions/A/CFNetwork
0x0000000000b8b000 	/System/Library/Frameworks/SystemConfiguration.framework/Versions/A/SystemConfiguration
0x0000000000b8b000 	/usr/lib/libCRFSuite.dylib
0x0000000000b8b000 	/usr/lib/libc++.1.dylib
0x0000000000b8b000 	/usr/lib/libc++abi.dylib
0x0000000000b8b000 	/usr/lib/system/libcache.dylib
0x0000000000b8b000 	/usr/lib/system/libcommonCrypto.dylib
0x0000000000b8b000 	/usr/lib/system/libcompiler_rt.dylib
0x0000000000b8b000 	/usr/lib/system/libcopyfile.dylib
0x0000000000b8b000 	/usr/lib/system/libcorecrypto.dylib
0x0000000000b8b000 	/usr/lib/system/libdispatch.dylib
0x0000000000b8b000 	/usr/lib/system/libdyld.dylib
0x0000000000b8b000 	/usr/lib/system/libkeymgr.dylib
0x0000000000b8b000 	/usr/lib/system/liblaunch.dylib
0x0000000000b8b000 	/usr/lib/system/libmacho.dylib
0x0000000000b8b000 	/usr/lib/system/libquarantine.dylib
0x0000000000b8b000 	/usr/lib/system/libremovefile.dylib
0x0000000000b8b000 	/usr/lib/system/libsystem_asl.dylib
0x0000000000b8b000 	/usr/lib/system/libsystem_blocks.dylib
0x0000000000b8b000 	/usr/lib/system/libsystem_c.dylib
0x0000000000b8b000 	/usr/lib/system/libsystem_configuration.dylib
0x0000000000b8b000 	/usr/lib/system/libsystem_coreservices.dylib
0x0000000000b8b000 	/usr/lib/system/libsystem_coretls.dylib
0x0000000000b8b000 	/usr/lib/system/libsystem_dnssd.dylib
0x0000000000b8b000 	/usr/lib/system/libsystem_info.dylib
0x0000000000b8b000 	/usr/lib/system/libsystem_kernel.dylib
0x0000000000b8b000 	/usr/lib/system/libsystem_m.dylib
0x0000000000b8b000 	/usr/lib/system/libsystem_malloc.dylib
0x0000000000b8b000 	/usr/lib/system/libsystem_network.dylib
0x0000000000b8b000 	/usr/lib/system/libsystem_networkextension.dylib
0x0000000000b8b000 	/usr/lib/system/libsystem_notify.dylib
0x0000000000b8b000 	/usr/lib/system/libsystem_platform.dylib
0x0000000000b8b000 	/usr/lib/system/libsystem_pthread.dylib
0x0000000000b8b000 	/usr/lib/system/libsystem_sandbox.dylib
0x0000000000b8b000 	/usr/lib/system/libsystem_secinit.dylib
0x0000000000b8b000 	/usr/lib/system/libsystem_trace.dylib
0x0000000000b8b000 	/usr/lib/system/libunc.dylib
0x0000000000b8b000 	/usr/lib/system/libunwind.dylib
0x0000000000b8b000 	/usr/lib/system/libxpc.dylib
0x0000000000b8b000 	/usr/lib/libenergytrace.dylib
0x0000000000b8b000 	/usr/lib/libbsm.0.dylib
0x0000000000b8b000 	/usr/lib/system/libkxld.dylib
0x0000000000b8b000 	/usr/lib/libxar.1.dylib
0x0000000000b8b000 	/usr/lib/libsqlite3.dylib
0x0000000000b8b000 	/usr/lib/libpam.2.dylib
0x0000000000b8b000 	/usr/lib/libOpenScriptingUtil.dylib
0x0000000000b8b000 	/usr/lib/libbz2.1.0.dylib
0x0000000000b8b000 	/usr/lib/liblzma.5.dylib
0x0000000000b8b000 	/System/Library/Frameworks/CoreServices.framework/Versions/A/Frameworks/FSEvents.framework/Versions/A/FSEvents
0x0000000000b8b000 	/System/Library/Frameworks/CoreServices.framework/Versions/A/Frameworks/CarbonCore.framework/Versions/A/CarbonCore
0x0000000000b8b000 	/System/Library/Frameworks/CoreServices.framework/Versions/A/Frameworks/Metadata.framework/Versions/A/Metadata
0x0000000000b8b000 	/System/Library/Frameworks/CoreServices.framework/Versions/A/Frameworks/OSServices.framework/Versions/A/OSServices
0x0000000000b8b000 	/System/Library/Frameworks/CoreServices.framework/Versions/A/Frameworks/SearchKit.framework/Versions/A/SearchKit
0x0000000000b8b000 	/System/Library/Frameworks/CoreServices.framework/Versions/A/Frameworks/AE.framework/Versions/A/AE
0x0000000000b8b000 	/System/Library/Frameworks/CoreServices.framework/Versions/A/Frameworks/LaunchServices.framework/Versions/A/LaunchServices
0x0000000000b8b000 	/System/Library/Frameworks/CoreServices.framework/Versions/A/Frameworks/DictionaryServices.framework/Versions/A/DictionaryServices
0x0000000000b8b000 	/System/Library/Frameworks/CoreServices.framework/Versions/A/Frameworks/SharedFileList.framework/Versions/A/SharedFileList
0x0000000000b8b000 	/System/Library/Frameworks/NetFS.framework/Versions/A/NetFS
0x0000000000b8b000 	/System/Library/PrivateFrameworks/NetAuth.framework/Versions/A/NetAuth
0x0000000000b8b000 	/System/Library/PrivateFrameworks/login.framework/Versions/A/Frameworks/loginsupport.framework/Versions/A/loginsupport
0x0000000000b8b000 	/System/Library/PrivateFrameworks/TCC.framework/Versions/A/TCC
0x0000000000b8b000 	/usr/lib/libmecabra.dylib
0x0000000000b8b000 	/System/Library/Frameworks/ApplicationServices.framework/Versions/A/Frameworks/ATS.framework/Versions/A/ATS
0x0000000000b8b000 	/System/Library/Frameworks/ApplicationServices.framework/Versions/A/Frameworks/ColorSync.framework/Versions/A/ColorSync
0x0000000000b8b000 	/System/Library/Frameworks/ApplicationServices.framework/Versions/A/Frameworks/HIServices.framework/Versions/A/HIServices
0x0000000000b8b000 	/System/Library/Frameworks/ApplicationServices.framework/Versions/A/Frameworks/LangAnalysis.framework/Versions/A/LangAnalysis
0x0000000000b8b000 	/System/Library/Frameworks/ApplicationServices.framework/Versions/A/Frameworks/PrintCore.framework/Versions/A/PrintCore
0x0000000000b8b000 	/System/Library/Frameworks/ApplicationServices.framework/Versions/A/Frameworks/QD.framework/Versions/A/QD
0x0000000000b8b000 	/System/Library/Frameworks/ApplicationServices.framework/Versions/A/Frameworks/SpeechSynthesis.framework/Versions/A/SpeechSynthesis
0x0000000000b8b000 	/System/Library/Frameworks/Metal.framework/Versions/A/Metal
0x0000000000b8b000 	/System/Library/Frameworks/Accelerate.framework/Versions/A/Frameworks/vImage.framework/Versions/A/vImage
0x0000000000b8b000 	/System/Library/Frameworks/Accelerate.framework/Versions/A/Frameworks/vecLib.framework/Versions/A/vecLib
0x0000000000b8b000 	/System/Library/Frameworks/Accelerate.framework/Versions/A/Frameworks/vecLib.framework/Versions/A/libvDSP.dylib
0x0000000000b8b000 	/System/Library/Frameworks/Accelerate.framework/Versions/A/Frameworks/vecLib.framework/Versions/A/libvMisc.dylib
0x0000000000b8b000 	/System/Library/Frameworks/Accelerate.framework/Versions/A/Frameworks/vecLib.framework/Versions/A/libLAPACK.dylib
0x0000000000b8b000 	/System/Library/Frameworks/Accelerate.framework/Versions/A/Frameworks/vecLib.framework/Versions/A/libBLAS.dylib
0x0000000000b8b000 	/System/Library/Frameworks/Accelerate.framework/Versions/A/Frameworks/vecLib.framework/Versions/A/libLinearAlgebra.dylib
0x0000000000b8b000 	/System/Library/Frameworks/Accelerate.framework/Versions/A/Frameworks/vecLib.framework/Versions/A/libSparseBLAS.dylib
0x0000000000b8b000 	/System/Library/PrivateFrameworks/GPUCompiler.framework/libmetal_timestamp.dylib
0x0000000000b8b000 	/System/Library/Frameworks/OpenGL.framework/Versions/A/Libraries/libCoreFSCache.dylib
0x0000000000b8b000 	/System/Library/PrivateFrameworks/IOAccelerator.framework/Versions/A/IOAccelerator
0x0000000000b8b000 	/System/Library/Frameworks/ApplicationServices.framework/Versions/A/Frameworks/ATS.framework/Versions/A/Resources/libFontParser.dylib
0x0000000000b8b000 	/System/Library/Frameworks/ApplicationServices.framework/Versions/A/Frameworks/ATS.framework/Versions/A/Resources/libFontRegistry.dylib
0x0000000000b8b000 	/System/Library/PrivateFrameworks/AppleVPA.framework/Versions/A/AppleVPA
0x0000000000b8b000 	/System/Library/PrivateFrameworks/AppleJPEG.framework/Versions/A/AppleJPEG
0x0000000000b8b000 	/System/Library/Frameworks/ImageIO.framework/Versions/A/Resources/libJPEG.dylib
0x0000000000b8b000 	/System/Library/Frameworks/ImageIO.framework/Versions/A/Resources/libTIFF.dylib
0x0000000000b8b000 	/System/Library/Frameworks/ImageIO.framework/Versions/A/Resources/libPng.dylib
0x0000000000b8b000 	/System/Library/Frameworks/ImageIO.framework/Versions/A/Resources/libGIF.dylib
0x0000000000b8b000 	/System/Library/Frameworks/ImageIO.framework/Versions/A/Resources/libJP2.dylib
0x0000000000b8b000 	/System/Library/Frameworks/ImageIO.framework/Versions/A/Resources/libRadiance.dylib
0x0000000000b8b000 	/System/Library/Frameworks/CoreVideo.framework/Versions/A/CoreVideo
0x0000000000b8b000 	/System/Library/Frameworks/OpenGL.framework/Versions/A/Libraries/libGLU.dylib
0x0000000000b8b000 	/System/Library/Frameworks/OpenGL.framework/Versions/A/Libraries/libGFXShared.dylib
0x0000000000b8b000 	/System/Library/Frameworks/OpenGL.framework/Versions/A/Libraries/libGL.dylib
0x0000000000b8b000 	/System/Library/Frameworks/OpenGL.framework/Versions/A/Libraries/libGLImage.dylib
0x0000000000b8b000 	/System/Library/Frameworks/OpenGL.framework/Versions/A/Libraries/libCVMSPluginSupport.dylib
0x0000000000b8b000 	/System/Library/Frameworks/OpenGL.framework/Versions/A/Libraries/libCoreVMClient.dylib
0x0000000000b8b000 	/usr/lib/libcompression.dylib
0x0000000000b8b000 	/usr/lib/libcups.2.dylib
0x0000000000b8b000 	/System/Library/Frameworks/Kerberos.framework/Versions/A/Kerberos
0x0000000000b8b000 	/System/Library/Frameworks/GSS.framework/Versions/A/GSS
0x0000000000b8b000 	/usr/lib/libresolv.9.dylib
0x0000000000b8b000 	/usr/lib/libiconv.2.dylib
0x0000000000b8b000 	/System/Library/PrivateFrameworks/Heimdal.framework/Versions/A/Heimdal
0x0000000000b8b000 	/usr/lib/libheimdal-asn1.dylib
0x0000000000b8b000 	/System/Library/Frameworks/OpenDirectory.framework/Versions/A/OpenDirectory
0x0000000000b8b000 	/System/Library/PrivateFrameworks/CommonAuth.framework/Versions/A/CommonAuth
0x0000000000b8b000 	/System/Library/Frameworks/OpenDirectory.framework/Versions/A/Frameworks/CFOpenDirectory.framework/Versions/A/CFOpenDirectory
0x0000000000b8b000 	/System/Library/Frameworks/SecurityFoundation.framework/Versions/A/SecurityFoundation
0x0000000000b8b000 	/System/Library/PrivateFrameworks/LanguageModeling.framework/Versions/A/LanguageModeling
0x0000000000b8b000 	/usr/lib/libmarisa.dylib
0x0000000000b8b000 	/usr/lib/libChineseTokenizer.dylib
0x0000000000b8b000 	/usr/lib/libcmph.dylib
0x0000000000b8b000 	/System/Library/Frameworks/ServiceManagement.framework/Versions/A/ServiceManagement
0x0000000000b8b000 	/usr/lib/libxslt.1.dylib
0x0000000000b8b000 	/System/Library/Frameworks/Carbon.framework/Versions/A/Frameworks/Ink.framework/Versions/A/Ink
0x0000000000b8b000 	/usr/lib/libFosl_dynamic.dylib
0x0000000000b8b000 	/System/Library/PrivateFrameworks/FaceCore.framework/Versions/A/FaceCore
0x0000000000b8b000 	/System/Library/Frameworks/OpenCL.framework/Versions/A/OpenCL
0x0000000000b8b000 	/System/Library/PrivateFrameworks/CrashReporterSupport.framework/Versions/A/CrashReporterSupport
0x0000000000b8b000 	/System/Library/PrivateFrameworks/IconServices.framework/Versions/A/IconServices
0x0000000000b8b000 	/System/Library/PrivateFrameworks/Apple80211.framework/Versions/A/Apple80211
0x0000000000b8b000 	/System/Library/Frameworks/CoreWLAN.framework/Versions/A/CoreWLAN
0x0000000000b8b000 	/System/Library/Frameworks/IOBluetooth.framework/Versions/A/IOBluetooth
0x0000000000b8b000 	/System/Library/PrivateFrameworks/CoreWiFi.framework/Versions/A/CoreWiFi
0x0000000000b8b000 	/System/Library/Frameworks/CoreBluetooth.framework/Versions/A/CoreBluetooth
0x0000000000b8b000 	/System/Library/PrivateFrameworks/ChunkingLibrary.framework/Versions/A/ChunkingLibrary
0x0000000000b8b000 	/System/Library/PrivateFrameworks/DebugSymbols.framework/Versions/A/DebugSymbols
0x0000000000b8b000 	/System/Library/PrivateFrameworks/CoreSymbolication.framework/Versions/A/CoreSymbolication
0x0000000000b8b000 	/System/Library/PrivateFrameworks/Symbolication.framework/Versions/A/Symbolication
0x0000000000b8b000 	/System/Library/PrivateFrameworks/SpeechRecognitionCore.framework/Versions/A/SpeechRecognitionCore
0x000000010756d000 	/Library/Java/JavaVirtualMachines/jdk1.8.0_91.jdk/Contents/Home/jre/lib/server/libjvm.dylib
0x0000000000b8b000 	/usr/lib/libstdc++.6.dylib
0x0000000108505000 	/Library/Java/JavaVirtualMachines/jdk1.8.0_91.jdk/Contents/Home/jre/lib/libverify.dylib
0x0000000108513000 	/Library/Java/JavaVirtualMachines/jdk1.8.0_91.jdk/Contents/Home/jre/lib/libjava.dylib
0x0000000108552000 	/Library/Java/JavaVirtualMachines/jdk1.8.0_91.jdk/Contents/Home/jre/lib/libzip.dylib
0x000000011e6c1000 	/System/Library/Frameworks/JavaVM.framework/Frameworks/JavaRuntimeSupport.framework/JavaRuntimeSupport
0x000000011e6dc000 	/System/Library/Frameworks/JavaVM.framework/Versions/A/Frameworks/JavaNativeFoundation.framework/Versions/A/JavaNativeFoundation
0x000000011e6f1000 	/System/Library/Frameworks/JavaVM.framework/Versions/A/JavaVM
0x0000000000b8b000 	/System/Library/Frameworks/Carbon.framework/Versions/A/Carbon
0x000000011e6fe000 	/System/Library/PrivateFrameworks/JavaLaunching.framework/Versions/A/JavaLaunching
0x0000000000b8b000 	/System/Library/Frameworks/Carbon.framework/Versions/A/Frameworks/CommonPanels.framework/Versions/A/CommonPanels
0x0000000000b8b000 	/System/Library/Frameworks/Carbon.framework/Versions/A/Frameworks/Help.framework/Versions/A/Help
0x0000000000b8b000 	/System/Library/Frameworks/Carbon.framework/Versions/A/Frameworks/ImageCapture.framework/Versions/A/ImageCapture
0x0000000000b8b000 	/System/Library/Frameworks/Carbon.framework/Versions/A/Frameworks/OpenScripting.framework/Versions/A/OpenScripting
0x0000000000b8b000 	/System/Library/Frameworks/Carbon.framework/Versions/A/Frameworks/Print.framework/Versions/A/Print
0x0000000000b8b000 	/System/Library/Frameworks/Carbon.framework/Versions/A/Frameworks/SecurityHI.framework/Versions/A/SecurityHI
0x000000012005a000 	/Library/Java/JavaVirtualMachines/jdk1.8.0_91.jdk/Contents/Home/jre/lib/libawt.dylib
0x0000000120102000 	/Library/Java/JavaVirtualMachines/jdk1.8.0_91.jdk/Contents/Home/jre/lib/./libmlib_image.dylib
0x00000001201ce000 	/Library/Java/JavaVirtualMachines/jdk1.8.0_91.jdk/Contents/Home/jre/lib/libawt_lwawt.dylib
0x0000000120283000 	/Library/Java/JavaVirtualMachines/jdk1.8.0_91.jdk/Contents/Home/jre/lib/./libosxapp.dylib
0x0000000000b8b000 	/System/Library/Frameworks/ExceptionHandling.framework/Versions/A/ExceptionHandling
0x0000000000b8b000 	/System/Library/PrivateFrameworks/CoreServicesInternal.framework/Versions/A/CoreServicesInternal
0x0000000000b8b000 	/System/Library/Frameworks/CoreGraphics.framework/Versions/A/Resources/libRIP.A.dylib
0x0000000000b8b000 	/System/Library/Frameworks/Accelerate.framework/Versions/A/Frameworks/vImage.framework/Versions/A/Libraries/libCGInterfaces.dylib
0x0000000000b8b000 	/System/Library/Frameworks/CoreGraphics.framework/Versions/A/Resources/libCGXType.A.dylib
0x0000000000b8b000 	/System/Library/Frameworks/OpenCL.framework/Versions/A/Libraries/libcldcpuengine.dylib
0x0000000000b8b000 	/System/Library/PrivateFrameworks/DiskImages.framework/Versions/A/DiskImages
0x0000000000b8b000 	/System/Library/Frameworks/DiscRecording.framework/Versions/A/DiscRecording
0x0000000000b8b000 	/usr/lib/libcsfde.dylib
0x0000000000b8b000 	/usr/lib/libcurl.4.dylib
0x0000000000b8b000 	/System/Library/PrivateFrameworks/MediaKit.framework/Versions/A/MediaKit
0x0000000000b8b000 	/System/Library/PrivateFrameworks/ProtectedCloudStorage.framework/Versions/A/ProtectedCloudStorage
0x0000000000b8b000 	/usr/lib/libCoreStorage.dylib
0x0000000000b8b000 	/System/Library/PrivateFrameworks/EFILogin.framework/Versions/A/EFILogin
0x0000000000b8b000 	/usr/lib/libutil.dylib
0x0000000000b8b000 	/System/Library/PrivateFrameworks/FindMyDevice.framework/Versions/A/FindMyDevice
0x0000000000b8b000 	/System/Library/Frameworks/LDAP.framework/Versions/A/LDAP
0x0000000000b8b000 	/usr/lib/libsasl2.2.dylib
0x0000000000b8b000 	/System/Library/PrivateFrameworks/CoreDaemon.framework/Versions/B/CoreDaemon
0x0000000000b8b000 	/usr/lib/libcrypto.0.9.8.dylib
0x0000000000b8b000 	/System/Library/PrivateFrameworks/AppleSRP.framework/Versions/A/AppleSRP
0x0000000000b8b000 	/System/Library/PrivateFrameworks/TrustEvaluationAgent.framework/Versions/A/TrustEvaluationAgent
0x00000001222bc000 	cl_kernels
0x0000000000b8b000 	/System/Library/Frameworks/OpenCL.framework/Versions/A/Libraries/ImageFormats/unorm8_bgra.dylib
0x0000000000b8b000 	/System/Library/Frameworks/OpenCL.framework/Versions/A/Libraries/ImageFormats/unorm8_rgba.dylib
0x0000000000b8b000 	/System/Library/PrivateFrameworks/FamilyControls.framework/Versions/A/FamilyControls
0x0000000000b8b000 	/System/Library/PrivateFrameworks/CommerceKit.framework/Versions/A/Frameworks/CommerceCore.framework/Versions/A/CommerceCore
0x0000000000b8b000 	/System/Library/PrivateFrameworks/SystemAdministration.framework/Versions/A/SystemAdministration
0x0000000000b8b000 	/System/Library/PrivateFrameworks/AppContainer.framework/Versions/A/AppContainer
0x0000000000b8b000 	/System/Library/PrivateFrameworks/SecCodeWrapper.framework/Versions/A/SecCodeWrapper
0x0000000000b8b000 	/System/Library/Frameworks/DirectoryService.framework/Versions/A/DirectoryService
0x0000000000b8b000 	/System/Library/PrivateFrameworks/LoginUIKit.framework/Versions/A/Frameworks/LoginUICore.framework/Versions/A/LoginUICore
0x0000000000b8b000 	/usr/lib/libodfde.dylib
0x0000000000b8b000 	/System/Library/Frameworks/OpenGL.framework/Versions/A/Resources/GLEngine.bundle/GLEngine
0x0000000000b8b000 	/System/Library/Frameworks/OpenGL.framework/Versions/A/Libraries/libGLProgrammability.dylib
0x0000000123418000 	/System/Library/Extensions/AppleIntelBDWGraphicsGLDriver.bundle/Contents/MacOS/AppleIntelBDWGraphicsGLDriver
0x0000000000b8b000 	/System/Library/PrivateFrameworks/GPUSupport.framework/Versions/A/Libraries/libGPUSupportMercury.dylib
0x0000000000b8b000 	/System/Library/Frameworks/OpenGL.framework/Versions/A/Resources/GLRendererFloat.bundle/GLRendererFloat
0x000000012439d000 	/Library/Java/JavaVirtualMachines/jdk1.8.0_91.jdk/Contents/Home/jre/lib/libfontmanager.dylib
0x0000000125865000 	/Library/Java/JavaVirtualMachines/jdk1.8.0_91.jdk/Contents/Home/jre/lib/libosxui.dylib
0x0000000126330000 	/Library/Java/JavaVirtualMachines/jdk1.8.0_91.jdk/Contents/Home/jre/lib/libnet.dylib
0x0000000126347000 	/Library/Java/JavaVirtualMachines/jdk1.8.0_91.jdk/Contents/Home/jre/lib/libnio.dylib
0x0000000000b8b000 	/System/Library/Frameworks/ApplicationServices.framework/Versions/A/Frameworks/ATS.framework/Versions/A/Resources/libTrueTypeScaler.dylib
0x00000001ac8e2000 	/System/Library/Extensions/AppleIntelBDWGraphicsMTLDriver.bundle/Contents/MacOS/AppleIntelBDWGraphicsMTLDriver
0x00000001ac7f9000 	/private/var/folders/2h/vqwmpqwj6bd01xqwnbwl3bl40000gn/T/jogamp_0000/file_cache/jln7657499678009263996/jln5769773814645432698/libgluegen-rt.jnilib
0x00000001255f0000 	/private/var/folders/2h/vqwmpqwj6bd01xqwnbwl3bl40000gn/T/jogamp_0000/file_cache/jln7657499678009263996/jln5769773814645432698/libnativewindow_awt.jnilib
0x00000001ac7fd000 	/Library/Java/JavaVirtualMachines/jdk1.8.0_91.jdk/Contents/Home/jre/lib/libjawt.dylib
0x00000001ac800000 	/private/var/folders/2h/vqwmpqwj6bd01xqwnbwl3bl40000gn/T/jogamp_0000/file_cache/jln7657499678009263996/jln5769773814645432698/libnativewindow_macosx.jnilib
0x00000001b1ebd000 	/private/var/folders/2h/vqwmpqwj6bd01xqwnbwl3bl40000gn/T/jogamp_0000/file_cache/jln7657499678009263996/jln5769773814645432698/libjogl_desktop.jnilib

VM Arguments:
jvm_args: -Djava.security.policy=java.policy.applet -Dfile.encoding=UTF-8 
java_command: sun.applet.AppletViewer module3.EarthquakeCityMap1469472111916.html
java_class_path (initial): /Users/Jimmy/Documents/Java/UCSDUnfoldingMaps/build:/Users/Jimmy/Documents/Java/UCSDUnfoldingMaps/lib/core.jar:/Users/Jimmy/Documents/Java/UCSDUnfoldingMaps/lib/gluegen-rt.jar:/Users/Jimmy/Documents/Java/UCSDUnfoldingMaps/lib/jogl-all.jar:/Users/Jimmy/Documents/Java/UCSDUnfoldingMaps/lib/log4j-1.2.15.jar:/Users/Jimmy/Documents/Java/UCSDUnfoldingMaps/lib/sqlite-jdbc-3.7.2.jar:/Users/Jimmy/Documents/Java/UCSDUnfoldingMaps/lib/json4processing.jar:/Users/Jimmy/Documents/Java/UCSDUnfoldingMaps/lib/libTUIO.jar:/Users/Jimmy/Documents/Java/UCSDUnfoldingMaps/lib/unfolding.0.9.7-uscd.jar
Launcher Type: SUN_STANDARD

Environment Variables:
PATH=/usr/bin:/bin:/usr/sbin:/sbin
SHELL=/bin/bash

Signal Handlers:
SIGSEGV: [libjvm.dylib+0x5a97a1], sa_mask[0]=11111111011111110111111111111111, sa_flags=SA_ONSTACK|SA_RESTART|SA_SIGINFO
SIGBUS: [libjvm.dylib+0x5a97a1], sa_mask[0]=11111111011111110111111111111111, sa_flags=SA_RESTART|SA_SIGINFO
SIGFPE: [libjvm.dylib+0x482594], sa_mask[0]=11111111011111110111111111111111, sa_flags=SA_RESTART|SA_SIGINFO
SIGPIPE: [libjvm.dylib+0x482594], sa_mask[0]=11111111011111110111111111111111, sa_flags=SA_RESTART|SA_SIGINFO
SIGXFSZ: [libjvm.dylib+0x482594], sa_mask[0]=11111111011111110111111111111111, sa_flags=SA_RESTART|SA_SIGINFO
SIGILL: [libjvm.dylib+0x482594], sa_mask[0]=11111111011111110111111111111111, sa_flags=SA_RESTART|SA_SIGINFO
SIGUSR1: SIG_DFL, sa_mask[0]=00000000000000000000000000000000, sa_flags=none
SIGUSR2: [libjvm.dylib+0x4820b2], sa_mask[0]=00100000000000000000000000000000, sa_flags=SA_RESTART|SA_SIGINFO
SIGHUP: [libjvm.dylib+0x480689], sa_mask[0]=11111111011111110111111111111111, sa_flags=SA_RESTART|SA_SIGINFO
SIGINT: [libjvm.dylib+0x480689], sa_mask[0]=11111111011111110111111111111111, sa_flags=SA_RESTART|SA_SIGINFO
SIGTERM: [libjvm.dylib+0x480689], sa_mask[0]=11111111011111110111111111111111, sa_flags=SA_RESTART|SA_SIGINFO
SIGQUIT: [libjvm.dylib+0x480689], sa_mask[0]=11111111011111110111111111111111, sa_flags=SA_RESTART|SA_SIGINFO


---------------  S Y S T E M  ---------------

OS:Bsduname:Darwin 15.6.0 Darwin Kernel Version 15.6.0: Thu Jun 23 18:25:34 PDT 2016; root:xnu-3248.60.10~1/RELEASE_X86_64 x86_64
rlimit: STACK 8192k, CORE 0k, NPROC 709, NOFILE 10240, AS infinity
load average:4.29 3.09 2.42

CPU:total 4 (2 cores per cpu, 2 threads per core) family 6 model 61 stepping 4, cmov, cx8, fxsr, mmx, sse, sse2, sse3, ssse3, sse4.1, sse4.2, popcnt, avx, avx2, aes, clmul, erms, 3dnowpref, lzcnt, ht, tsc, tscinvbit, bmi1, bmi2, adx

Memory: 4k page, physical 8388608k(210476k free)

/proc/meminfo:


vm_info: Java HotSpot(TM) 64-Bit Server VM (25.91-b14) for bsd-amd64 JRE (1.8.0_91-b14), built on Apr  1 2016 01:03:00 by "java_re" with gcc 4.2.1 (Based on Apple Inc. build 5658) (LLVM build 2336.11.00)

time: Mon Jul 25 14:42:04 2016
elapsed time: 12 seconds (0d 0h 0m 12s)

