#
# A fatal error has been detected by the Java Runtime Environment:
#
#  SIGSEGV (0xb) at pc=0x00007fff8919520b, pid=1283, tid=2571
#
# JRE version: Java(TM) SE Runtime Environment (8.0_91-b14) (build 1.8.0_91-b14)
# Java VM: Java HotSpot(TM) 64-Bit Server VM (25.91-b14 mixed mode bsd-amd64 compressed oops)
# Problematic frame:
# C  [libobjc.A.dylib+0x520b]  _ZL12realizeClassP10objc_class+0x29
#
# Failed to write core dump. Core dumps have been disabled. To enable core dumping, try "ulimit -c unlimited" before starting Java again
#
# If you would like to submit a bug report, please visit:
#   http://bugreport.java.com/bugreport/crash.jsp
# The crash happened outside the Java Virtual Machine in native code.
# See problematic frame for where to report the bug.
#

---------------  T H R E A D  ---------------

Current thread (0x00007fd7d2939000):  JavaThread "AWT-AppKit" daemon [_thread_in_native, id=2571, stack(0x00007fff58377000,0x00007fff58b77000)]

siginfo: si_signo: 11 (SIGSEGV), si_code: 1 (SEGV_MAPERR), si_addr: 0x00000000000007e8

Registers:
RAX=0x0000000000000000, RBX=0x00007fff70a42d08, RCX=0x0000000000000000, RDX=0x00007fff70a42d08
RSP=0x00007fff58b72280, RBP=0x00007fff58b72300, RSI=0x00000000b0ac2cb8, RDI=0x00000000000007c8
R8 =0x0000000080000000, R9 =0x0000000000000001, R10=0x00007fff83676b21, R11=0x00007fff70957940
R12=0x0000000000000000, R13=0x00000000000007c8, R14=0x00007fff70a42ce0, R15=0x00007ffffffffff8
RIP=0x00007fff8919520b, EFLAGS=0x0000000000010202, ERR=0x0000000000000004
  TRAPNO=0x000000000000000e

Top of Stack: (sp=0x00007fff58b72280)
0x00007fff58b72280:   00007fff58b72517 000000060778dc9f
0x00007fff58b72290:   000000010000000b 00000001ac5d9070
0x00007fff58b722a0:   0000000107bcf7a0 0000005000000000
0x00007fff58b722b0:   0000000000000050 0000000000000000
0x00007fff58b722c0:   0000000000000000 00007fd7d1f10ac0
0x00007fff58b722d0:   0000000000000050 00007fff70a42d08
0x00007fff58b722e0:   0000000000000000 00007fff70957940
0x00007fff58b722f0:   00007fff70a42ce0 00007ffffffffff8
0x00007fff58b72300:   00007fff58b72390 00007fff891952ea
0x00007fff58b72310:   00007fff715c72dc 00007fff715c72e0
0x00007fff58b72320:   0000000058b72330 00007fff832d7089
0x00007fff58b72330:   00007fff715c72dc 00007fff715c72e0
0x00007fff58b72340:   00007fff715c72d8 00007fff715c72c0
0x00007fff58b72350:   00007fff8add6cbe 00000001b251db70
0x00007fff58b72360:   0000000000000001 00007fff70957940
0x00007fff58b72370:   00007fff8add6cbe 00000001b251db70
0x00007fff58b72380:   0000000000000001 00007ffffffffff8
0x00007fff58b72390:   00007fff58b723f0 00007fff89196cbd
0x00007fff58b723a0:   00007fff58b725f0 00000001b251db70
0x00007fff58b723b0:   0000000000000000 00007fd7d672d480
0x00007fff58b723c0:   0000000158b723e0 00000001ac5db450
0x00007fff58b723d0:   0000000000000000 00000001b251db70
0x00007fff58b723e0:   00000001ac5db440 00007fd7d2939000
0x00007fff58b723f0:   00007fff58b724c0 00007fff89191591
0x00007fff58b72400:   00000000000008b0 0000000000000000
0x00007fff58b72410:   0000000121184400 0000000121184320
0x00007fff58b72420:   00007fff8add6cbe 00007fd7d672d480
0x00007fff58b72430:   00007fd7d6670ee0 00007fff58b724bf
0x00007fff58b72440:   0000000000000000 0000000000000000
0x00007fff58b72450:   ffffffffffffffff 00000000ffffffff
0x00007fff58b72460:   0000000000000000 0000000000000000
0x00007fff58b72470:   6f63616d5f747761 534f63614d5f7873 

Instructions: (pc=0x00007fff8919520b)
0x00007fff891951eb:   55 41 54 53 48 83 ec 58 49 89 fd 31 c0 4d 85 ed
0x00007fff891951fb:   0f 84 68 07 00 00 49 bf f8 ff ff ff ff 7f 00 00
0x00007fff8919520b:   4d 8b 75 20 4c 89 f3 4c 21 fb 8b 3b 85 ff 78 3d
0x00007fff8919521b:   f7 c7 00 00 00 40 75 3d bf 40 00 00 00 be 01 00 

Register to memory mapping:

RAX=0x0000000000000000 is an unknown value
RBX=0x00007fff70a42d08: __CFConstantStringClassReference+0 in /System/Library/Frameworks/CoreFoundation.framework/Versions/A/CoreFoundation at 0x00007fff8322b000
RCX=0x0000000000000000 is an unknown value
RDX=0x00007fff70a42d08: __CFConstantStringClassReference+0 in /System/Library/Frameworks/CoreFoundation.framework/Versions/A/CoreFoundation at 0x00007fff8322b000
RSP=0x00007fff58b72280 is pointing into the stack for thread: 0x00007fd7d2939000
RBP=0x00007fff58b72300 is pointing into the stack for thread: 0x00007fd7d2939000
RSI=0x00000000b0ac2cb8 is an unknown value
RDI=0x00000000000007c8 is an unknown value
R8 =0x0000000080000000 is an unknown value
R9 =0x0000000000000001 is an unknown value
R10=0x00007fff83676b21: _XMLPlistAppendDataUsingBase64.__CFPLDataEncodeTable+0x9b0c1 in /System/Library/Frameworks/CoreFoundation.framework/Versions/A/CoreFoundation at 0x00007fff8322b000
R11=0x00007fff70957940: __block_literal_global67+0x4a40 in /System/Library/Frameworks/CoreFoundation.framework/Versions/A/CoreFoundation at 0x00007fff8322b000
R12=0x0000000000000000 is an unknown value
R13=0x00000000000007c8 is an unknown value
R14=0x00007fff70a42ce0: OBJC_CLASS_$___NSCFString+0 in /System/Library/Frameworks/CoreFoundation.framework/Versions/A/CoreFoundation at 0x00007fff8322b000
R15=0x00007ffffffffff8 is an unknown value


Stack: [0x00007fff58377000,0x00007fff58b77000],  sp=0x00007fff58b72280,  free space=8172k
Native frames: (J=compiled Java code, j=interpreted, Vv=VM code, C=native code)
C  [libobjc.A.dylib+0x520b]  _ZL12realizeClassP10objc_class+0x29
C  [libobjc.A.dylib+0x52ea]  _ZL12realizeClassP10objc_class+0x108
C  [libobjc.A.dylib+0x6cbd]  lookUpImpOrForward+0x68
C  [libobjc.A.dylib+0x1591]  objc_msgSend+0xd1
C  [libnativewindow_macosx.jnilib+0x5157]  Java_jogamp_nativewindow_jawt_macosx_MacOSXJAWTWindow_UnsetJAWTRootSurfaceLayer0+0xe7
j  jogamp.nativewindow.jawt.macosx.MacOSXJAWTWindow.UnsetJAWTRootSurfaceLayer0(JJ)V+0
j  jogamp.nativewindow.jawt.macosx.MacOSXJAWTWindow.access$200(JJ)V+2
j  jogamp.nativewindow.jawt.macosx.MacOSXJAWTWindow$1.run()V+38
j  com.jogamp.common.util.RunnableTask.run()V+24
v  ~StubRoutines::call_stub
V  [libjvm.dylib+0x2ec1e6]
V  [libjvm.dylib+0x323355]
V  [libjvm.dylib+0x315b23]
C  [libnativewindow_macosx.jnilib+0x5326]  Java_jogamp_nativewindow_jawt_macosx_MacOSXJAWTWindow_UnsetJAWTRootSurfaceLayer0+0x2b6
C  [Foundation+0x76fde]  __NSThreadPerformPerform+0x117
C  [CoreFoundation+0xaa881]  __CFRUNLOOP_IS_CALLING_OUT_TO_A_SOURCE0_PERFORM_FUNCTION__+0x11
C  [CoreFoundation+0x89fbc]  __CFRunLoopDoSources0+0x22c
C  [CoreFoundation+0x894df]  __CFRunLoopRun+0x39f
C  [CoreFoundation+0x88ed8]  CFRunLoopRunSpecific+0x128
C  [HIToolbox+0x30935]  RunCurrentEventLoopInMode+0xeb
C  [HIToolbox+0x30677]  ReceiveNextEventCommon+0xb8
C  [HIToolbox+0x305af]  _BlockUntilNextEventMatchingListInModeWithFilter+0x47
C  [AppKit+0x48df6]  _DPSNextEvent+0x42b
C  [AppKit+0x48226]  -[NSApplication _nextEventMatchingEventMask:untilDate:inMode:dequeue:]+0x1c6
C  [libosxapp.dylib+0x23aa]  -[NSApplicationAWT nextEventMatchingMask:untilDate:inMode:dequeue:]+0x7c
C  [AppKit+0x3cd80]  -[NSApplication run]+0x2aa
C  [libosxapp.dylib+0x214d]  +[NSApplicationAWT runAWTLoopWithApp:]+0x9c
C  [libawt_lwawt.dylib+0x4455b]  -[AWTStarter starter:]+0x389
C  [Foundation+0x76fde]  __NSThreadPerformPerform+0x117
C  [CoreFoundation+0xaa881]  __CFRUNLOOP_IS_CALLING_OUT_TO_A_SOURCE0_PERFORM_FUNCTION__+0x11
C  [CoreFoundation+0x89fbc]  __CFRunLoopDoSources0+0x22c
C  [CoreFoundation+0x894df]  __CFRunLoopRun+0x39f
C  [CoreFoundation+0x88ed8]  CFRunLoopRunSpecific+0x128
C  [java+0x6463]  CreateExecutionEnvironment+0x367
C  [java+0x21ac]  JLI_Launch+0x7a0
C  [java+0x84c0]  main+0x65
C  [java+0x1a04]  start+0x34
C  0x0000000000000007

Java frames: (J=compiled Java code, j=interpreted, Vv=VM code)
j  jogamp.nativewindow.jawt.macosx.MacOSXJAWTWindow.UnsetJAWTRootSurfaceLayer0(JJ)V+0
j  jogamp.nativewindow.jawt.macosx.MacOSXJAWTWindow.access$200(JJ)V+2
j  jogamp.nativewindow.jawt.macosx.MacOSXJAWTWindow$1.run()V+38
j  com.jogamp.common.util.RunnableTask.run()V+24
v  ~StubRoutines::call_stub

---------------  P R O C E S S  ---------------

Java Threads: ( => current thread )
  0x00007fd7d297a800 JavaThread "Thread-7" [_thread_blocked, id=65055, stack(0x00007000010cd000,0x00007000011cd000)]
  0x00007fd7d29ee000 JavaThread "AWT-EventQueue-1" [_thread_in_native, id=64047, stack(0x00007000018eb000,0x00007000019eb000)]
  0x00007fd7d3809000 JavaThread "DestroyJavaVM" [_thread_blocked, id=4099, stack(0x0000700000084000,0x0000700000184000)]
  0x00007fd7d3a09800 JavaThread "AWT-EventQueue-0" [_thread_blocked, id=56579, stack(0x00007000016e5000,0x00007000017e5000)]
  0x00007fd7d3a36800 JavaThread "Java2D Disposer" daemon [_thread_blocked, id=53251, stack(0x000070000145c000,0x000070000155c000)]
  0x00007fd7d2116000 JavaThread "Java2D Queue Flusher" daemon [_thread_blocked, id=43583, stack(0x0000700001359000,0x0000700001459000)]
  0x00007fd7d30a6000 JavaThread "AWT-Shutdown" [_thread_blocked, id=30743, stack(0x00007000011d3000,0x00007000012d3000)]
=>0x00007fd7d2939000 JavaThread "AWT-AppKit" daemon [_thread_in_native, id=2571, stack(0x00007fff58377000,0x00007fff58b77000)]
  0x00007fd7d3817000 JavaThread "Service Thread" daemon [_thread_blocked, id=18691, stack(0x0000700000e44000,0x0000700000f44000)]
  0x00007fd7d3816800 JavaThread "C1 CompilerThread2" daemon [_thread_blocked, id=18179, stack(0x0000700000d41000,0x0000700000e41000)]
  0x00007fd7d3031000 JavaThread "C2 CompilerThread1" daemon [_thread_blocked, id=17667, stack(0x0000700000c3e000,0x0000700000d3e000)]
  0x00007fd7d3821000 JavaThread "C2 CompilerThread0" daemon [_thread_blocked, id=17155, stack(0x0000700000b3b000,0x0000700000c3b000)]
  0x00007fd7d3000800 JavaThread "Signal Dispatcher" daemon [_thread_blocked, id=12815, stack(0x0000700000a38000,0x0000700000b38000)]
  0x00007fd7d302d800 JavaThread "Finalizer" daemon [_thread_blocked, id=12291, stack(0x000070000082f000,0x000070000092f000)]
  0x00007fd7d2803000 JavaThread "Reference Handler" daemon [_thread_blocked, id=11779, stack(0x000070000072c000,0x000070000082c000)]

Other Threads:
  0x00007fd7d3807000 VMThread [stack: 0x0000700000629000,0x0000700000729000] [id=11267]
  0x00007fd7d2042800 WatcherThread [stack: 0x0000700000f47000,0x0000700001047000] [id=19203]

VM state:not at safepoint (normal execution)

VM Mutex/Monitor currently owned by a thread: None

Heap:
 PSYoungGen      total 38400K, used 11291K [0x0000000795580000, 0x0000000798000000, 0x00000007c0000000)
  eden space 33280K, 18% used [0x0000000795580000,0x0000000795b8bb80,0x0000000797600000)
  from space 5120K, 99% used [0x0000000797b00000,0x0000000797ffb420,0x0000000798000000)
  to   space 5120K, 0% used [0x0000000797600000,0x0000000797600000,0x0000000797b00000)
 ParOldGen       total 87552K, used 7722K [0x0000000740000000, 0x0000000745580000, 0x0000000795580000)
  object space 87552K, 8% used [0x0000000740000000,0x000000074078aa08,0x0000000745580000)
 Metaspace       used 20041K, capacity 20239K, committed 20608K, reserved 1067008K
  class space    used 2029K, capacity 2110K, committed 2176K, reserved 1048576K

Card table byte_map: [0x0000000117fc0000,0x00000001183c1000] byte_map_base: 0x00000001145c0000

Marking Bits: (ParMarkBitMap*) 0x0000000107bebeb0
 Begin Bits: [0x000000011866c000, 0x000000011a66c000)
 End Bits:   [0x000000011a66c000, 0x000000011c66c000)

Polling page: 0x00000001082dc000

CodeCache: size=245760Kb used=5908Kb max_used=5921Kb free=239851Kb
 bounds [0x0000000108c00000, 0x00000001091d0000, 0x0000000117c00000]
 total_blobs=2350 nmethods=1469 adapters=794
 compilation: enabled

Compilation events (10 events):
Event: 16.610 Thread 0x00007fd7d3816800 1464       3       java.awt.Component::isValid (20 bytes)
Event: 16.611 Thread 0x00007fd7d3816800 nmethod 1464 0x00000001091c2510 code [0x00000001091c2680, 0x00000001091c2870]
Event: 16.635 Thread 0x00007fd7d3816800 1466       3       sun.java2d.pipe.RenderBuffer::putFloat (26 bytes)
Event: 16.636 Thread 0x00007fd7d3816800 nmethod 1466 0x00000001091c28d0 code [0x00000001091c2a40, 0x00000001091c2bd0]
Event: 16.636 Thread 0x00007fd7d3816800 1465       1       sun.java2d.SurfaceData::isValid (5 bytes)
Event: 16.636 Thread 0x00007fd7d3816800 nmethod 1465 0x00000001091c2c90 code [0x00000001091c2de0, 0x00000001091c2ef0]
Event: 16.649 Thread 0x00007fd7d3821000 1467  s!   4       sun.misc.URLClassPath::getLoader (197 bytes)
Event: 16.649 Thread 0x00007fd7d3816800 1468   !   3       sun.misc.URLClassPath$JarLoader::getResource (349 bytes)
Event: 16.654 Thread 0x00007fd7d3816800 nmethod 1468 0x00000001091c2f50 code [0x00000001091c33c0, 0x00000001091c5918]
Event: 16.654 Thread 0x00007fd7d3031000 1469  s    4       sun.misc.URLClassPath::getNextLoader (88 bytes)

GC Heap History (4 events):
Event: 2.254 GC heap before
{Heap before GC invocations=1 (full 0):
 PSYoungGen      total 38400K, used 33280K [0x0000000795580000, 0x0000000798000000, 0x00000007c0000000)
  eden space 33280K, 100% used [0x0000000795580000,0x0000000797600000,0x0000000797600000)
  from space 5120K, 0% used [0x0000000797b00000,0x0000000797b00000,0x0000000798000000)
  to   space 5120K, 0% used [0x0000000797600000,0x0000000797600000,0x0000000797b00000)
 ParOldGen       total 87552K, used 0K [0x0000000740000000, 0x0000000745580000, 0x0000000795580000)
  object space 87552K, 0% used [0x0000000740000000,0x0000000740000000,0x0000000745580000)
 Metaspace       used 15679K, capacity 15865K, committed 16000K, reserved 1062912K
  class space    used 1584K, capacity 1659K, committed 1664K, reserved 1048576K
Event: 2.260 GC heap after
Heap after GC invocations=1 (full 0):
 PSYoungGen      total 38400K, used 5105K [0x0000000795580000, 0x0000000798000000, 0x00000007c0000000)
  eden space 33280K, 0% used [0x0000000795580000,0x0000000795580000,0x0000000797600000)
  from space 5120K, 99% used [0x0000000797600000,0x0000000797afc7b0,0x0000000797b00000)
  to   space 5120K, 0% used [0x0000000797b00000,0x0000000797b00000,0x0000000798000000)
 ParOldGen       total 87552K, used 270K [0x0000000740000000, 0x0000000745580000, 0x0000000795580000)
  object space 87552K, 0% used [0x0000000740000000,0x0000000740043a68,0x0000000745580000)
 Metaspace       used 15679K, capacity 15865K, committed 16000K, reserved 1062912K
  class space    used 1584K, capacity 1659K, committed 1664K, reserved 1048576K
}
Event: 3.727 GC heap before
{Heap before GC invocations=2 (full 0):
 PSYoungGen      total 38400K, used 38331K [0x0000000795580000, 0x0000000798000000, 0x00000007c0000000)
  eden space 33280K, 99% used [0x0000000795580000,0x00000007975f2688,0x0000000797600000)
  from space 5120K, 99% used [0x0000000797600000,0x0000000797afc7b0,0x0000000797b00000)
  to   space 5120K, 0% used [0x0000000797b00000,0x0000000797b00000,0x0000000798000000)
 ParOldGen       total 87552K, used 270K [0x0000000740000000, 0x0000000745580000, 0x0000000795580000)
  object space 87552K, 0% used [0x0000000740000000,0x0000000740043a68,0x0000000745580000)
 Metaspace       used 19704K, capacity 19883K, committed 20096K, reserved 1067008K
  class space    used 2001K, capacity 2078K, committed 2176K, reserved 1048576K
Event: 3.737 GC heap after
Heap after GC invocations=2 (full 0):
 PSYoungGen      total 38400K, used 5101K [0x0000000795580000, 0x0000000798000000, 0x00000007c0000000)
  eden space 33280K, 0% used [0x0000000795580000,0x0000000795580000,0x0000000797600000)
  from space 5120K, 99% used [0x0000000797b00000,0x0000000797ffb420,0x0000000798000000)
  to   space 5120K, 0% used [0x0000000797600000,0x0000000797600000,0x0000000797b00000)
 ParOldGen       total 87552K, used 7722K [0x0000000740000000, 0x0000000745580000, 0x0000000795580000)
  object space 87552K, 8% used [0x0000000740000000,0x000000074078aa08,0x0000000745580000)
 Metaspace       used 19704K, capacity 19883K, committed 20096K, reserved 1067008K
  class space    used 2001K, capacity 2078K, committed 2176K, reserved 1048576K
}

Deoptimization events (10 events):
Event: 3.516 Thread 0x00007fd7d29ee000 Uncommon trap: reason=unstable_if action=reinterpret pc=0x0000000109051900 method=com.sun.org.apache.xerces.internal.impl.XMLEntityScanner.peekChar()I @ 14
Event: 3.543 Thread 0x00007fd7d29ee000 Uncommon trap: reason=unstable_if action=reinterpret pc=0x00000001090674b4 method=com.sun.org.apache.xerces.internal.impl.XMLEntityScanner.skipSpaces()Z @ 14
Event: 3.556 Thread 0x00007fd7d29ee000 Uncommon trap: reason=unstable_if action=reinterpret pc=0x0000000108fd1060 method=sun.misc.FloatingDecimal.readJavaFormatString(Ljava/lang/String;)Lsun/misc/FloatingDecimal$ASCIIToBinaryConverter; @ 445
Event: 3.727 Thread 0x00007fd7d29ee000 Uncommon trap: reason=class_check action=maybe_recompile pc=0x0000000108fe9c50 method=java.util.Arrays.copyOf([Ljava/lang/Object;ILjava/lang/Class;)[Ljava/lang/Object; @ 24
Event: 3.738 Thread 0x00007fd7d29ee000 Uncommon trap: reason=unstable_if action=reinterpret pc=0x00000001091015fc method=com.jogamp.common.util.IntIntHashMap.get(I)I @ 28
Event: 3.749 Thread 0x00007fd7d29ee000 Uncommon trap: reason=unstable_if action=reinterpret pc=0x0000000108fbce50 method=java.lang.String.trim()Ljava/lang/String; @ 23
Event: 3.884 Thread 0x00007fd7d77f1000 Uncommon trap: reason=unstable_if action=reinterpret pc=0x0000000108ff5e5c method=java.lang.String.regionMatches(ZILjava/lang/String;II)Z @ 123
Event: 16.608 Thread 0x00007fd7d29ee000 Uncommon trap: reason=class_check action=maybe_recompile pc=0x0000000108fe9c50 method=java.util.Arrays.copyOf([Ljava/lang/Object;ILjava/lang/Class;)[Ljava/lang/Object; @ 24
Event: 16.608 Thread 0x00007fd7d29ee000 Uncommon trap: reason=class_check action=maybe_recompile pc=0x0000000108fe9c50 method=java.util.Arrays.copyOf([Ljava/lang/Object;ILjava/lang/Class;)[Ljava/lang/Object; @ 24
Event: 16.608 Thread 0x00007fd7d29ee000 Uncommon trap: reason=class_check action=maybe_recompile pc=0x0000000108fe9c50 method=java.util.Arrays.copyOf([Ljava/lang/Object;ILjava/lang/Class;)[Ljava/lang/Object; @ 24

Internal exceptions (10 events):
Event: 0.356 Thread 0x00007fd7d3809000 Exception <a 'java/io/FileNotFoundException'> (0x000000079585cca8) thrown at [/Users/java_re/workspace/8-2-build-macosx-x86_64/jdk8u91/6644/hotspot/src/share/vm/prims/jni.cpp, line 709]
Event: 0.356 Thread 0x00007fd7d3809000 Exception <a 'java/io/FileNotFoundException'> (0x000000079585d7f0) thrown at [/Users/java_re/workspace/8-2-build-macosx-x86_64/jdk8u91/6644/hotspot/src/share/vm/prims/jni.cpp, line 709]
Event: 0.447 Thread 0x00007fd7d3809000 Exception <a 'java/io/FileNotFoundException'> (0x0000000795a41a88) thrown at [/Users/java_re/workspace/8-2-build-macosx-x86_64/jdk8u91/6644/hotspot/src/share/vm/prims/jni.cpp, line 709]
Event: 2.057 Thread 0x00007fd7d293e000 Exception <a 'java/lang/UnsatisfiedLinkError': com.jogamp.common.util.JarUtil.fixNativeLibAttribs(Ljava/lang/String;)Z> (0x0000000796cca350) thrown at [/Users/java_re/workspace/8-2-build-macosx-x86_64/jdk8u91/6644/hotspot/src/share/vm/prims/nativeLookup.c
Event: 2.262 Thread 0x00007fd7d302d800 Exception <a 'java/lang/NullPointerException'> (0x00000007956a49e0) thrown at [/Users/java_re/workspace/8-2-build-macosx-x86_64/jdk8u91/6644/hotspot/src/share/vm/interpreter/linkResolver.cpp, line 1178]
Event: 2.816 Thread 0x00007fd7d29ee000 Exception <a 'java/io/FileNotFoundException'> (0x00000007960cccb0) thrown at [/Users/java_re/workspace/8-2-build-macosx-x86_64/jdk8u91/6644/hotspot/src/share/vm/prims/jni.cpp, line 709]
Event: 2.817 Thread 0x00007fd7d29ee000 Exception <a 'java/io/FileNotFoundException'> (0x00000007960d3e98) thrown at [/Users/java_re/workspace/8-2-build-macosx-x86_64/jdk8u91/6644/hotspot/src/share/vm/prims/jni.cpp, line 709]
Event: 2.817 Thread 0x00007fd7d29ee000 Implicit null exception at 0x0000000108daedb5 to 0x0000000108daf119
Event: 3.766 Thread 0x00007fd7d29ee000 Exception <a 'javax/media/opengl/GLException'> (0x00000007957f9610) thrown at [/Users/java_re/workspace/8-2-build-macosx-x86_64/jdk8u91/6644/hotspot/src/share/vm/prims/jvm.cpp, line 1390]
Event: 3.766 Thread 0x00007fd7d29ee000 Exception <a 'javax/media/opengl/GLException'> (0x00000007957f9610) thrown at [/Users/java_re/workspace/8-2-build-macosx-x86_64/jdk8u91/6644/hotspot/src/share/vm/prims/jvm.cpp, line 1390]

Events (10 events):
Event: 16.652 loading class jogamp/nativewindow/jawt/macosx/MacOSXJAWTWindow$1 done
Event: 16.654 loading class java/awt/LightweightDispatcher$2
Event: 16.654 loading class java/awt/LightweightDispatcher$2 done
Event: 16.654 loading class java/awt/event/AWTEventListenerProxy
Event: 16.654 loading class java/awt/event/AWTEventListenerProxy done
Event: 16.654 loading class java/awt/Toolkit$ToolkitEventMulticaster
Event: 16.654 loading class java/awt/Toolkit$ToolkitEventMulticaster done
Event: 16.655 Thread 0x00007fd7d29da800 Thread exited: 0x00007fd7d29da800
Event: 16.655 loading class java/awt/Window$1DisposeAction
Event: 16.656 loading class java/awt/Window$1DisposeAction done


Dynamic libraries:
0x000000000000a000 	/System/Library/Frameworks/Cocoa.framework/Versions/A/Cocoa
0x000000000000a000 	/System/Library/Frameworks/Security.framework/Versions/A/Security
0x000000000000a000 	/System/Library/Frameworks/ApplicationServices.framework/Versions/A/ApplicationServices
0x000000000000a000 	/usr/lib/libz.1.dylib
0x000000000000a000 	/usr/lib/libSystem.B.dylib
0x000000000000a000 	/usr/lib/libobjc.A.dylib
0x000000000000a000 	/System/Library/Frameworks/CoreFoundation.framework/Versions/A/CoreFoundation
0x000000000000a000 	/System/Library/Frameworks/Foundation.framework/Versions/C/Foundation
0x000000000000a000 	/System/Library/Frameworks/AppKit.framework/Versions/C/AppKit
0x000000000000a000 	/System/Library/Frameworks/CoreData.framework/Versions/A/CoreData
0x000000000000a000 	/System/Library/PrivateFrameworks/RemoteViewServices.framework/Versions/A/RemoteViewServices
0x000000000000a000 	/System/Library/PrivateFrameworks/UIFoundation.framework/Versions/A/UIFoundation
0x000000000000a000 	/usr/lib/libScreenReader.dylib
0x000000000000a000 	/System/Library/Frameworks/Accelerate.framework/Versions/A/Accelerate
0x000000000000a000 	/System/Library/Frameworks/IOSurface.framework/Versions/A/IOSurface
0x000000000000a000 	/System/Library/Frameworks/AudioToolbox.framework/Versions/A/AudioToolbox
0x000000000000a000 	/System/Library/Frameworks/AudioUnit.framework/Versions/A/AudioUnit
0x000000000000a000 	/System/Library/PrivateFrameworks/DataDetectorsCore.framework/Versions/A/DataDetectorsCore
0x000000000000a000 	/System/Library/PrivateFrameworks/DesktopServicesPriv.framework/Versions/A/DesktopServicesPriv
0x000000000000a000 	/System/Library/Frameworks/Carbon.framework/Versions/A/Frameworks/HIToolbox.framework/Versions/A/HIToolbox
0x000000000000a000 	/System/Library/Frameworks/QuartzCore.framework/Versions/A/QuartzCore
0x000000000000a000 	/System/Library/Frameworks/Carbon.framework/Versions/A/Frameworks/SpeechRecognition.framework/Versions/A/SpeechRecognition
0x000000000000a000 	/usr/lib/libauto.dylib
0x000000000000a000 	/usr/lib/libicucore.A.dylib
0x000000000000a000 	/usr/lib/libxml2.2.dylib
0x000000000000a000 	/System/Library/PrivateFrameworks/CoreUI.framework/Versions/A/CoreUI
0x000000000000a000 	/System/Library/Frameworks/CoreAudio.framework/Versions/A/CoreAudio
0x000000000000a000 	/System/Library/Frameworks/DiskArbitration.framework/Versions/A/DiskArbitration
0x000000000000a000 	/usr/lib/liblangid.dylib
0x000000000000a000 	/System/Library/PrivateFrameworks/MultitouchSupport.framework/Versions/A/MultitouchSupport
0x000000000000a000 	/System/Library/Frameworks/IOKit.framework/Versions/A/IOKit
0x000000000000a000 	/usr/lib/libDiagnosticMessagesClient.dylib
0x000000000000a000 	/System/Library/Frameworks/CoreServices.framework/Versions/A/CoreServices
0x000000000000a000 	/System/Library/PrivateFrameworks/PerformanceAnalysis.framework/Versions/A/PerformanceAnalysis
0x000000000000a000 	/System/Library/PrivateFrameworks/GenerationalStorage.framework/Versions/A/GenerationalStorage
0x000000000000a000 	/System/Library/Frameworks/OpenGL.framework/Versions/A/OpenGL
0x000000000000a000 	/System/Library/PrivateFrameworks/Sharing.framework/Versions/A/Sharing
0x000000000000a000 	/System/Library/Frameworks/CoreGraphics.framework/Versions/A/CoreGraphics
0x000000000000a000 	/System/Library/Frameworks/CoreImage.framework/Versions/A/CoreImage
0x000000000000a000 	/System/Library/Frameworks/CoreText.framework/Versions/A/CoreText
0x000000000000a000 	/System/Library/Frameworks/ImageIO.framework/Versions/A/ImageIO
0x000000000000a000 	/System/Library/PrivateFrameworks/Backup.framework/Versions/A/Backup
0x000000000000a000 	/usr/lib/libextension.dylib
0x000000000000a000 	/usr/lib/libarchive.2.dylib
0x000000000000a000 	/System/Library/Frameworks/CFNetwork.framework/Versions/A/CFNetwork
0x000000000000a000 	/System/Library/Frameworks/SystemConfiguration.framework/Versions/A/SystemConfiguration
0x000000000000a000 	/usr/lib/libCRFSuite.dylib
0x000000000000a000 	/usr/lib/libc++.1.dylib
0x000000000000a000 	/usr/lib/libc++abi.dylib
0x000000000000a000 	/usr/lib/system/libcache.dylib
0x000000000000a000 	/usr/lib/system/libcommonCrypto.dylib
0x000000000000a000 	/usr/lib/system/libcompiler_rt.dylib
0x000000000000a000 	/usr/lib/system/libcopyfile.dylib
0x000000000000a000 	/usr/lib/system/libcorecrypto.dylib
0x000000000000a000 	/usr/lib/system/libdispatch.dylib
0x000000000000a000 	/usr/lib/system/libdyld.dylib
0x000000000000a000 	/usr/lib/system/libkeymgr.dylib
0x000000000000a000 	/usr/lib/system/liblaunch.dylib
0x000000000000a000 	/usr/lib/system/libmacho.dylib
0x000000000000a000 	/usr/lib/system/libquarantine.dylib
0x000000000000a000 	/usr/lib/system/libremovefile.dylib
0x000000000000a000 	/usr/lib/system/libsystem_asl.dylib
0x000000000000a000 	/usr/lib/system/libsystem_blocks.dylib
0x000000000000a000 	/usr/lib/system/libsystem_c.dylib
0x000000000000a000 	/usr/lib/system/libsystem_configuration.dylib
0x000000000000a000 	/usr/lib/system/libsystem_coreservices.dylib
0x000000000000a000 	/usr/lib/system/libsystem_coretls.dylib
0x000000000000a000 	/usr/lib/system/libsystem_dnssd.dylib
0x000000000000a000 	/usr/lib/system/libsystem_info.dylib
0x000000000000a000 	/usr/lib/system/libsystem_kernel.dylib
0x000000000000a000 	/usr/lib/system/libsystem_m.dylib
0x000000000000a000 	/usr/lib/system/libsystem_malloc.dylib
0x000000000000a000 	/usr/lib/system/libsystem_network.dylib
0x000000000000a000 	/usr/lib/system/libsystem_networkextension.dylib
0x000000000000a000 	/usr/lib/system/libsystem_notify.dylib
0x000000000000a000 	/usr/lib/system/libsystem_platform.dylib
0x000000000000a000 	/usr/lib/system/libsystem_pthread.dylib
0x000000000000a000 	/usr/lib/system/libsystem_sandbox.dylib
0x000000000000a000 	/usr/lib/system/libsystem_secinit.dylib
0x000000000000a000 	/usr/lib/system/libsystem_trace.dylib
0x000000000000a000 	/usr/lib/system/libunc.dylib
0x000000000000a000 	/usr/lib/system/libunwind.dylib
0x000000000000a000 	/usr/lib/system/libxpc.dylib
0x000000000000a000 	/usr/lib/libenergytrace.dylib
0x000000000000a000 	/usr/lib/libbsm.0.dylib
0x000000000000a000 	/usr/lib/system/libkxld.dylib
0x000000000000a000 	/usr/lib/libxar.1.dylib
0x000000000000a000 	/usr/lib/libsqlite3.dylib
0x000000000000a000 	/usr/lib/libpam.2.dylib
0x000000000000a000 	/usr/lib/libOpenScriptingUtil.dylib
0x000000000000a000 	/usr/lib/libbz2.1.0.dylib
0x000000000000a000 	/usr/lib/liblzma.5.dylib
0x000000000000a000 	/System/Library/Frameworks/CoreServices.framework/Versions/A/Frameworks/FSEvents.framework/Versions/A/FSEvents
0x000000000000a000 	/System/Library/Frameworks/CoreServices.framework/Versions/A/Frameworks/CarbonCore.framework/Versions/A/CarbonCore
0x000000000000a000 	/System/Library/Frameworks/CoreServices.framework/Versions/A/Frameworks/Metadata.framework/Versions/A/Metadata
0x000000000000a000 	/System/Library/Frameworks/CoreServices.framework/Versions/A/Frameworks/OSServices.framework/Versions/A/OSServices
0x000000000000a000 	/System/Library/Frameworks/CoreServices.framework/Versions/A/Frameworks/SearchKit.framework/Versions/A/SearchKit
0x000000000000a000 	/System/Library/Frameworks/CoreServices.framework/Versions/A/Frameworks/AE.framework/Versions/A/AE
0x000000000000a000 	/System/Library/Frameworks/CoreServices.framework/Versions/A/Frameworks/LaunchServices.framework/Versions/A/LaunchServices
0x000000000000a000 	/System/Library/Frameworks/CoreServices.framework/Versions/A/Frameworks/DictionaryServices.framework/Versions/A/DictionaryServices
0x000000000000a000 	/System/Library/Frameworks/CoreServices.framework/Versions/A/Frameworks/SharedFileList.framework/Versions/A/SharedFileList
0x000000000000a000 	/System/Library/Frameworks/NetFS.framework/Versions/A/NetFS
0x000000000000a000 	/System/Library/PrivateFrameworks/NetAuth.framework/Versions/A/NetAuth
0x000000000000a000 	/System/Library/PrivateFrameworks/login.framework/Versions/A/Frameworks/loginsupport.framework/Versions/A/loginsupport
0x000000000000a000 	/System/Library/PrivateFrameworks/TCC.framework/Versions/A/TCC
0x000000000000a000 	/usr/lib/libmecabra.dylib
0x000000000000a000 	/System/Library/Frameworks/ApplicationServices.framework/Versions/A/Frameworks/ATS.framework/Versions/A/ATS
0x000000000000a000 	/System/Library/Frameworks/ApplicationServices.framework/Versions/A/Frameworks/ColorSync.framework/Versions/A/ColorSync
0x000000000000a000 	/System/Library/Frameworks/ApplicationServices.framework/Versions/A/Frameworks/HIServices.framework/Versions/A/HIServices
0x000000000000a000 	/System/Library/Frameworks/ApplicationServices.framework/Versions/A/Frameworks/LangAnalysis.framework/Versions/A/LangAnalysis
0x000000000000a000 	/System/Library/Frameworks/ApplicationServices.framework/Versions/A/Frameworks/PrintCore.framework/Versions/A/PrintCore
0x000000000000a000 	/System/Library/Frameworks/ApplicationServices.framework/Versions/A/Frameworks/QD.framework/Versions/A/QD
0x000000000000a000 	/System/Library/Frameworks/ApplicationServices.framework/Versions/A/Frameworks/SpeechSynthesis.framework/Versions/A/SpeechSynthesis
0x000000000000a000 	/System/Library/Frameworks/Metal.framework/Versions/A/Metal
0x000000000000a000 	/System/Library/Frameworks/Accelerate.framework/Versions/A/Frameworks/vImage.framework/Versions/A/vImage
0x000000000000a000 	/System/Library/Frameworks/Accelerate.framework/Versions/A/Frameworks/vecLib.framework/Versions/A/vecLib
0x000000000000a000 	/System/Library/Frameworks/Accelerate.framework/Versions/A/Frameworks/vecLib.framework/Versions/A/libvDSP.dylib
0x000000000000a000 	/System/Library/Frameworks/Accelerate.framework/Versions/A/Frameworks/vecLib.framework/Versions/A/libvMisc.dylib
0x000000000000a000 	/System/Library/Frameworks/Accelerate.framework/Versions/A/Frameworks/vecLib.framework/Versions/A/libLAPACK.dylib
0x000000000000a000 	/System/Library/Frameworks/Accelerate.framework/Versions/A/Frameworks/vecLib.framework/Versions/A/libBLAS.dylib
0x000000000000a000 	/System/Library/Frameworks/Accelerate.framework/Versions/A/Frameworks/vecLib.framework/Versions/A/libLinearAlgebra.dylib
0x000000000000a000 	/System/Library/Frameworks/Accelerate.framework/Versions/A/Frameworks/vecLib.framework/Versions/A/libSparseBLAS.dylib
0x000000000000a000 	/System/Library/PrivateFrameworks/GPUCompiler.framework/libmetal_timestamp.dylib
0x000000000000a000 	/System/Library/Frameworks/OpenGL.framework/Versions/A/Libraries/libCoreFSCache.dylib
0x000000000000a000 	/System/Library/PrivateFrameworks/IOAccelerator.framework/Versions/A/IOAccelerator
0x000000000000a000 	/System/Library/Frameworks/ApplicationServices.framework/Versions/A/Frameworks/ATS.framework/Versions/A/Resources/libFontParser.dylib
0x000000000000a000 	/System/Library/Frameworks/ApplicationServices.framework/Versions/A/Frameworks/ATS.framework/Versions/A/Resources/libFontRegistry.dylib
0x000000000000a000 	/System/Library/PrivateFrameworks/AppleVPA.framework/Versions/A/AppleVPA
0x000000000000a000 	/System/Library/PrivateFrameworks/AppleJPEG.framework/Versions/A/AppleJPEG
0x000000000000a000 	/System/Library/Frameworks/ImageIO.framework/Versions/A/Resources/libJPEG.dylib
0x000000000000a000 	/System/Library/Frameworks/ImageIO.framework/Versions/A/Resources/libTIFF.dylib
0x000000000000a000 	/System/Library/Frameworks/ImageIO.framework/Versions/A/Resources/libPng.dylib
0x000000000000a000 	/System/Library/Frameworks/ImageIO.framework/Versions/A/Resources/libGIF.dylib
0x000000000000a000 	/System/Library/Frameworks/ImageIO.framework/Versions/A/Resources/libJP2.dylib
0x000000000000a000 	/System/Library/Frameworks/ImageIO.framework/Versions/A/Resources/libRadiance.dylib
0x000000000000a000 	/System/Library/Frameworks/CoreVideo.framework/Versions/A/CoreVideo
0x000000000000a000 	/System/Library/Frameworks/OpenGL.framework/Versions/A/Libraries/libGLU.dylib
0x000000000000a000 	/System/Library/Frameworks/OpenGL.framework/Versions/A/Libraries/libGFXShared.dylib
0x000000000000a000 	/System/Library/Frameworks/OpenGL.framework/Versions/A/Libraries/libGL.dylib
0x000000000000a000 	/System/Library/Frameworks/OpenGL.framework/Versions/A/Libraries/libGLImage.dylib
0x000000000000a000 	/System/Library/Frameworks/OpenGL.framework/Versions/A/Libraries/libCVMSPluginSupport.dylib
0x000000000000a000 	/System/Library/Frameworks/OpenGL.framework/Versions/A/Libraries/libCoreVMClient.dylib
0x000000000000a000 	/usr/lib/libcompression.dylib
0x000000000000a000 	/usr/lib/libcups.2.dylib
0x000000000000a000 	/System/Library/Frameworks/Kerberos.framework/Versions/A/Kerberos
0x000000000000a000 	/System/Library/Frameworks/GSS.framework/Versions/A/GSS
0x000000000000a000 	/usr/lib/libresolv.9.dylib
0x000000000000a000 	/usr/lib/libiconv.2.dylib
0x000000000000a000 	/System/Library/PrivateFrameworks/Heimdal.framework/Versions/A/Heimdal
0x000000000000a000 	/usr/lib/libheimdal-asn1.dylib
0x000000000000a000 	/System/Library/Frameworks/OpenDirectory.framework/Versions/A/OpenDirectory
0x000000000000a000 	/System/Library/PrivateFrameworks/CommonAuth.framework/Versions/A/CommonAuth
0x000000000000a000 	/System/Library/Frameworks/OpenDirectory.framework/Versions/A/Frameworks/CFOpenDirectory.framework/Versions/A/CFOpenDirectory
0x000000000000a000 	/System/Library/Frameworks/SecurityFoundation.framework/Versions/A/SecurityFoundation
0x000000000000a000 	/System/Library/PrivateFrameworks/LanguageModeling.framework/Versions/A/LanguageModeling
0x000000000000a000 	/usr/lib/libmarisa.dylib
0x000000000000a000 	/usr/lib/libChineseTokenizer.dylib
0x000000000000a000 	/usr/lib/libcmph.dylib
0x000000000000a000 	/System/Library/Frameworks/ServiceManagement.framework/Versions/A/ServiceManagement
0x000000000000a000 	/usr/lib/libxslt.1.dylib
0x000000000000a000 	/System/Library/Frameworks/Carbon.framework/Versions/A/Frameworks/Ink.framework/Versions/A/Ink
0x000000000000a000 	/usr/lib/libFosl_dynamic.dylib
0x000000000000a000 	/System/Library/PrivateFrameworks/FaceCore.framework/Versions/A/FaceCore
0x000000000000a000 	/System/Library/Frameworks/OpenCL.framework/Versions/A/OpenCL
0x000000000000a000 	/System/Library/PrivateFrameworks/CrashReporterSupport.framework/Versions/A/CrashReporterSupport
0x000000000000a000 	/System/Library/PrivateFrameworks/IconServices.framework/Versions/A/IconServices
0x000000000000a000 	/System/Library/PrivateFrameworks/Apple80211.framework/Versions/A/Apple80211
0x000000000000a000 	/System/Library/Frameworks/CoreWLAN.framework/Versions/A/CoreWLAN
0x000000000000a000 	/System/Library/Frameworks/IOBluetooth.framework/Versions/A/IOBluetooth
0x000000000000a000 	/System/Library/PrivateFrameworks/CoreWiFi.framework/Versions/A/CoreWiFi
0x000000000000a000 	/System/Library/Frameworks/CoreBluetooth.framework/Versions/A/CoreBluetooth
0x000000000000a000 	/System/Library/PrivateFrameworks/ChunkingLibrary.framework/Versions/A/ChunkingLibrary
0x000000000000a000 	/System/Library/PrivateFrameworks/DebugSymbols.framework/Versions/A/DebugSymbols
0x000000000000a000 	/System/Library/PrivateFrameworks/CoreSymbolication.framework/Versions/A/CoreSymbolication
0x000000000000a000 	/System/Library/PrivateFrameworks/Symbolication.framework/Versions/A/Symbolication
0x000000000000a000 	/System/Library/PrivateFrameworks/SpeechRecognitionCore.framework/Versions/A/SpeechRecognitionCore
0x0000000107305000 	/Library/Java/JavaVirtualMachines/jdk1.8.0_91.jdk/Contents/Home/jre/lib/server/libjvm.dylib
0x000000000000a000 	/usr/lib/libstdc++.6.dylib
0x0000000108299000 	/Library/Java/JavaVirtualMachines/jdk1.8.0_91.jdk/Contents/Home/jre/lib/libverify.dylib
0x00000001082a7000 	/Library/Java/JavaVirtualMachines/jdk1.8.0_91.jdk/Contents/Home/jre/lib/libjava.dylib
0x00000001082ea000 	/Library/Java/JavaVirtualMachines/jdk1.8.0_91.jdk/Contents/Home/jre/lib/libzip.dylib
0x000000011e466000 	/System/Library/Frameworks/JavaVM.framework/Frameworks/JavaRuntimeSupport.framework/JavaRuntimeSupport
0x000000011e481000 	/System/Library/Frameworks/JavaVM.framework/Versions/A/Frameworks/JavaNativeFoundation.framework/Versions/A/JavaNativeFoundation
0x00000001083f0000 	/System/Library/Frameworks/JavaVM.framework/Versions/A/JavaVM
0x000000000000a000 	/System/Library/Frameworks/Carbon.framework/Versions/A/Carbon
0x000000011e496000 	/System/Library/PrivateFrameworks/JavaLaunching.framework/Versions/A/JavaLaunching
0x000000000000a000 	/System/Library/Frameworks/Carbon.framework/Versions/A/Frameworks/CommonPanels.framework/Versions/A/CommonPanels
0x000000000000a000 	/System/Library/Frameworks/Carbon.framework/Versions/A/Frameworks/Help.framework/Versions/A/Help
0x000000000000a000 	/System/Library/Frameworks/Carbon.framework/Versions/A/Frameworks/ImageCapture.framework/Versions/A/ImageCapture
0x000000000000a000 	/System/Library/Frameworks/Carbon.framework/Versions/A/Frameworks/OpenScripting.framework/Versions/A/OpenScripting
0x000000000000a000 	/System/Library/Frameworks/Carbon.framework/Versions/A/Frameworks/Print.framework/Versions/A/Print
0x000000000000a000 	/System/Library/Frameworks/Carbon.framework/Versions/A/Frameworks/SecurityHI.framework/Versions/A/SecurityHI
0x000000011fdf2000 	/Library/Java/JavaVirtualMachines/jdk1.8.0_91.jdk/Contents/Home/jre/lib/libawt.dylib
0x000000011fe9a000 	/Library/Java/JavaVirtualMachines/jdk1.8.0_91.jdk/Contents/Home/jre/lib/./libmlib_image.dylib
0x000000011ff66000 	/Library/Java/JavaVirtualMachines/jdk1.8.0_91.jdk/Contents/Home/jre/lib/libawt_lwawt.dylib
0x000000012001b000 	/Library/Java/JavaVirtualMachines/jdk1.8.0_91.jdk/Contents/Home/jre/lib/./libosxapp.dylib
0x000000000000a000 	/System/Library/Frameworks/ExceptionHandling.framework/Versions/A/ExceptionHandling
0x000000000000a000 	/System/Library/PrivateFrameworks/CoreServicesInternal.framework/Versions/A/CoreServicesInternal
0x000000000000a000 	/System/Library/Frameworks/CoreGraphics.framework/Versions/A/Resources/libRIP.A.dylib
0x000000000000a000 	/System/Library/Frameworks/Accelerate.framework/Versions/A/Frameworks/vImage.framework/Versions/A/Libraries/libCGInterfaces.dylib
0x000000000000a000 	/System/Library/Frameworks/CoreGraphics.framework/Versions/A/Resources/libCGXType.A.dylib
0x000000000000a000 	/System/Library/Frameworks/OpenCL.framework/Versions/A/Libraries/libcldcpuengine.dylib
0x000000000000a000 	/System/Library/PrivateFrameworks/DiskImages.framework/Versions/A/DiskImages
0x000000000000a000 	/System/Library/Frameworks/DiscRecording.framework/Versions/A/DiscRecording
0x000000000000a000 	/usr/lib/libcsfde.dylib
0x000000000000a000 	/usr/lib/libcurl.4.dylib
0x000000000000a000 	/System/Library/PrivateFrameworks/MediaKit.framework/Versions/A/MediaKit
0x000000000000a000 	/System/Library/PrivateFrameworks/ProtectedCloudStorage.framework/Versions/A/ProtectedCloudStorage
0x000000000000a000 	/usr/lib/libCoreStorage.dylib
0x000000000000a000 	/System/Library/PrivateFrameworks/EFILogin.framework/Versions/A/EFILogin
0x000000000000a000 	/usr/lib/libutil.dylib
0x000000000000a000 	/System/Library/PrivateFrameworks/FindMyDevice.framework/Versions/A/FindMyDevice
0x000000000000a000 	/System/Library/Frameworks/LDAP.framework/Versions/A/LDAP
0x000000000000a000 	/usr/lib/libsasl2.2.dylib
0x000000000000a000 	/System/Library/PrivateFrameworks/CoreDaemon.framework/Versions/B/CoreDaemon
0x000000000000a000 	/usr/lib/libcrypto.0.9.8.dylib
0x000000000000a000 	/System/Library/PrivateFrameworks/AppleSRP.framework/Versions/A/AppleSRP
0x000000000000a000 	/System/Library/PrivateFrameworks/TrustEvaluationAgent.framework/Versions/A/TrustEvaluationAgent
0x0000000122054000 	cl_kernels
0x000000000000a000 	/System/Library/Frameworks/OpenCL.framework/Versions/A/Libraries/ImageFormats/unorm8_bgra.dylib
0x000000000000a000 	/System/Library/Frameworks/OpenCL.framework/Versions/A/Libraries/ImageFormats/unorm8_rgba.dylib
0x000000000000a000 	/System/Library/PrivateFrameworks/FamilyControls.framework/Versions/A/FamilyControls
0x000000000000a000 	/System/Library/PrivateFrameworks/CommerceKit.framework/Versions/A/Frameworks/CommerceCore.framework/Versions/A/CommerceCore
0x000000000000a000 	/System/Library/PrivateFrameworks/SystemAdministration.framework/Versions/A/SystemAdministration
0x000000000000a000 	/System/Library/PrivateFrameworks/AppContainer.framework/Versions/A/AppContainer
0x000000000000a000 	/System/Library/PrivateFrameworks/SecCodeWrapper.framework/Versions/A/SecCodeWrapper
0x000000000000a000 	/System/Library/Frameworks/DirectoryService.framework/Versions/A/DirectoryService
0x000000000000a000 	/System/Library/PrivateFrameworks/LoginUIKit.framework/Versions/A/Frameworks/LoginUICore.framework/Versions/A/LoginUICore
0x000000000000a000 	/usr/lib/libodfde.dylib
0x000000000000a000 	/System/Library/Frameworks/OpenGL.framework/Versions/A/Resources/GLEngine.bundle/GLEngine
0x000000000000a000 	/System/Library/Frameworks/OpenGL.framework/Versions/A/Libraries/libGLProgrammability.dylib
0x00000001231b0000 	/System/Library/Extensions/AppleIntelBDWGraphicsGLDriver.bundle/Contents/MacOS/AppleIntelBDWGraphicsGLDriver
0x000000000000a000 	/System/Library/PrivateFrameworks/GPUSupport.framework/Versions/A/Libraries/libGPUSupportMercury.dylib
0x000000000000a000 	/System/Library/Frameworks/OpenGL.framework/Versions/A/Resources/GLRendererFloat.bundle/GLRendererFloat
0x0000000124135000 	/Library/Java/JavaVirtualMachines/jdk1.8.0_91.jdk/Contents/Home/jre/lib/libfontmanager.dylib
0x00000001255fd000 	/Library/Java/JavaVirtualMachines/jdk1.8.0_91.jdk/Contents/Home/jre/lib/libosxui.dylib
0x00000001260c4000 	/Library/Java/JavaVirtualMachines/jdk1.8.0_91.jdk/Contents/Home/jre/lib/libnet.dylib
0x00000001260db000 	/Library/Java/JavaVirtualMachines/jdk1.8.0_91.jdk/Contents/Home/jre/lib/libnio.dylib
0x000000000000a000 	/System/Library/Frameworks/ApplicationServices.framework/Versions/A/Frameworks/ATS.framework/Versions/A/Resources/libTrueTypeScaler.dylib
0x00000001ac676000 	/System/Library/Extensions/AppleIntelBDWGraphicsMTLDriver.bundle/Contents/MacOS/AppleIntelBDWGraphicsMTLDriver
0x00000001ac5cd000 	/private/var/folders/2h/vqwmpqwj6bd01xqwnbwl3bl40000gn/T/jogamp_0000/file_cache/jln3076403405156529685/jln1033625786975552920/libgluegen-rt.jnilib
0x0000000125388000 	/private/var/folders/2h/vqwmpqwj6bd01xqwnbwl3bl40000gn/T/jogamp_0000/file_cache/jln3076403405156529685/jln1033625786975552920/libnativewindow_awt.jnilib
0x00000001ac5d1000 	/Library/Java/JavaVirtualMachines/jdk1.8.0_91.jdk/Contents/Home/jre/lib/libjawt.dylib
0x00000001ac5d4000 	/private/var/folders/2h/vqwmpqwj6bd01xqwnbwl3bl40000gn/T/jogamp_0000/file_cache/jln3076403405156529685/jln1033625786975552920/libnativewindow_macosx.jnilib
0x00000001acd73000 	/private/var/folders/2h/vqwmpqwj6bd01xqwnbwl3bl40000gn/T/jogamp_0000/file_cache/jln3076403405156529685/jln1033625786975552920/libjogl_desktop.jnilib

VM Arguments:
jvm_args: -Djava.security.policy=java.policy.applet -Dfile.encoding=UTF-8 
java_command: sun.applet.AppletViewer module4.EarthquakeCityMap1469735046408.html
java_class_path (initial): /Users/Jimmy/Documents/Java/UCSDUnfoldingMaps/build:/Users/Jimmy/Documents/Java/UCSDUnfoldingMaps/lib/core.jar:/Users/Jimmy/Documents/Java/UCSDUnfoldingMaps/lib/gluegen-rt.jar:/Users/Jimmy/Documents/Java/UCSDUnfoldingMaps/lib/jogl-all.jar:/Users/Jimmy/Documents/Java/UCSDUnfoldingMaps/lib/log4j-1.2.15.jar:/Users/Jimmy/Documents/Java/UCSDUnfoldingMaps/lib/sqlite-jdbc-3.7.2.jar:/Users/Jimmy/Documents/Java/UCSDUnfoldingMaps/lib/json4processing.jar:/Users/Jimmy/Documents/Java/UCSDUnfoldingMaps/lib/libTUIO.jar:/Users/Jimmy/Documents/Java/UCSDUnfoldingMaps/lib/unfolding.0.9.7-uscd.jar
Launcher Type: SUN_STANDARD

Environment Variables:
PATH=/usr/bin:/bin:/usr/sbin:/sbin
SHELL=/bin/bash

Signal Handlers:
SIGSEGV: [libjvm.dylib+0x5a97a1], sa_mask[0]=11111111011111110111111111111111, sa_flags=SA_ONSTACK|SA_RESTART|SA_SIGINFO
SIGBUS: [libjvm.dylib+0x5a97a1], sa_mask[0]=11111111011111110111111111111111, sa_flags=SA_RESTART|SA_SIGINFO
SIGFPE: [libjvm.dylib+0x482594], sa_mask[0]=11111111011111110111111111111111, sa_flags=SA_RESTART|SA_SIGINFO
SIGPIPE: [libjvm.dylib+0x482594], sa_mask[0]=11111111011111110111111111111111, sa_flags=SA_RESTART|SA_SIGINFO
SIGXFSZ: [libjvm.dylib+0x482594], sa_mask[0]=11111111011111110111111111111111, sa_flags=SA_RESTART|SA_SIGINFO
SIGILL: [libjvm.dylib+0x482594], sa_mask[0]=11111111011111110111111111111111, sa_flags=SA_RESTART|SA_SIGINFO
SIGUSR1: SIG_DFL, sa_mask[0]=00000000000000000000000000000000, sa_flags=none
SIGUSR2: [libjvm.dylib+0x4820b2], sa_mask[0]=00100000000000000000000000000000, sa_flags=SA_RESTART|SA_SIGINFO
SIGHUP: [libjvm.dylib+0x480689], sa_mask[0]=11111111011111110111111111111111, sa_flags=SA_RESTART|SA_SIGINFO
SIGINT: [libjvm.dylib+0x480689], sa_mask[0]=11111111011111110111111111111111, sa_flags=SA_RESTART|SA_SIGINFO
SIGTERM: [libjvm.dylib+0x480689], sa_mask[0]=11111111011111110111111111111111, sa_flags=SA_RESTART|SA_SIGINFO
SIGQUIT: [libjvm.dylib+0x480689], sa_mask[0]=11111111011111110111111111111111, sa_flags=SA_RESTART|SA_SIGINFO


---------------  S Y S T E M  ---------------

OS:Bsduname:Darwin 15.6.0 Darwin Kernel Version 15.6.0: Thu Jun 23 18:25:34 PDT 2016; root:xnu-3248.60.10~1/RELEASE_X86_64 x86_64
rlimit: STACK 8192k, CORE 0k, NPROC 709, NOFILE 10240, AS infinity
load average:1.35 1.49 1.52

CPU:total 4 (2 cores per cpu, 2 threads per core) family 6 model 61 stepping 4, cmov, cx8, fxsr, mmx, sse, sse2, sse3, ssse3, sse4.1, sse4.2, popcnt, avx, avx2, aes, clmul, erms, 3dnowpref, lzcnt, ht, tsc, tscinvbit, bmi1, bmi2, adx

Memory: 4k page, physical 8388608k(654276k free)

/proc/meminfo:


vm_info: Java HotSpot(TM) 64-Bit Server VM (25.91-b14) for bsd-amd64 JRE (1.8.0_91-b14), built on Apr  1 2016 01:03:00 by "java_re" with gcc 4.2.1 (Based on Apple Inc. build 5658) (LLVM build 2336.11.00)

time: Thu Jul 28 15:44:23 2016
elapsed time: 16 seconds (0d 0h 0m 16s)

