#
# A fatal error has been detected by the Java Runtime Environment:
#
#  SIGSEGV (0xb) at pc=0x00007fff8d89b4dd, pid=1446, tid=2571
#
# JRE version: Java(TM) SE Runtime Environment (8.0_91-b14) (build 1.8.0_91-b14)
# Java VM: Java HotSpot(TM) 64-Bit Server VM (25.91-b14 mixed mode bsd-amd64 compressed oops)
# Problematic frame:
# C  [libobjc.A.dylib+0x14dd]  objc_msgSend+0x1d
#
# Failed to write core dump. Core dumps have been disabled. To enable core dumping, try "ulimit -c unlimited" before starting Java again
#
# If you would like to submit a bug report, please visit:
#   http://bugreport.java.com/bugreport/crash.jsp
# The crash happened outside the Java Virtual Machine in native code.
# See problematic frame for where to report the bug.
#

---------------  T H R E A D  ---------------

Current thread (0x00007fb81205d000):  JavaThread "AWT-AppKit" daemon [_thread_in_native, id=2571, stack(0x00007fff5aaf7000,0x00007fff5b2f7000)]

siginfo: si_signo: 11 (SIGSEGV), si_code: 1 (SEGV_MAPERR), si_addr: 0x0000000000000018

Registers:
RAX=0x00007fb81710e100, RBX=0x00000001a9e0a450, RCX=0x000000011ebd8ea0, RDX=0x000000011ebd8080
RSP=0x00007fff5b2f23c8, RBP=0x00007fff5b2f2480, RSI=0x00007fff8f4e0cbe, RDI=0x00007fb816e90990
R8 =0x0000000000000000, R9 =0x00000000000008b0, R10=0x00007fff8f4e0cbe, R11=0x0000000000000000
R12=0x0000000000000000, R13=0x00000001af487818, R14=0x00000001a9e0a440, R15=0x00007fb81205d000
RIP=0x00007fff8d89b4dd, EFLAGS=0x0000000000010246, ERR=0x0000000000000004
  TRAPNO=0x000000000000000e

Top of Stack: (sp=0x00007fff5b2f23c8)
0x00007fff5b2f23c8:   00000001a9e08157 00007fff5b2f2420
0x00007fff5b2f23d8:   0000000000000003 00007fff5b2f2400
0x00007fff5b2f23e8:   0000000104d774ea 00000001af487818
0x00007fff5b2f23f8:   00000001af487818 00007fb81710e100
0x00007fff5b2f2408:   00000001a9e0a6a0 00000001a9e0a710
0x00007fff5b2f2418:   00007fff75022770 00007fff788d5500
0x00007fff5b2f2428:   00000001a9e0a450 00000001a9e0a690
0x00007fff5b2f2438:   00007fb81710e100 00007fb816e90990
0x00007fff5b2f2448:   00007fb8168cd800 00007fb81710e100
0x00007fff5b2f2458:   00007fb816e90990 00007fff5b2f2508
0x00007fff5b2f2468:   00007fb81205d1f8 00000001af487818
0x00007fff5b2f2478:   00007fff5b2f2530 00007fff5b2f24f8
0x00007fff5b2f2488:   00000001064179d4 00000001af487818
0x00007fff5b2f2498:   00007fff5b2f2530 00007fff5b2f24f8
0x00007fff5b2f24a8:   0000000106417767 0000000106417722
0x00007fff5b2f24b8:   00007fff5b2f24b8 00000001af487818
0x00007fff5b2f24c8:   00007fff5b2f2530 00000001af48a450
0x00007fff5b2f24d8:   0000000000000000 00000001af487818
0x00007fff5b2f24e8:   0000000000000000 00007fff5b2f2518
0x00007fff5b2f24f8:   00007fff5b2f2578 00000001064082bd
0x00007fff5b2f2508:   0000000797777798 0000000106411538
0x00007fff5b2f2518:   00007fb81710e100 00007fff5b2f2578
0x00007fff5b2f2528:   00007fb816e90990 0000000106412e02
0x00007fff5b2f2538:   00007fff5b2f2538 00000001af4879e2
0x00007fff5b2f2548:   00007fff5b2f25a0 00000001af48a450
0x00007fff5b2f2558:   0000000000000000 00000001af4879f0
0x00007fff5b2f2568:   00007fff5b2f2518 00007fff5b2f2588
0x00007fff5b2f2578:   00007fff5b2f25e8 00000001064082bd
0x00007fff5b2f2588:   00007fb81710e100 000000079777ec48
0x00007fff5b2f2598:   00007fb816e90990 000000079777ec48
0x00007fff5b2f25a8:   00007fff5b2f25a8 00000001b3cc777e
0x00007fff5b2f25b8:   00007fff5b2f25f8 00000001b3cc7838 

Instructions: (pc=0x00007fff8d89b4dd)
0x00007fff8d89b4bd:   44 00 00 48 85 ff 2e 74 62 40 f6 c7 01 2e 75 66
0x00007fff8d89b4cd:   49 bb f8 ff ff ff ff 7f 00 00 4c 23 1f 49 89 f2
0x00007fff8d89b4dd:   45 23 53 18 49 c1 e2 04 4d 03 53 10 49 3b 32 75
0x00007fff8d89b4ed:   04 41 ff 62 08 49 83 3a 01 76 0d 49 83 c2 10 49 

Register to memory mapping:

RAX=0x00007fb81710e100 is an unknown value
RBX=0x00000001a9e0a450: Java_jogamp_nativewindow_macosx_OSXUtil_GetScreenRefreshRate0+0x1cf0 in /private/var/folders/2h/vqwmpqwj6bd01xqwnbwl3bl40000gn/T/jogamp_0000/file_cache/jln7175006784755273055/jln3535576640487421080/libnativewindow_macosx.jnilib at 0x00000001a9e03000
RCX=0x000000011ebd8ea0 is an unknown value
RDX=0x000000011ebd8080 is an unknown value
RSP=0x00007fff5b2f23c8 is pointing into the stack for thread: 0x00007fb81205d000
RBP=0x00007fff5b2f2480 is pointing into the stack for thread: 0x00007fb81205d000
RSI=0x00007fff8f4e0cbe is an unknown value
RDI=0x00007fb816e90990 is an unknown value
R8 =0x0000000000000000 is an unknown value
R9 =0x00000000000008b0 is an unknown value
R10=0x00007fff8f4e0cbe is an unknown value
R11=0x0000000000000000 is an unknown value
R12=0x0000000000000000 is an unknown value
R13={method} {0x00000001af487818} 'UnsetJAWTRootSurfaceLayer0' '(JJ)V' in 'jogamp/nativewindow/jawt/macosx/MacOSXJAWTWindow'
R14=0x00000001a9e0a440: Java_jogamp_nativewindow_macosx_OSXUtil_GetScreenRefreshRate0+0x1ce0 in /private/var/folders/2h/vqwmpqwj6bd01xqwnbwl3bl40000gn/T/jogamp_0000/file_cache/jln7175006784755273055/jln3535576640487421080/libnativewindow_macosx.jnilib at 0x00000001a9e03000
R15=0x00007fb81205d000 is a thread


Stack: [0x00007fff5aaf7000,0x00007fff5b2f7000],  sp=0x00007fff5b2f23c8,  free space=8172k
Native frames: (J=compiled Java code, j=interpreted, Vv=VM code, C=native code)
C  [libobjc.A.dylib+0x14dd]  objc_msgSend+0x1d
j  jogamp.nativewindow.jawt.macosx.MacOSXJAWTWindow.UnsetJAWTRootSurfaceLayer0(JJ)V+0
j  jogamp.nativewindow.jawt.macosx.MacOSXJAWTWindow.access$200(JJ)V+2
j  jogamp.nativewindow.jawt.macosx.MacOSXJAWTWindow$1.run()V+38
J 2187 C1 com.jogamp.common.util.RunnableTask.run()V (345 bytes) @ 0x000000010679a094 [0x0000000106799f00+0x194]
v  ~StubRoutines::call_stub
V  [libjvm.dylib+0x2ec1e6]  JavaCalls::call_helper(JavaValue*, methodHandle*, JavaCallArguments*, Thread*)+0x6ae
V  [libjvm.dylib+0x323355]  jni_invoke_nonstatic(JNIEnv_*, JavaValue*, _jobject*, JNICallType, _jmethodID*, JNI_ArgumentPusher*, Thread*)+0x2ec
V  [libjvm.dylib+0x315b23]  jni_CallVoidMethod+0x16b
C  [libnativewindow_macosx.jnilib+0x5326]  Java_jogamp_nativewindow_jawt_macosx_MacOSXJAWTWindow_UnsetJAWTRootSurfaceLayer0+0x2b6
C  [Foundation+0x76fde]  __NSThreadPerformPerform+0x117
C  [CoreFoundation+0xaa881]  __CFRUNLOOP_IS_CALLING_OUT_TO_A_SOURCE0_PERFORM_FUNCTION__+0x11
C  [CoreFoundation+0x89fbc]  __CFRunLoopDoSources0+0x22c
C  [CoreFoundation+0x894df]  __CFRunLoopRun+0x39f
C  [CoreFoundation+0x88ed8]  CFRunLoopRunSpecific+0x128
C  [HIToolbox+0x30935]  RunCurrentEventLoopInMode+0xeb
C  [HIToolbox+0x30677]  ReceiveNextEventCommon+0xb8
C  [HIToolbox+0x305af]  _BlockUntilNextEventMatchingListInModeWithFilter+0x47
C  [AppKit+0x48df6]  _DPSNextEvent+0x42b
C  [AppKit+0x48226]  -[NSApplication _nextEventMatchingEventMask:untilDate:inMode:dequeue:]+0x1c6
C  [libosxapp.dylib+0x23aa]  -[NSApplicationAWT nextEventMatchingMask:untilDate:inMode:dequeue:]+0x7c
C  [AppKit+0x3cd80]  -[NSApplication run]+0x2aa
C  [libosxapp.dylib+0x214d]  +[NSApplicationAWT runAWTLoopWithApp:]+0x9c
C  [libawt_lwawt.dylib+0x4455b]  -[AWTStarter starter:]+0x389
C  [Foundation+0x76fde]  __NSThreadPerformPerform+0x117
C  [CoreFoundation+0xaa881]  __CFRUNLOOP_IS_CALLING_OUT_TO_A_SOURCE0_PERFORM_FUNCTION__+0x11
C  [CoreFoundation+0x89fbc]  __CFRunLoopDoSources0+0x22c
C  [CoreFoundation+0x894df]  __CFRunLoopRun+0x39f
C  [CoreFoundation+0x88ed8]  CFRunLoopRunSpecific+0x128
C  [java+0x6463]  CreateExecutionEnvironment+0x367
C  [java+0x21ac]  JLI_Launch+0x7a0
C  [java+0x84c0]  main+0x65
C  [java+0x1a04]  start+0x34
C  0x0000000000000007

Java frames: (J=compiled Java code, j=interpreted, Vv=VM code)
j  jogamp.nativewindow.jawt.macosx.MacOSXJAWTWindow.UnsetJAWTRootSurfaceLayer0(JJ)V+0
j  jogamp.nativewindow.jawt.macosx.MacOSXJAWTWindow.access$200(JJ)V+2
j  jogamp.nativewindow.jawt.macosx.MacOSXJAWTWindow$1.run()V+38
J 2187 C1 com.jogamp.common.util.RunnableTask.run()V (345 bytes) @ 0x000000010679a094 [0x0000000106799f00+0x194]
v  ~StubRoutines::call_stub

---------------  P R O C E S S  ---------------

Java Threads: ( => current thread )
  0x00007fb819a28800 JavaThread "Thread-19" [_thread_blocked, id=68551, stack(0x000070000104a000,0x000070000114a000)]
  0x00007fb8192b6000 JavaThread "Keep-Alive-Timer" daemon [_thread_blocked, id=70259, stack(0x0000700001e7d000,0x0000700001f7d000)]
  0x00007fb8134fd800 JavaThread "AWT-EventQueue-1" [_thread_in_native, id=64039, stack(0x00007000018eb000,0x00007000019eb000)]
  0x00007fb812af3800 JavaThread "DestroyJavaVM" [_thread_blocked, id=5891, stack(0x000070000011a000,0x000070000021a000)]
  0x00007fb81210e000 JavaThread "AWT-EventQueue-0" [_thread_blocked, id=56067, stack(0x00007000016e5000,0x00007000017e5000)]
  0x00007fb813912000 JavaThread "Java2D Disposer" daemon [_thread_blocked, id=52747, stack(0x000070000145c000,0x000070000155c000)]
  0x00007fb812069000 JavaThread "Java2D Queue Flusher" daemon [_thread_blocked, id=49671, stack(0x0000700001359000,0x0000700001459000)]
  0x00007fb81307c800 JavaThread "AWT-Shutdown" [_thread_blocked, id=29715, stack(0x00007000011d3000,0x00007000012d3000)]
=>0x00007fb81205d000 JavaThread "AWT-AppKit" daemon [_thread_in_native, id=2571, stack(0x00007fff5aaf7000,0x00007fff5b2f7000)]
  0x00007fb812015000 JavaThread "Service Thread" daemon [_thread_blocked, id=18691, stack(0x0000700000e44000,0x0000700000f44000)]
  0x00007fb81384b000 JavaThread "C1 CompilerThread2" daemon [_thread_blocked, id=18179, stack(0x0000700000d41000,0x0000700000e41000)]
  0x00007fb813018000 JavaThread "C2 CompilerThread1" daemon [_thread_blocked, id=17667, stack(0x0000700000c3e000,0x0000700000d3e000)]
  0x00007fb813016800 JavaThread "C2 CompilerThread0" daemon [_thread_blocked, id=17155, stack(0x0000700000b3b000,0x0000700000c3b000)]
  0x00007fb812838800 JavaThread "Signal Dispatcher" daemon [_thread_blocked, id=13839, stack(0x0000700000a38000,0x0000700000b38000)]
  0x00007fb812011000 JavaThread "Finalizer" daemon [_thread_blocked, id=12291, stack(0x000070000082f000,0x000070000092f000)]
  0x00007fb812803000 JavaThread "Reference Handler" daemon [_thread_blocked, id=11779, stack(0x000070000072c000,0x000070000082c000)]

Other Threads:
  0x00007fb81302e000 VMThread [stack: 0x0000700000629000,0x0000700000729000] [id=11267]
  0x00007fb812830800 WatcherThread [stack: 0x0000700000f47000,0x0000700001047000] [id=19203]

VM state:not at safepoint (normal execution)

VM Mutex/Monitor currently owned by a thread: None

Heap:
 PSYoungGen      total 38400K, used 19970K [0x0000000795580000, 0x0000000798000000, 0x00000007c0000000)
  eden space 33280K, 44% used [0x0000000795580000,0x0000000796404240,0x0000000797600000)
  from space 5120K, 99% used [0x0000000797600000,0x0000000797afc8b0,0x0000000797b00000)
  to   space 5120K, 0% used [0x0000000797b00000,0x0000000797b00000,0x0000000798000000)
 ParOldGen       total 87552K, used 12811K [0x0000000740000000, 0x0000000745580000, 0x0000000795580000)
  object space 87552K, 14% used [0x0000000740000000,0x0000000740c82de8,0x0000000745580000)
 Metaspace       used 20864K, capacity 21083K, committed 21296K, reserved 1069056K
  class space    used 2050K, capacity 2112K, committed 2176K, reserved 1048576K

Card table byte_map: [0x00000001157c0000,0x0000000115bc1000] byte_map_base: 0x0000000111dc0000

Marking Bits: (ParMarkBitMap*) 0x000000010546beb0
 Begin Bits: [0x0000000115e6c000, 0x0000000117e6c000)
 End Bits:   [0x0000000117e6c000, 0x0000000119e6c000)

Polling page: 0x0000000105b60000

CodeCache: size=245760Kb used=7681Kb max_used=7690Kb free=238078Kb
 bounds [0x0000000106400000, 0x0000000106b90000, 0x0000000115400000]
 total_blobs=3007 nmethods=2118 adapters=802
 compilation: enabled

Compilation events (10 events):
Event: 13.376 Thread 0x00007fb81384b000 2371       3       sun.java2d.SunGraphics2D::validateBasicStroke (332 bytes)
Event: 13.377 Thread 0x00007fb813016800 2372  s!   4       sun.misc.URLClassPath::getLoader (197 bytes)
Event: 13.379 Thread 0x00007fb81384b000 nmethod 2371 0x0000000106b832d0 code [0x0000000106b835e0, 0x0000000106b849c8]
Event: 13.379 Thread 0x00007fb81384b000 2373       3       java.util.zip.ZipEntry::getSize (5 bytes)
Event: 13.380 Thread 0x00007fb81384b000 nmethod 2373 0x0000000106b85410 code [0x0000000106b85560, 0x0000000106b856b0]
Event: 13.380 Thread 0x00007fb813018000 2374  s    4       sun.misc.URLClassPath::getNextLoader (88 bytes)
Event: 13.384 Thread 0x00007fb813016800 nmethod 2372 0x0000000106b88b10 code [0x0000000106b88c80, 0x0000000106b89458]
Event: 13.385 Thread 0x00007fb813018000 nmethod 2374 0x0000000106b89810 code [0x0000000106b89980, 0x0000000106b8a0f8]
Event: 13.389 Thread 0x00007fb81384b000 2375       3       sun.misc.JarIndex::get (49 bytes)
Event: 13.390 Thread 0x00007fb81384b000 nmethod 2375 0x0000000106b87d90 code [0x0000000106b87f60, 0x0000000106b887d8]

GC Heap History (6 events):
Event: 2.410 GC heap before
{Heap before GC invocations=1 (full 0):
 PSYoungGen      total 38400K, used 33280K [0x0000000795580000, 0x0000000798000000, 0x00000007c0000000)
  eden space 33280K, 100% used [0x0000000795580000,0x0000000797600000,0x0000000797600000)
  from space 5120K, 0% used [0x0000000797b00000,0x0000000797b00000,0x0000000798000000)
  to   space 5120K, 0% used [0x0000000797600000,0x0000000797600000,0x0000000797b00000)
 ParOldGen       total 87552K, used 0K [0x0000000740000000, 0x0000000745580000, 0x0000000795580000)
  object space 87552K, 0% used [0x0000000740000000,0x0000000740000000,0x0000000745580000)
 Metaspace       used 15656K, capacity 15801K, committed 16000K, reserved 1062912K
  class space    used 1581K, capacity 1659K, committed 1664K, reserved 1048576K
Event: 2.417 GC heap after
Heap after GC invocations=1 (full 0):
 PSYoungGen      total 38400K, used 5111K [0x0000000795580000, 0x0000000798000000, 0x00000007c0000000)
  eden space 33280K, 0% used [0x0000000795580000,0x0000000795580000,0x0000000797600000)
  from space 5120K, 99% used [0x0000000797600000,0x0000000797afdf18,0x0000000797b00000)
  to   space 5120K, 0% used [0x0000000797b00000,0x0000000797b00000,0x0000000798000000)
 ParOldGen       total 87552K, used 240K [0x0000000740000000, 0x0000000745580000, 0x0000000795580000)
  object space 87552K, 0% used [0x0000000740000000,0x000000074003c0e8,0x0000000745580000)
 Metaspace       used 15656K, capacity 15801K, committed 16000K, reserved 1062912K
  class space    used 1581K, capacity 1659K, committed 1664K, reserved 1048576K
}
Event: 4.386 GC heap before
{Heap before GC invocations=2 (full 0):
 PSYoungGen      total 38400K, used 36065K [0x0000000795580000, 0x0000000798000000, 0x00000007c0000000)
  eden space 33280K, 93% used [0x0000000795580000,0x00000007973ba5a0,0x0000000797600000)
  from space 5120K, 99% used [0x0000000797600000,0x0000000797afdf18,0x0000000797b00000)
  to   space 5120K, 0% used [0x0000000797b00000,0x0000000797b00000,0x0000000798000000)
 ParOldGen       total 87552K, used 240K [0x0000000740000000, 0x0000000745580000, 0x0000000795580000)
  object space 87552K, 0% used [0x0000000740000000,0x000000074003c0e8,0x0000000745580000)
 Metaspace       used 19296K, capacity 19531K, committed 19712K, reserved 1067008K
  class space    used 1962K, capacity 2046K, committed 2048K, reserved 1048576K
Event: 4.395 GC heap after
Heap after GC invocations=2 (full 0):
 PSYoungGen      total 38400K, used 5089K [0x0000000795580000, 0x0000000798000000, 0x00000007c0000000)
  eden space 33280K, 0% used [0x0000000795580000,0x0000000795580000,0x0000000797600000)
  from space 5120K, 99% used [0x0000000797b00000,0x0000000797ff8790,0x0000000798000000)
  to   space 5120K, 0% used [0x0000000797600000,0x0000000797600000,0x0000000797b00000)
 ParOldGen       total 87552K, used 4635K [0x0000000740000000, 0x0000000745580000, 0x0000000795580000)
  object space 87552K, 5% used [0x0000000740000000,0x0000000740486dc8,0x0000000745580000)
 Metaspace       used 19296K, capacity 19531K, committed 19712K, reserved 1067008K
  class space    used 1962K, capacity 2046K, committed 2048K, reserved 1048576K
}
Event: 5.275 GC heap before
{Heap before GC invocations=3 (full 0):
 PSYoungGen      total 38400K, used 38369K [0x0000000795580000, 0x0000000798000000, 0x00000007c0000000)
  eden space 33280K, 100% used [0x0000000795580000,0x0000000797600000,0x0000000797600000)
  from space 5120K, 99% used [0x0000000797b00000,0x0000000797ff8790,0x0000000798000000)
  to   space 5120K, 0% used [0x0000000797600000,0x0000000797600000,0x0000000797b00000)
 ParOldGen       total 87552K, used 4635K [0x0000000740000000, 0x0000000745580000, 0x0000000795580000)
  object space 87552K, 5% used [0x0000000740000000,0x0000000740486dc8,0x0000000745580000)
 Metaspace       used 20467K, capacity 20693K, committed 20864K, reserved 1069056K
  class space    used 2035K, capacity 2111K, committed 2176K, reserved 1048576K
Event: 5.292 GC heap after
Heap after GC invocations=3 (full 0):
 PSYoungGen      total 38400K, used 5106K [0x0000000795580000, 0x0000000798000000, 0x00000007c0000000)
  eden space 33280K, 0% used [0x0000000795580000,0x0000000795580000,0x0000000797600000)
  from space 5120K, 99% used [0x0000000797600000,0x0000000797afc8b0,0x0000000797b00000)
  to   space 5120K, 0% used [0x0000000797b00000,0x0000000797b00000,0x0000000798000000)
 ParOldGen       total 87552K, used 12811K [0x0000000740000000, 0x0000000745580000, 0x0000000795580000)
  object space 87552K, 14% used [0x0000000740000000,0x0000000740c82de8,0x0000000745580000)
 Metaspace       used 20467K, capacity 20693K, committed 20864K, reserved 1069056K
  class space    used 2035K, capacity 2111K, committed 2176K, reserved 1048576K
}

Deoptimization events (10 events):
Event: 4.281 Thread 0x00007fb8134fd800 Uncommon trap: reason=unstable_if action=reinterpret pc=0x00000001067e01bc method=sun.misc.FloatingDecimal.readJavaFormatString(Ljava/lang/String;)Lsun/misc/FloatingDecimal$ASCIIToBinaryConverter; @ 445
Event: 4.460 Thread 0x00007fb8134fd800 Uncommon trap: reason=unstable_if action=reinterpret pc=0x0000000106917d7c method=com.jogamp.common.util.IntIntHashMap.get(I)I @ 28
Event: 4.486 Thread 0x00007fb8134fd800 Uncommon trap: reason=unstable_if action=reinterpret pc=0x00000001067f4650 method=java.lang.String.trim()Ljava/lang/String; @ 23
Event: 4.656 Thread 0x00007fb812450800 Uncommon trap: reason=unstable_if action=reinterpret pc=0x00000001067c720c method=java.lang.String.regionMatches(ZILjava/lang/String;II)Z @ 123
Event: 13.364 Thread 0x00007fb8134fd800 Uncommon trap: reason=unstable_if action=reinterpret pc=0x0000000106b10a28 method=com.jogamp.common.util.VersionNumber.compareTo(Lcom/jogamp/common/util/VersionNumber;)I @ 21
Event: 13.367 Thread 0x00007fb81210e000 Uncommon trap: reason=unstable_if action=reinterpret pc=0x0000000106850ebc method=java.awt.font.FontRenderContext.equals(Ljava/awt/font/FontRenderContext;)Z @ 2
Event: 13.368 Thread 0x00007fb81210e000 Uncommon trap: reason=unstable_if action=reinterpret pc=0x0000000106530f54 method=java.awt.Font.equals(Ljava/lang/Object;)Z @ 2
Event: 13.375 Thread 0x00007fb813123000 Uncommon trap: reason=unstable_if action=reinterpret pc=0x00000001069ae408 method=java.util.HashMap.putVal(ILjava/lang/Object;Ljava/lang/Object;ZZ)Ljava/lang/Object; @ 81
Event: 13.375 Thread 0x00007fb813123000 Uncommon trap: reason=unstable_if action=reinterpret pc=0x00000001068f8740 method=java.util.HashMap.putVal(ILjava/lang/Object;Ljava/lang/Object;ZZ)Ljava/lang/Object; @ 81
Event: 13.392 Thread 0x00007fb81210e000 Uncommon trap: reason=unstable_if action=reinterpret pc=0x00000001066074f8 method=java.awt.font.FontRenderContext.equals(Ljava/awt/font/FontRenderContext;)Z @ 2

Internal exceptions (10 events):
Event: 0.245 Thread 0x00007fb813002000 Exception <a 'java/lang/NoSuchFieldError': method resolution failed> (0x00000007957e0ea8) thrown at [/Users/java_re/workspace/8-2-build-macosx-x86_64/jdk8u91/6644/hotspot/src/share/vm/prims/methodHandles.cpp, line 1146]
Event: 0.433 Thread 0x00007fb813002000 Exception <a 'java/io/FileNotFoundException'> (0x000000079585cc18) thrown at [/Users/java_re/workspace/8-2-build-macosx-x86_64/jdk8u91/6644/hotspot/src/share/vm/prims/jni.cpp, line 709]
Event: 0.433 Thread 0x00007fb813002000 Exception <a 'java/io/FileNotFoundException'> (0x000000079585d760) thrown at [/Users/java_re/workspace/8-2-build-macosx-x86_64/jdk8u91/6644/hotspot/src/share/vm/prims/jni.cpp, line 709]
Event: 0.555 Thread 0x00007fb813002000 Exception <a 'java/io/FileNotFoundException'> (0x0000000795a419e8) thrown at [/Users/java_re/workspace/8-2-build-macosx-x86_64/jdk8u91/6644/hotspot/src/share/vm/prims/jni.cpp, line 709]
Event: 2.203 Thread 0x00007fb813002000 Exception <a 'java/lang/UnsatisfiedLinkError': com.jogamp.common.util.JarUtil.fixNativeLibAttribs(Ljava/lang/String;)Z> (0x0000000796c40930) thrown at [/Users/java_re/workspace/8-2-build-macosx-x86_64/jdk8u91/6644/hotspot/src/share/vm/prims/nativeLookup.c
Event: 2.418 Thread 0x00007fb812011000 Exception <a 'java/lang/NullPointerException'> (0x00000007956a6f38) thrown at [/Users/java_re/workspace/8-2-build-macosx-x86_64/jdk8u91/6644/hotspot/src/share/vm/interpreter/linkResolver.cpp, line 1178]
Event: 3.001 Thread 0x00007fb8134fd800 Exception <a 'java/io/FileNotFoundException'> (0x000000079614c610) thrown at [/Users/java_re/workspace/8-2-build-macosx-x86_64/jdk8u91/6644/hotspot/src/share/vm/prims/jni.cpp, line 709]
Event: 3.001 Thread 0x00007fb8134fd800 Exception <a 'java/io/FileNotFoundException'> (0x00000007961537f8) thrown at [/Users/java_re/workspace/8-2-build-macosx-x86_64/jdk8u91/6644/hotspot/src/share/vm/prims/jni.cpp, line 709]
Event: 3.001 Thread 0x00007fb8134fd800 Implicit null exception at 0x00000001065bc775 to 0x00000001065bcad9
Event: 6.469 Thread 0x00007fb8134fd800 Exception <a 'java/lang/ClassCastException': module5.OceanQuakeMarker cannot be cast to module6.CommonMarker> (0x0000000796244960) thrown at [/Users/java_re/workspace/8-2-build-macosx-x86_64/jdk8u91/6644/hotspot/src/share/vm/interpreter/interpreterRuntime

Events (10 events):
Event: 13.391 loading class java/awt/LightweightDispatcher$2
Event: 13.391 loading class java/awt/LightweightDispatcher$2 done
Event: 13.391 loading class java/awt/event/AWTEventListenerProxy
Event: 13.391 loading class java/awt/event/AWTEventListenerProxy done
Event: 13.391 loading class java/awt/Toolkit$ToolkitEventMulticaster
Event: 13.391 loading class java/awt/Toolkit$ToolkitEventMulticaster done
Event: 13.392 Thread 0x00007fb81210e000 Uncommon trap: trap_request=0xffffff65 fr.pc=0x00000001066074f8
Event: 13.392 Thread 0x00007fb81210e000 DEOPT PACKING pc=0x00000001066074f8 sp=0x00007000017e24c0
Event: 13.392 Thread 0x00007fb81210e000 DEOPT UNPACKING pc=0x0000000106405229 sp=0x00007000017e2490 mode 2
Event: 13.392 Thread 0x00007fb813123000 Thread exited: 0x00007fb813123000


Dynamic libraries:
0x0000000004714000 	/System/Library/Frameworks/Cocoa.framework/Versions/A/Cocoa
0x0000000004714000 	/System/Library/Frameworks/Security.framework/Versions/A/Security
0x0000000004714000 	/System/Library/Frameworks/ApplicationServices.framework/Versions/A/ApplicationServices
0x0000000004714000 	/usr/lib/libz.1.dylib
0x0000000004714000 	/usr/lib/libSystem.B.dylib
0x0000000004714000 	/usr/lib/libobjc.A.dylib
0x0000000004714000 	/System/Library/Frameworks/CoreFoundation.framework/Versions/A/CoreFoundation
0x0000000004714000 	/System/Library/Frameworks/Foundation.framework/Versions/C/Foundation
0x0000000004714000 	/System/Library/Frameworks/AppKit.framework/Versions/C/AppKit
0x0000000004714000 	/System/Library/Frameworks/CoreData.framework/Versions/A/CoreData
0x0000000004714000 	/System/Library/PrivateFrameworks/RemoteViewServices.framework/Versions/A/RemoteViewServices
0x0000000004714000 	/System/Library/PrivateFrameworks/UIFoundation.framework/Versions/A/UIFoundation
0x0000000004714000 	/usr/lib/libScreenReader.dylib
0x0000000004714000 	/System/Library/Frameworks/Accelerate.framework/Versions/A/Accelerate
0x0000000004714000 	/System/Library/Frameworks/IOSurface.framework/Versions/A/IOSurface
0x0000000004714000 	/System/Library/Frameworks/AudioToolbox.framework/Versions/A/AudioToolbox
0x0000000004714000 	/System/Library/Frameworks/AudioUnit.framework/Versions/A/AudioUnit
0x0000000004714000 	/System/Library/PrivateFrameworks/DataDetectorsCore.framework/Versions/A/DataDetectorsCore
0x0000000004714000 	/System/Library/PrivateFrameworks/DesktopServicesPriv.framework/Versions/A/DesktopServicesPriv
0x0000000004714000 	/System/Library/Frameworks/Carbon.framework/Versions/A/Frameworks/HIToolbox.framework/Versions/A/HIToolbox
0x0000000004714000 	/System/Library/Frameworks/QuartzCore.framework/Versions/A/QuartzCore
0x0000000004714000 	/System/Library/Frameworks/Carbon.framework/Versions/A/Frameworks/SpeechRecognition.framework/Versions/A/SpeechRecognition
0x0000000004714000 	/usr/lib/libauto.dylib
0x0000000004714000 	/usr/lib/libicucore.A.dylib
0x0000000004714000 	/usr/lib/libxml2.2.dylib
0x0000000004714000 	/System/Library/PrivateFrameworks/CoreUI.framework/Versions/A/CoreUI
0x0000000004714000 	/System/Library/Frameworks/CoreAudio.framework/Versions/A/CoreAudio
0x0000000004714000 	/System/Library/Frameworks/DiskArbitration.framework/Versions/A/DiskArbitration
0x0000000004714000 	/usr/lib/liblangid.dylib
0x0000000004714000 	/System/Library/PrivateFrameworks/MultitouchSupport.framework/Versions/A/MultitouchSupport
0x0000000004714000 	/System/Library/Frameworks/IOKit.framework/Versions/A/IOKit
0x0000000004714000 	/usr/lib/libDiagnosticMessagesClient.dylib
0x0000000004714000 	/System/Library/Frameworks/CoreServices.framework/Versions/A/CoreServices
0x0000000004714000 	/System/Library/PrivateFrameworks/PerformanceAnalysis.framework/Versions/A/PerformanceAnalysis
0x0000000004714000 	/System/Library/PrivateFrameworks/GenerationalStorage.framework/Versions/A/GenerationalStorage
0x0000000004714000 	/System/Library/Frameworks/OpenGL.framework/Versions/A/OpenGL
0x0000000004714000 	/System/Library/PrivateFrameworks/Sharing.framework/Versions/A/Sharing
0x0000000004714000 	/System/Library/Frameworks/CoreGraphics.framework/Versions/A/CoreGraphics
0x0000000004714000 	/System/Library/Frameworks/CoreImage.framework/Versions/A/CoreImage
0x0000000004714000 	/System/Library/Frameworks/CoreText.framework/Versions/A/CoreText
0x0000000004714000 	/System/Library/Frameworks/ImageIO.framework/Versions/A/ImageIO
0x0000000004714000 	/System/Library/PrivateFrameworks/Backup.framework/Versions/A/Backup
0x0000000004714000 	/usr/lib/libextension.dylib
0x0000000004714000 	/usr/lib/libarchive.2.dylib
0x0000000004714000 	/System/Library/Frameworks/CFNetwork.framework/Versions/A/CFNetwork
0x0000000004714000 	/System/Library/Frameworks/SystemConfiguration.framework/Versions/A/SystemConfiguration
0x0000000004714000 	/usr/lib/libCRFSuite.dylib
0x0000000004714000 	/usr/lib/libc++.1.dylib
0x0000000004714000 	/usr/lib/libc++abi.dylib
0x0000000004714000 	/usr/lib/system/libcache.dylib
0x0000000004714000 	/usr/lib/system/libcommonCrypto.dylib
0x0000000004714000 	/usr/lib/system/libcompiler_rt.dylib
0x0000000004714000 	/usr/lib/system/libcopyfile.dylib
0x0000000004714000 	/usr/lib/system/libcorecrypto.dylib
0x0000000004714000 	/usr/lib/system/libdispatch.dylib
0x0000000004714000 	/usr/lib/system/libdyld.dylib
0x0000000004714000 	/usr/lib/system/libkeymgr.dylib
0x0000000004714000 	/usr/lib/system/liblaunch.dylib
0x0000000004714000 	/usr/lib/system/libmacho.dylib
0x0000000004714000 	/usr/lib/system/libquarantine.dylib
0x0000000004714000 	/usr/lib/system/libremovefile.dylib
0x0000000004714000 	/usr/lib/system/libsystem_asl.dylib
0x0000000004714000 	/usr/lib/system/libsystem_blocks.dylib
0x0000000004714000 	/usr/lib/system/libsystem_c.dylib
0x0000000004714000 	/usr/lib/system/libsystem_configuration.dylib
0x0000000004714000 	/usr/lib/system/libsystem_coreservices.dylib
0x0000000004714000 	/usr/lib/system/libsystem_coretls.dylib
0x0000000004714000 	/usr/lib/system/libsystem_dnssd.dylib
0x0000000004714000 	/usr/lib/system/libsystem_info.dylib
0x0000000004714000 	/usr/lib/system/libsystem_kernel.dylib
0x0000000004714000 	/usr/lib/system/libsystem_m.dylib
0x0000000004714000 	/usr/lib/system/libsystem_malloc.dylib
0x0000000004714000 	/usr/lib/system/libsystem_network.dylib
0x0000000004714000 	/usr/lib/system/libsystem_networkextension.dylib
0x0000000004714000 	/usr/lib/system/libsystem_notify.dylib
0x0000000004714000 	/usr/lib/system/libsystem_platform.dylib
0x0000000004714000 	/usr/lib/system/libsystem_pthread.dylib
0x0000000004714000 	/usr/lib/system/libsystem_sandbox.dylib
0x0000000004714000 	/usr/lib/system/libsystem_secinit.dylib
0x0000000004714000 	/usr/lib/system/libsystem_trace.dylib
0x0000000004714000 	/usr/lib/system/libunc.dylib
0x0000000004714000 	/usr/lib/system/libunwind.dylib
0x0000000004714000 	/usr/lib/system/libxpc.dylib
0x0000000004714000 	/usr/lib/libenergytrace.dylib
0x0000000004714000 	/usr/lib/libbsm.0.dylib
0x0000000004714000 	/usr/lib/system/libkxld.dylib
0x0000000004714000 	/usr/lib/libxar.1.dylib
0x0000000004714000 	/usr/lib/libsqlite3.dylib
0x0000000004714000 	/usr/lib/libpam.2.dylib
0x0000000004714000 	/usr/lib/libOpenScriptingUtil.dylib
0x0000000004714000 	/usr/lib/libbz2.1.0.dylib
0x0000000004714000 	/usr/lib/liblzma.5.dylib
0x0000000004714000 	/System/Library/Frameworks/CoreServices.framework/Versions/A/Frameworks/FSEvents.framework/Versions/A/FSEvents
0x0000000004714000 	/System/Library/Frameworks/CoreServices.framework/Versions/A/Frameworks/CarbonCore.framework/Versions/A/CarbonCore
0x0000000004714000 	/System/Library/Frameworks/CoreServices.framework/Versions/A/Frameworks/Metadata.framework/Versions/A/Metadata
0x0000000004714000 	/System/Library/Frameworks/CoreServices.framework/Versions/A/Frameworks/OSServices.framework/Versions/A/OSServices
0x0000000004714000 	/System/Library/Frameworks/CoreServices.framework/Versions/A/Frameworks/SearchKit.framework/Versions/A/SearchKit
0x0000000004714000 	/System/Library/Frameworks/CoreServices.framework/Versions/A/Frameworks/AE.framework/Versions/A/AE
0x0000000004714000 	/System/Library/Frameworks/CoreServices.framework/Versions/A/Frameworks/LaunchServices.framework/Versions/A/LaunchServices
0x0000000004714000 	/System/Library/Frameworks/CoreServices.framework/Versions/A/Frameworks/DictionaryServices.framework/Versions/A/DictionaryServices
0x0000000004714000 	/System/Library/Frameworks/CoreServices.framework/Versions/A/Frameworks/SharedFileList.framework/Versions/A/SharedFileList
0x0000000004714000 	/System/Library/Frameworks/NetFS.framework/Versions/A/NetFS
0x0000000004714000 	/System/Library/PrivateFrameworks/NetAuth.framework/Versions/A/NetAuth
0x0000000004714000 	/System/Library/PrivateFrameworks/login.framework/Versions/A/Frameworks/loginsupport.framework/Versions/A/loginsupport
0x0000000004714000 	/System/Library/PrivateFrameworks/TCC.framework/Versions/A/TCC
0x0000000004714000 	/usr/lib/libmecabra.dylib
0x0000000004714000 	/System/Library/Frameworks/ApplicationServices.framework/Versions/A/Frameworks/ATS.framework/Versions/A/ATS
0x0000000004714000 	/System/Library/Frameworks/ApplicationServices.framework/Versions/A/Frameworks/ColorSync.framework/Versions/A/ColorSync
0x0000000004714000 	/System/Library/Frameworks/ApplicationServices.framework/Versions/A/Frameworks/HIServices.framework/Versions/A/HIServices
0x0000000004714000 	/System/Library/Frameworks/ApplicationServices.framework/Versions/A/Frameworks/LangAnalysis.framework/Versions/A/LangAnalysis
0x0000000004714000 	/System/Library/Frameworks/ApplicationServices.framework/Versions/A/Frameworks/PrintCore.framework/Versions/A/PrintCore
0x0000000004714000 	/System/Library/Frameworks/ApplicationServices.framework/Versions/A/Frameworks/QD.framework/Versions/A/QD
0x0000000004714000 	/System/Library/Frameworks/ApplicationServices.framework/Versions/A/Frameworks/SpeechSynthesis.framework/Versions/A/SpeechSynthesis
0x0000000004714000 	/System/Library/Frameworks/Metal.framework/Versions/A/Metal
0x0000000004714000 	/System/Library/Frameworks/Accelerate.framework/Versions/A/Frameworks/vImage.framework/Versions/A/vImage
0x0000000004714000 	/System/Library/Frameworks/Accelerate.framework/Versions/A/Frameworks/vecLib.framework/Versions/A/vecLib
0x0000000004714000 	/System/Library/Frameworks/Accelerate.framework/Versions/A/Frameworks/vecLib.framework/Versions/A/libvDSP.dylib
0x0000000004714000 	/System/Library/Frameworks/Accelerate.framework/Versions/A/Frameworks/vecLib.framework/Versions/A/libvMisc.dylib
0x0000000004714000 	/System/Library/Frameworks/Accelerate.framework/Versions/A/Frameworks/vecLib.framework/Versions/A/libLAPACK.dylib
0x0000000004714000 	/System/Library/Frameworks/Accelerate.framework/Versions/A/Frameworks/vecLib.framework/Versions/A/libBLAS.dylib
0x0000000004714000 	/System/Library/Frameworks/Accelerate.framework/Versions/A/Frameworks/vecLib.framework/Versions/A/libLinearAlgebra.dylib
0x0000000004714000 	/System/Library/Frameworks/Accelerate.framework/Versions/A/Frameworks/vecLib.framework/Versions/A/libSparseBLAS.dylib
0x0000000004714000 	/System/Library/PrivateFrameworks/GPUCompiler.framework/libmetal_timestamp.dylib
0x0000000004714000 	/System/Library/Frameworks/OpenGL.framework/Versions/A/Libraries/libCoreFSCache.dylib
0x0000000004714000 	/System/Library/PrivateFrameworks/IOAccelerator.framework/Versions/A/IOAccelerator
0x0000000004714000 	/System/Library/Frameworks/ApplicationServices.framework/Versions/A/Frameworks/ATS.framework/Versions/A/Resources/libFontParser.dylib
0x0000000004714000 	/System/Library/Frameworks/ApplicationServices.framework/Versions/A/Frameworks/ATS.framework/Versions/A/Resources/libFontRegistry.dylib
0x0000000004714000 	/System/Library/PrivateFrameworks/AppleVPA.framework/Versions/A/AppleVPA
0x0000000004714000 	/System/Library/PrivateFrameworks/AppleJPEG.framework/Versions/A/AppleJPEG
0x0000000004714000 	/System/Library/Frameworks/ImageIO.framework/Versions/A/Resources/libJPEG.dylib
0x0000000004714000 	/System/Library/Frameworks/ImageIO.framework/Versions/A/Resources/libTIFF.dylib
0x0000000004714000 	/System/Library/Frameworks/ImageIO.framework/Versions/A/Resources/libPng.dylib
0x0000000004714000 	/System/Library/Frameworks/ImageIO.framework/Versions/A/Resources/libGIF.dylib
0x0000000004714000 	/System/Library/Frameworks/ImageIO.framework/Versions/A/Resources/libJP2.dylib
0x0000000004714000 	/System/Library/Frameworks/ImageIO.framework/Versions/A/Resources/libRadiance.dylib
0x0000000004714000 	/System/Library/Frameworks/CoreVideo.framework/Versions/A/CoreVideo
0x0000000004714000 	/System/Library/Frameworks/OpenGL.framework/Versions/A/Libraries/libGLU.dylib
0x0000000004714000 	/System/Library/Frameworks/OpenGL.framework/Versions/A/Libraries/libGFXShared.dylib
0x0000000004714000 	/System/Library/Frameworks/OpenGL.framework/Versions/A/Libraries/libGL.dylib
0x0000000004714000 	/System/Library/Frameworks/OpenGL.framework/Versions/A/Libraries/libGLImage.dylib
0x0000000004714000 	/System/Library/Frameworks/OpenGL.framework/Versions/A/Libraries/libCVMSPluginSupport.dylib
0x0000000004714000 	/System/Library/Frameworks/OpenGL.framework/Versions/A/Libraries/libCoreVMClient.dylib
0x0000000004714000 	/usr/lib/libcompression.dylib
0x0000000004714000 	/usr/lib/libcups.2.dylib
0x0000000004714000 	/System/Library/Frameworks/Kerberos.framework/Versions/A/Kerberos
0x0000000004714000 	/System/Library/Frameworks/GSS.framework/Versions/A/GSS
0x0000000004714000 	/usr/lib/libresolv.9.dylib
0x0000000004714000 	/usr/lib/libiconv.2.dylib
0x0000000004714000 	/System/Library/PrivateFrameworks/Heimdal.framework/Versions/A/Heimdal
0x0000000004714000 	/usr/lib/libheimdal-asn1.dylib
0x0000000004714000 	/System/Library/Frameworks/OpenDirectory.framework/Versions/A/OpenDirectory
0x0000000004714000 	/System/Library/PrivateFrameworks/CommonAuth.framework/Versions/A/CommonAuth
0x0000000004714000 	/System/Library/Frameworks/OpenDirectory.framework/Versions/A/Frameworks/CFOpenDirectory.framework/Versions/A/CFOpenDirectory
0x0000000004714000 	/System/Library/Frameworks/SecurityFoundation.framework/Versions/A/SecurityFoundation
0x0000000004714000 	/System/Library/PrivateFrameworks/LanguageModeling.framework/Versions/A/LanguageModeling
0x0000000004714000 	/usr/lib/libmarisa.dylib
0x0000000004714000 	/usr/lib/libChineseTokenizer.dylib
0x0000000004714000 	/usr/lib/libcmph.dylib
0x0000000004714000 	/System/Library/Frameworks/ServiceManagement.framework/Versions/A/ServiceManagement
0x0000000004714000 	/usr/lib/libxslt.1.dylib
0x0000000004714000 	/System/Library/Frameworks/Carbon.framework/Versions/A/Frameworks/Ink.framework/Versions/A/Ink
0x0000000004714000 	/usr/lib/libFosl_dynamic.dylib
0x0000000004714000 	/System/Library/PrivateFrameworks/FaceCore.framework/Versions/A/FaceCore
0x0000000004714000 	/System/Library/Frameworks/OpenCL.framework/Versions/A/OpenCL
0x0000000004714000 	/System/Library/PrivateFrameworks/CrashReporterSupport.framework/Versions/A/CrashReporterSupport
0x0000000004714000 	/System/Library/PrivateFrameworks/IconServices.framework/Versions/A/IconServices
0x0000000004714000 	/System/Library/PrivateFrameworks/Apple80211.framework/Versions/A/Apple80211
0x0000000004714000 	/System/Library/Frameworks/CoreWLAN.framework/Versions/A/CoreWLAN
0x0000000004714000 	/System/Library/Frameworks/IOBluetooth.framework/Versions/A/IOBluetooth
0x0000000004714000 	/System/Library/PrivateFrameworks/CoreWiFi.framework/Versions/A/CoreWiFi
0x0000000004714000 	/System/Library/Frameworks/CoreBluetooth.framework/Versions/A/CoreBluetooth
0x0000000004714000 	/System/Library/PrivateFrameworks/ChunkingLibrary.framework/Versions/A/ChunkingLibrary
0x0000000004714000 	/System/Library/PrivateFrameworks/DebugSymbols.framework/Versions/A/DebugSymbols
0x0000000004714000 	/System/Library/PrivateFrameworks/CoreSymbolication.framework/Versions/A/CoreSymbolication
0x0000000004714000 	/System/Library/PrivateFrameworks/Symbolication.framework/Versions/A/Symbolication
0x0000000004714000 	/System/Library/PrivateFrameworks/SpeechRecognitionCore.framework/Versions/A/SpeechRecognitionCore
0x0000000104b85000 	/Library/Java/JavaVirtualMachines/jdk1.8.0_91.jdk/Contents/Home/jre/lib/server/libjvm.dylib
0x0000000004714000 	/usr/lib/libstdc++.6.dylib
0x0000000105b1d000 	/Library/Java/JavaVirtualMachines/jdk1.8.0_91.jdk/Contents/Home/jre/lib/libverify.dylib
0x0000000105b2b000 	/Library/Java/JavaVirtualMachines/jdk1.8.0_91.jdk/Contents/Home/jre/lib/libjava.dylib
0x0000000105b6a000 	/Library/Java/JavaVirtualMachines/jdk1.8.0_91.jdk/Contents/Home/jre/lib/libzip.dylib
0x0000000105be4000 	/System/Library/Frameworks/JavaVM.framework/Frameworks/JavaRuntimeSupport.framework/JavaRuntimeSupport
0x000000011bcf2000 	/System/Library/Frameworks/JavaVM.framework/Versions/A/Frameworks/JavaNativeFoundation.framework/Versions/A/JavaNativeFoundation
0x000000011bd07000 	/System/Library/Frameworks/JavaVM.framework/Versions/A/JavaVM
0x0000000004714000 	/System/Library/Frameworks/Carbon.framework/Versions/A/Carbon
0x000000011bd14000 	/System/Library/PrivateFrameworks/JavaLaunching.framework/Versions/A/JavaLaunching
0x0000000004714000 	/System/Library/Frameworks/Carbon.framework/Versions/A/Frameworks/CommonPanels.framework/Versions/A/CommonPanels
0x0000000004714000 	/System/Library/Frameworks/Carbon.framework/Versions/A/Frameworks/Help.framework/Versions/A/Help
0x0000000004714000 	/System/Library/Frameworks/Carbon.framework/Versions/A/Frameworks/ImageCapture.framework/Versions/A/ImageCapture
0x0000000004714000 	/System/Library/Frameworks/Carbon.framework/Versions/A/Frameworks/OpenScripting.framework/Versions/A/OpenScripting
0x0000000004714000 	/System/Library/Frameworks/Carbon.framework/Versions/A/Frameworks/Print.framework/Versions/A/Print
0x0000000004714000 	/System/Library/Frameworks/Carbon.framework/Versions/A/Frameworks/SecurityHI.framework/Versions/A/SecurityHI
0x000000011d672000 	/Library/Java/JavaVirtualMachines/jdk1.8.0_91.jdk/Contents/Home/jre/lib/libawt.dylib
0x000000011d71a000 	/Library/Java/JavaVirtualMachines/jdk1.8.0_91.jdk/Contents/Home/jre/lib/./libmlib_image.dylib
0x000000011d7e6000 	/Library/Java/JavaVirtualMachines/jdk1.8.0_91.jdk/Contents/Home/jre/lib/libawt_lwawt.dylib
0x000000011d89b000 	/Library/Java/JavaVirtualMachines/jdk1.8.0_91.jdk/Contents/Home/jre/lib/./libosxapp.dylib
0x0000000004714000 	/System/Library/Frameworks/ExceptionHandling.framework/Versions/A/ExceptionHandling
0x0000000004714000 	/System/Library/PrivateFrameworks/CoreServicesInternal.framework/Versions/A/CoreServicesInternal
0x0000000004714000 	/System/Library/Frameworks/CoreGraphics.framework/Versions/A/Resources/libRIP.A.dylib
0x0000000004714000 	/System/Library/Frameworks/Accelerate.framework/Versions/A/Frameworks/vImage.framework/Versions/A/Libraries/libCGInterfaces.dylib
0x0000000004714000 	/System/Library/Frameworks/CoreGraphics.framework/Versions/A/Resources/libCGXType.A.dylib
0x0000000004714000 	/System/Library/Frameworks/OpenCL.framework/Versions/A/Libraries/libcldcpuengine.dylib
0x0000000004714000 	/System/Library/PrivateFrameworks/DiskImages.framework/Versions/A/DiskImages
0x0000000004714000 	/System/Library/Frameworks/DiscRecording.framework/Versions/A/DiscRecording
0x0000000004714000 	/usr/lib/libcsfde.dylib
0x0000000004714000 	/usr/lib/libcurl.4.dylib
0x0000000004714000 	/System/Library/PrivateFrameworks/MediaKit.framework/Versions/A/MediaKit
0x0000000004714000 	/System/Library/PrivateFrameworks/ProtectedCloudStorage.framework/Versions/A/ProtectedCloudStorage
0x0000000004714000 	/usr/lib/libCoreStorage.dylib
0x0000000004714000 	/System/Library/PrivateFrameworks/EFILogin.framework/Versions/A/EFILogin
0x0000000004714000 	/usr/lib/libutil.dylib
0x0000000004714000 	/System/Library/PrivateFrameworks/FindMyDevice.framework/Versions/A/FindMyDevice
0x0000000004714000 	/System/Library/Frameworks/LDAP.framework/Versions/A/LDAP
0x0000000004714000 	/usr/lib/libsasl2.2.dylib
0x0000000004714000 	/System/Library/PrivateFrameworks/CoreDaemon.framework/Versions/B/CoreDaemon
0x0000000004714000 	/usr/lib/libcrypto.0.9.8.dylib
0x0000000004714000 	/System/Library/PrivateFrameworks/AppleSRP.framework/Versions/A/AppleSRP
0x0000000004714000 	/System/Library/PrivateFrameworks/TrustEvaluationAgent.framework/Versions/A/TrustEvaluationAgent
0x000000011f8d4000 	cl_kernels
0x0000000004714000 	/System/Library/Frameworks/OpenCL.framework/Versions/A/Libraries/ImageFormats/unorm8_bgra.dylib
0x0000000004714000 	/System/Library/Frameworks/OpenCL.framework/Versions/A/Libraries/ImageFormats/unorm8_rgba.dylib
0x0000000004714000 	/System/Library/PrivateFrameworks/FamilyControls.framework/Versions/A/FamilyControls
0x0000000004714000 	/System/Library/PrivateFrameworks/CommerceKit.framework/Versions/A/Frameworks/CommerceCore.framework/Versions/A/CommerceCore
0x0000000004714000 	/System/Library/PrivateFrameworks/SystemAdministration.framework/Versions/A/SystemAdministration
0x0000000004714000 	/System/Library/PrivateFrameworks/AppContainer.framework/Versions/A/AppContainer
0x0000000004714000 	/System/Library/PrivateFrameworks/SecCodeWrapper.framework/Versions/A/SecCodeWrapper
0x0000000004714000 	/System/Library/Frameworks/DirectoryService.framework/Versions/A/DirectoryService
0x0000000004714000 	/System/Library/PrivateFrameworks/LoginUIKit.framework/Versions/A/Frameworks/LoginUICore.framework/Versions/A/LoginUICore
0x0000000004714000 	/usr/lib/libodfde.dylib
0x0000000004714000 	/System/Library/Frameworks/OpenGL.framework/Versions/A/Resources/GLEngine.bundle/GLEngine
0x0000000004714000 	/System/Library/Frameworks/OpenGL.framework/Versions/A/Libraries/libGLProgrammability.dylib
0x0000000120a30000 	/System/Library/Extensions/AppleIntelBDWGraphicsGLDriver.bundle/Contents/MacOS/AppleIntelBDWGraphicsGLDriver
0x0000000004714000 	/System/Library/PrivateFrameworks/GPUSupport.framework/Versions/A/Libraries/libGPUSupportMercury.dylib
0x0000000004714000 	/System/Library/Frameworks/OpenGL.framework/Versions/A/Resources/GLRendererFloat.bundle/GLRendererFloat
0x00000001219b5000 	/Library/Java/JavaVirtualMachines/jdk1.8.0_91.jdk/Contents/Home/jre/lib/libfontmanager.dylib
0x0000000122e7d000 	/Library/Java/JavaVirtualMachines/jdk1.8.0_91.jdk/Contents/Home/jre/lib/libosxui.dylib
0x0000000123943000 	/Library/Java/JavaVirtualMachines/jdk1.8.0_91.jdk/Contents/Home/jre/lib/libnet.dylib
0x000000012395a000 	/Library/Java/JavaVirtualMachines/jdk1.8.0_91.jdk/Contents/Home/jre/lib/libnio.dylib
0x0000000004714000 	/System/Library/Frameworks/ApplicationServices.framework/Versions/A/Frameworks/ATS.framework/Versions/A/Resources/libTrueTypeScaler.dylib
0x00000001a9ef5000 	/System/Library/Extensions/AppleIntelBDWGraphicsMTLDriver.bundle/Contents/MacOS/AppleIntelBDWGraphicsMTLDriver
0x00000001a9dfc000 	/private/var/folders/2h/vqwmpqwj6bd01xqwnbwl3bl40000gn/T/jogamp_0000/file_cache/jln7175006784755273055/jln3535576640487421080/libgluegen-rt.jnilib
0x0000000122c08000 	/private/var/folders/2h/vqwmpqwj6bd01xqwnbwl3bl40000gn/T/jogamp_0000/file_cache/jln7175006784755273055/jln3535576640487421080/libnativewindow_awt.jnilib
0x00000001a9e00000 	/Library/Java/JavaVirtualMachines/jdk1.8.0_91.jdk/Contents/Home/jre/lib/libjawt.dylib
0x00000001a9e03000 	/private/var/folders/2h/vqwmpqwj6bd01xqwnbwl3bl40000gn/T/jogamp_0000/file_cache/jln7175006784755273055/jln3535576640487421080/libnativewindow_macosx.jnilib
0x00000001af335000 	/private/var/folders/2h/vqwmpqwj6bd01xqwnbwl3bl40000gn/T/jogamp_0000/file_cache/jln7175006784755273055/jln3535576640487421080/libjogl_desktop.jnilib
0x00000001b0fc1000 	/Library/Java/JavaVirtualMachines/jdk1.8.0_91.jdk/Contents/Home/jre/lib/libt2k.dylib

VM Arguments:
jvm_args: -Djava.security.policy=java.policy.applet -Dfile.encoding=UTF-8 
java_command: sun.applet.AppletViewer module5.EarthquakeCityMap1470077104657.html
java_class_path (initial): /Users/Jimmy/Documents/Java/UCSDUnfoldingMaps/build:/Users/Jimmy/Documents/Java/UCSDUnfoldingMaps/lib/core.jar:/Users/Jimmy/Documents/Java/UCSDUnfoldingMaps/lib/gluegen-rt.jar:/Users/Jimmy/Documents/Java/UCSDUnfoldingMaps/lib/jogl-all.jar:/Users/Jimmy/Documents/Java/UCSDUnfoldingMaps/lib/log4j-1.2.15.jar:/Users/Jimmy/Documents/Java/UCSDUnfoldingMaps/lib/sqlite-jdbc-3.7.2.jar:/Users/Jimmy/Documents/Java/UCSDUnfoldingMaps/lib/json4processing.jar:/Users/Jimmy/Documents/Java/UCSDUnfoldingMaps/lib/libTUIO.jar:/Users/Jimmy/Documents/Java/UCSDUnfoldingMaps/lib/unfolding.0.9.7-uscd.jar
Launcher Type: SUN_STANDARD

Environment Variables:
PATH=/usr/bin:/bin:/usr/sbin:/sbin
SHELL=/bin/bash

Signal Handlers:
SIGSEGV: [libjvm.dylib+0x5a97a1], sa_mask[0]=11111111011111110111111111111111, sa_flags=SA_ONSTACK|SA_RESTART|SA_SIGINFO
SIGBUS: [libjvm.dylib+0x5a97a1], sa_mask[0]=11111111011111110111111111111111, sa_flags=SA_RESTART|SA_SIGINFO
SIGFPE: [libjvm.dylib+0x482594], sa_mask[0]=11111111011111110111111111111111, sa_flags=SA_RESTART|SA_SIGINFO
SIGPIPE: [libjvm.dylib+0x482594], sa_mask[0]=11111111011111110111111111111111, sa_flags=SA_RESTART|SA_SIGINFO
SIGXFSZ: [libjvm.dylib+0x482594], sa_mask[0]=11111111011111110111111111111111, sa_flags=SA_RESTART|SA_SIGINFO
SIGILL: [libjvm.dylib+0x482594], sa_mask[0]=11111111011111110111111111111111, sa_flags=SA_RESTART|SA_SIGINFO
SIGUSR1: SIG_DFL, sa_mask[0]=00000000000000000000000000000000, sa_flags=none
SIGUSR2: [libjvm.dylib+0x4820b2], sa_mask[0]=00100000000000000000000000000000, sa_flags=SA_RESTART|SA_SIGINFO
SIGHUP: [libjvm.dylib+0x480689], sa_mask[0]=11111111011111110111111111111111, sa_flags=SA_RESTART|SA_SIGINFO
SIGINT: [libjvm.dylib+0x480689], sa_mask[0]=11111111011111110111111111111111, sa_flags=SA_RESTART|SA_SIGINFO
SIGTERM: [libjvm.dylib+0x480689], sa_mask[0]=11111111011111110111111111111111, sa_flags=SA_RESTART|SA_SIGINFO
SIGQUIT: [libjvm.dylib+0x480689], sa_mask[0]=11111111011111110111111111111111, sa_flags=SA_RESTART|SA_SIGINFO


---------------  S Y S T E M  ---------------

OS:Bsduname:Darwin 15.6.0 Darwin Kernel Version 15.6.0: Thu Jun 23 18:25:34 PDT 2016; root:xnu-3248.60.10~1/RELEASE_X86_64 x86_64
rlimit: STACK 8192k, CORE 0k, NPROC 709, NOFILE 10240, AS infinity
load average:2.36 2.08 1.79

CPU:total 4 (2 cores per cpu, 2 threads per core) family 6 model 61 stepping 4, cmov, cx8, fxsr, mmx, sse, sse2, sse3, ssse3, sse4.1, sse4.2, popcnt, avx, avx2, aes, clmul, erms, 3dnowpref, lzcnt, ht, tsc, tscinvbit, bmi1, bmi2, adx

Memory: 4k page, physical 8388608k(68352k free)

/proc/meminfo:


vm_info: Java HotSpot(TM) 64-Bit Server VM (25.91-b14) for bsd-amd64 JRE (1.8.0_91-b14), built on Apr  1 2016 01:03:00 by "java_re" with gcc 4.2.1 (Based on Apple Inc. build 5658) (LLVM build 2336.11.00)

time: Mon Aug  1 14:45:18 2016
elapsed time: 13 seconds (0d 0h 0m 13s)

