#
# A fatal error has been detected by the Java Runtime Environment:
#
#  SIGSEGV (0xb) at pc=0x00007fff8b90f0f3, pid=10294, tid=2571
#
# JRE version: Java(TM) SE Runtime Environment (8.0_91-b14) (build 1.8.0_91-b14)
# Java VM: Java HotSpot(TM) 64-Bit Server VM (25.91-b14 mixed mode bsd-amd64 compressed oops)
# Problematic frame:
# C  [libobjc.A.dylib+0x80f3]  objc_release+0x13
#
# Failed to write core dump. Core dumps have been disabled. To enable core dumping, try "ulimit -c unlimited" before starting Java again
#
# If you would like to submit a bug report, please visit:
#   http://bugreport.java.com/bugreport/crash.jsp
# The crash happened outside the Java Virtual Machine in native code.
# See problematic frame for where to report the bug.
#

---------------  T H R E A D  ---------------

Current thread (0x00007ffb55851800):  JavaThread "AWT-AppKit" daemon [_thread_in_native, id=2571, stack(0x00007fff5083a000,0x00007fff5103a000)]

siginfo: si_signo: 11 (SIGSEGV), si_code: 0 (unknown), si_addr: 0x0000000000000000

Registers:
RAX=0x0000000000000008, RBX=0x0000000000000000, RCX=0x0000000000000003, RDX=0x00007ffb5853b768
RSP=0x00007fff510354a0, RBP=0x00007fff510354a0, RSI=0x0000000127b1cf10, RDI=0x300007ffb589766c
R8 =0x0000000000000001, R9 =0x00007ffb589766c0, R10=0x00007ffb59098e20, R11=0x00000001b4002840
R12=0x0000000000000000, R13=0x00000001b83bff88, R14=0x00007ffb58979ac0, R15=0x00007ffb55851800
RIP=0x00007fff8b90f0f3, EFLAGS=0x0000000000010246, ERR=0x0000000000000000
  TRAPNO=0x000000000000000d

Top of Stack: (sp=0x00007fff510354a0)
0x00007fff510354a0:   00007fff510354d0 0000000127aa643f
0x00007fff510354b0:   00007fff510354d0 00000001b4002450
0x00007fff510354c0:   00000001b4002440 00007ffb55851800
0x00007fff510354d0:   00007fff51035590 00000001b4000215
0x00007fff510354e0:   00000001b4002700 00000001b40026e0
0x00007fff510354f0:   00000001b40024b0 0000000000000000
0x00007fff51035500:   00000001b83bff88 00000001b83bff88
0x00007fff51035510:   00007ffb5853b760 00000001b40026a0
0x00007fff51035520:   00000001b4002710 00007fff7b1ce770
0x00007fff51035530:   00007fff7e4df500 00000001b4002450
0x00007fff51035540:   00000001b4002690 00007ffb5853b760
0x00007fff51035550:   00007ffb58979ac0 00007ffb53d43590
0x00007fff51035560:   00007ffb5853b760 00007ffb58979ac0
0x00007fff51035570:   00007fff51035610 00007ffb558519f8
0x00007fff51035580:   00000001b83bff88 00007fff51035638
0x00007fff51035590:   00007fff51035600 000000010fe439d4
0x00007fff510355a0:   00007fff51035600 000000010fe43759
0x00007fff510355b0:   000000010fe4f983 000000010fe43722
0x00007fff510355c0:   00007fff510355c0 00000001b83bff88
0x00007fff510355d0:   00007fff51035638 00000001b83c2bc0
0x00007fff510355e0:   0000000000000000 00000001b83bff88
0x00007fff510355f0:   0000000000000000 00007fff51035620
0x00007fff51035600:   00007fff51035680 000000010fe342bd
0x00007fff51035610:   0000000797884190 000000010fe3d538
0x00007fff51035620:   00007ffb5853b760 000000010fe3ee39
0x00007fff51035630:   00007ffb58979ac0 000000010fe3ee02
0x00007fff51035640:   00007fff51035640 00000001b83c0152
0x00007fff51035650:   00007fff510356a8 00000001b83c2bc0
0x00007fff51035660:   0000000000000000 00000001b83c0160
0x00007fff51035670:   00007fff51035620 00007fff51035690
0x00007fff51035680:   00007fff510356f0 000000010fe342bd
0x00007fff51035690:   00007ffb5853b760 00000007978179e8 

Instructions: (pc=0x00007fff8b90f0f3)
0x00007fff8b90f0d3:   41 5c 41 5d 41 5e 41 5f 5d c3 90 90 90 55 48 89
0x00007fff8b90f0e3:   e5 48 85 ff 0f 84 82 00 00 00 40 f6 c7 01 75 7c
0x00007fff8b90f0f3:   48 8b 07 48 b9 f8 ff ff ff ff 7f 00 00 48 21 c1
0x00007fff8b90f103:   f6 41 20 02 75 10 48 8d 05 80 7c c5 ee 48 8b 30 

Register to memory mapping:

RAX=0x0000000000000008 is an unknown value
RBX=0x0000000000000000 is an unknown value
RCX=0x0000000000000003 is an unknown value
RDX=0x00007ffb5853b768 is an unknown value
RSP=0x00007fff510354a0 is pointing into the stack for thread: 0x00007ffb55851800
RBP=0x00007fff510354a0 is pointing into the stack for thread: 0x00007ffb55851800
RSI=0x0000000127b1cf10: OBJC_IVAR_$_PrinterView.fCurPeekGraphics+0x1aa0 in /Library/Java/JavaVirtualMachines/jdk1.8.0_91.jdk/Contents/Home/jre/lib/libawt_lwawt.dylib at 0x0000000127aa2000
RDI=0x300007ffb589766c is an unknown value
R8 =0x0000000000000001 is an unknown value
R9 =0x00007ffb589766c0 is an unknown value
R10=0x00007ffb59098e20 is an unknown value
R11=0x00000001b4002840: OBJC_CLASS_$_MyCALayer+0 in /private/var/folders/2h/vqwmpqwj6bd01xqwnbwl3bl40000gn/T/jogamp_0000/file_cache/jln6302750553522291640/jln6691355453357171855/libnativewindow_macosx.jnilib at 0x00000001b3ffb000
R12=0x0000000000000000 is an unknown value
R13={method} {0x00000001b83bff88} 'UnsetJAWTRootSurfaceLayer0' '(JJ)V' in 'jogamp/nativewindow/jawt/macosx/MacOSXJAWTWindow'
R14=0x00007ffb58979ac0 is an unknown value
R15=0x00007ffb55851800 is a thread


Stack: [0x00007fff5083a000,0x00007fff5103a000],  sp=0x00007fff510354a0,  free space=8173k
Native frames: (J=compiled Java code, j=interpreted, Vv=VM code, C=native code)
C  [libobjc.A.dylib+0x80f3]  objc_release+0x13
C  [libawt_lwawt.dylib+0x443f]  -[AWTSurfaceLayers setLayer:]+0x54
C  [libnativewindow_macosx.jnilib+0x5215]  Java_jogamp_nativewindow_jawt_macosx_MacOSXJAWTWindow_UnsetJAWTRootSurfaceLayer0+0x1a5
j  jogamp.nativewindow.jawt.macosx.MacOSXJAWTWindow.UnsetJAWTRootSurfaceLayer0(JJ)V+0
j  jogamp.nativewindow.jawt.macosx.MacOSXJAWTWindow.access$200(JJ)V+2
j  jogamp.nativewindow.jawt.macosx.MacOSXJAWTWindow$1.run()V+38
j  com.jogamp.common.util.RunnableTask.run()V+24
v  ~StubRoutines::call_stub
V  [libjvm.dylib+0x2ec1e6]  JavaCalls::call_helper(JavaValue*, methodHandle*, JavaCallArguments*, Thread*)+0x6ae
V  [libjvm.dylib+0x323355]  jni_invoke_nonstatic(JNIEnv_*, JavaValue*, _jobject*, JNICallType, _jmethodID*, JNI_ArgumentPusher*, Thread*)+0x2ec
V  [libjvm.dylib+0x315b23]  jni_CallVoidMethod+0x16b
C  [libnativewindow_macosx.jnilib+0x5326]  Java_jogamp_nativewindow_jawt_macosx_MacOSXJAWTWindow_UnsetJAWTRootSurfaceLayer0+0x2b6
C  [Foundation+0x76f5e]  __NSThreadPerformPerform+0x117
C  [CoreFoundation+0xaa881]  __CFRUNLOOP_IS_CALLING_OUT_TO_A_SOURCE0_PERFORM_FUNCTION__+0x11
C  [CoreFoundation+0x89f37]  __CFRunLoopDoSources0+0x1a7
C  [CoreFoundation+0x894df]  __CFRunLoopRun+0x39f
C  [CoreFoundation+0x88ed8]  CFRunLoopRunSpecific+0x128
C  [HIToolbox+0x30935]  RunCurrentEventLoopInMode+0xeb
C  [HIToolbox+0x30677]  ReceiveNextEventCommon+0xb8
C  [HIToolbox+0x305af]  _BlockUntilNextEventMatchingListInModeWithFilter+0x47
C  [AppKit+0x48efa]  _DPSNextEvent+0x42b
C  [AppKit+0x4832a]  -[NSApplication _nextEventMatchingEventMask:untilDate:inMode:dequeue:]+0x1c6
C  [libosxapp.dylib+0x23aa]  -[NSApplicationAWT nextEventMatchingMask:untilDate:inMode:dequeue:]+0x7c
C  [AppKit+0x3ce84]  -[NSApplication run]+0x2aa
C  [libosxapp.dylib+0x214d]  +[NSApplicationAWT runAWTLoopWithApp:]+0x9c
C  [libawt_lwawt.dylib+0x4455b]  -[AWTStarter starter:]+0x389
C  [Foundation+0x76f5e]  __NSThreadPerformPerform+0x117
C  [CoreFoundation+0xaa881]  __CFRUNLOOP_IS_CALLING_OUT_TO_A_SOURCE0_PERFORM_FUNCTION__+0x11
C  [CoreFoundation+0x89fbc]  __CFRunLoopDoSources0+0x22c
C  [CoreFoundation+0x894df]  __CFRunLoopRun+0x39f
C  [CoreFoundation+0x88ed8]  CFRunLoopRunSpecific+0x128
C  [java+0x6463]  CreateExecutionEnvironment+0x367
C  [java+0x21ac]  JLI_Launch+0x7a0
C  [java+0x84c0]  main+0x65
C  [java+0x1a04]  start+0x34
C  0x0000000000000007

Java frames: (J=compiled Java code, j=interpreted, Vv=VM code)
j  jogamp.nativewindow.jawt.macosx.MacOSXJAWTWindow.UnsetJAWTRootSurfaceLayer0(JJ)V+0
j  jogamp.nativewindow.jawt.macosx.MacOSXJAWTWindow.access$200(JJ)V+2
j  jogamp.nativewindow.jawt.macosx.MacOSXJAWTWindow$1.run()V+38
j  com.jogamp.common.util.RunnableTask.run()V+24
v  ~StubRoutines::call_stub

---------------  P R O C E S S  ---------------

Java Threads: ( => current thread )
  0x00007ffb553ea000 JavaThread "Thread-28" [_thread_blocked, id=71923, stack(0x00007000019ee000,0x0000700001aee000)]
  0x00007ffb54ef3800 JavaThread "Image Fetcher 1" daemon [_thread_blocked, id=67595, stack(0x0000700001cf7000,0x0000700001df7000)]
  0x00007ffb5529a800 JavaThread "Image Fetcher 0" daemon [_thread_blocked, id=70659, stack(0x0000700001efd000,0x0000700001ffd000)]
  0x00007ffb55295800 JavaThread "Keep-Alive-Timer" daemon [_thread_blocked, id=70199, stack(0x0000700001dfa000,0x0000700001efa000)]
  0x00007ffb54d03000 JavaThread "AWT-EventQueue-1" [_thread_in_native, id=64291, stack(0x0000700001868000,0x0000700001968000)]
  0x00007ffb54803000 JavaThread "DestroyJavaVM" [_thread_blocked, id=4099, stack(0x0000700000084000,0x0000700000184000)]
  0x00007ffb5595a000 JavaThread "AWT-EventQueue-0" [_thread_blocked, id=56323, stack(0x0000700001662000,0x0000700001762000)]
  0x00007ffb558f1800 JavaThread "Java2D Disposer" daemon [_thread_blocked, id=52995, stack(0x00007000013d9000,0x00007000014d9000)]
  0x00007ffb558d2000 JavaThread "Java2D Queue Flusher" daemon [_thread_blocked, id=49927, stack(0x00007000012d6000,0x00007000013d6000)]
  0x00007ffb5421b800 JavaThread "AWT-Shutdown" [_thread_blocked, id=29715, stack(0x0000700001150000,0x0000700001250000)]
=>0x00007ffb55851800 JavaThread "AWT-AppKit" daemon [_thread_in_native, id=2571, stack(0x00007fff5083a000,0x00007fff5103a000)]
  0x00007ffb55827800 JavaThread "Service Thread" daemon [_thread_blocked, id=18691, stack(0x0000700000e44000,0x0000700000f44000)]
  0x00007ffb5581d000 JavaThread "C1 CompilerThread2" daemon [_thread_blocked, id=18179, stack(0x0000700000d41000,0x0000700000e41000)]
  0x00007ffb55014800 JavaThread "C2 CompilerThread1" daemon [_thread_blocked, id=17667, stack(0x0000700000c3e000,0x0000700000d3e000)]
  0x00007ffb54824000 JavaThread "C2 CompilerThread0" daemon [_thread_blocked, id=17155, stack(0x0000700000b3b000,0x0000700000c3b000)]
  0x00007ffb54828000 JavaThread "Signal Dispatcher" daemon [_thread_blocked, id=13839, stack(0x0000700000a38000,0x0000700000b38000)]
  0x00007ffb54802800 JavaThread "Finalizer" daemon [_thread_blocked, id=11779, stack(0x000070000082f000,0x000070000092f000)]
  0x00007ffb54801800 JavaThread "Reference Handler" daemon [_thread_blocked, id=11267, stack(0x000070000072c000,0x000070000082c000)]

Other Threads:
  0x00007ffb5403b000 VMThread [stack: 0x0000700000629000,0x0000700000729000] [id=10755]
  0x00007ffb5500e800 WatcherThread [stack: 0x0000700000f47000,0x0000700001047000] [id=19203]

VM state:not at safepoint (normal execution)

VM Mutex/Monitor currently owned by a thread: None

Heap:
 PSYoungGen      total 38400K, used 16461K [0x0000000795580000, 0x0000000798000000, 0x00000007c0000000)
  eden space 33280K, 34% used [0x0000000795580000,0x0000000796094590,0x0000000797600000)
  from space 5120K, 99% used [0x0000000797600000,0x0000000797aff070,0x0000000797b00000)
  to   space 5120K, 0% used [0x0000000797b00000,0x0000000797b00000,0x0000000798000000)
 ParOldGen       total 87552K, used 12610K [0x0000000740000000, 0x0000000745580000, 0x0000000795580000)
  object space 87552K, 14% used [0x0000000740000000,0x0000000740c50868,0x0000000745580000)
 Metaspace       used 18812K, capacity 19041K, committed 19200K, reserved 1067008K
  class space    used 1869K, capacity 1949K, committed 2048K, reserved 1048576K

Card table byte_map: [0x000000011fa00000,0x000000011fe01000] byte_map_base: 0x000000011c000000

Marking Bits: (ParMarkBitMap*) 0x000000010f728eb0
 Begin Bits: [0x00000001200ac000, 0x00000001220ac000)
 End Bits:   [0x00000001220ac000, 0x00000001240ac000)

Polling page: 0x000000010fe19000

CodeCache: size=245760Kb used=6300Kb max_used=6300Kb free=239460Kb
 bounds [0x000000010fe2c000, 0x000000011045c000, 0x000000011ee2c000]
 total_blobs=2638 nmethods=1765 adapters=787
 compilation: enabled

Compilation events (10 events):
Event: 7.007 Thread 0x00007ffb5581d000 1761       3       java.util.concurrent.locks.AbstractQueuedSynchronizer::transferForSignal (45 bytes)
Event: 7.008 Thread 0x00007ffb5581d000 nmethod 1761 0x0000000110447090 code [0x0000000110447240, 0x0000000110447718]
Event: 7.008 Thread 0x00007ffb5581d000 1765       1       sun.java2d.SurfaceData::isValid (5 bytes)
Event: 7.008 Thread 0x00007ffb5581d000 nmethod 1765 0x0000000110446dd0 code [0x0000000110446f20, 0x0000000110447030]
Event: 7.008 Thread 0x00007ffb5581d000 1763       3       java.awt.EventQueue::getPriority (78 bytes)
Event: 7.008 Thread 0x00007ffb5581d000 nmethod 1763 0x00000001104569d0 code [0x0000000110456b80, 0x0000000110457250]
Event: 7.008 Thread 0x00007ffb5581d000 1764       3       java.awt.EventQueue::postEvent (172 bytes)
Event: 7.009 Thread 0x00007ffb5581d000 nmethod 1764 0x00000001104581d0 code [0x00000001104584a0, 0x0000000110459738]
Event: 7.009 Thread 0x00007ffb5581d000 1762       3       java.util.concurrent.locks.AbstractQueuedSynchronizer$ConditionObject::addConditionWaiter (64 bytes)
Event: 7.009 Thread 0x00007ffb5581d000 nmethod 1762 0x0000000110456250 code [0x00000001104563e0, 0x0000000110456828]

GC Heap History (6 events):
Event: 2.377 GC heap before
{Heap before GC invocations=1 (full 0):
 PSYoungGen      total 38400K, used 33280K [0x0000000795580000, 0x0000000798000000, 0x00000007c0000000)
  eden space 33280K, 100% used [0x0000000795580000,0x0000000797600000,0x0000000797600000)
  from space 5120K, 0% used [0x0000000797b00000,0x0000000797b00000,0x0000000798000000)
  to   space 5120K, 0% used [0x0000000797600000,0x0000000797600000,0x0000000797b00000)
 ParOldGen       total 87552K, used 0K [0x0000000740000000, 0x0000000745580000, 0x0000000795580000)
  object space 87552K, 0% used [0x0000000740000000,0x0000000740000000,0x0000000745580000)
 Metaspace       used 15631K, capacity 15765K, committed 16000K, reserved 1062912K
  class space    used 1572K, capacity 1627K, committed 1664K, reserved 1048576K
Event: 2.384 GC heap after
Heap after GC invocations=1 (full 0):
 PSYoungGen      total 38400K, used 5097K [0x0000000795580000, 0x0000000798000000, 0x00000007c0000000)
  eden space 33280K, 0% used [0x0000000795580000,0x0000000795580000,0x0000000797600000)
  from space 5120K, 99% used [0x0000000797600000,0x0000000797afa7d0,0x0000000797b00000)
  to   space 5120K, 0% used [0x0000000797b00000,0x0000000797b00000,0x0000000798000000)
 ParOldGen       total 87552K, used 247K [0x0000000740000000, 0x0000000745580000, 0x0000000795580000)
  object space 87552K, 0% used [0x0000000740000000,0x000000074003ddc8,0x0000000745580000)
 Metaspace       used 15631K, capacity 15765K, committed 16000K, reserved 1062912K
  class space    used 1572K, capacity 1627K, committed 1664K, reserved 1048576K
}
Event: 3.361 GC heap before
{Heap before GC invocations=2 (full 0):
 PSYoungGen      total 38400K, used 38209K [0x0000000795580000, 0x0000000798000000, 0x00000007c0000000)
  eden space 33280K, 99% used [0x0000000795580000,0x00000007975d5f50,0x0000000797600000)
  from space 5120K, 99% used [0x0000000797600000,0x0000000797afa7d0,0x0000000797b00000)
  to   space 5120K, 0% used [0x0000000797b00000,0x0000000797b00000,0x0000000798000000)
 ParOldGen       total 87552K, used 247K [0x0000000740000000, 0x0000000745580000, 0x0000000795580000)
  object space 87552K, 0% used [0x0000000740000000,0x000000074003ddc8,0x0000000745580000)
 Metaspace       used 18343K, capacity 18497K, committed 18560K, reserved 1067008K
  class space    used 1861K, capacity 1917K, committed 1920K, reserved 1048576K
Event: 3.374 GC heap after
Heap after GC invocations=2 (full 0):
 PSYoungGen      total 38400K, used 5091K [0x0000000795580000, 0x0000000798000000, 0x00000007c0000000)
  eden space 33280K, 0% used [0x0000000795580000,0x0000000795580000,0x0000000797600000)
  from space 5120K, 99% used [0x0000000797b00000,0x0000000797ff8cd0,0x0000000798000000)
  to   space 5120K, 0% used [0x0000000797600000,0x0000000797600000,0x0000000797b00000)
 ParOldGen       total 87552K, used 7977K [0x0000000740000000, 0x0000000745580000, 0x0000000795580000)
  object space 87552K, 9% used [0x0000000740000000,0x00000007407ca748,0x0000000745580000)
 Metaspace       used 18343K, capacity 18497K, committed 18560K, reserved 1067008K
  class space    used 1861K, capacity 1917K, committed 1920K, reserved 1048576K
}
Event: 4.100 GC heap before
{Heap before GC invocations=3 (full 0):
 PSYoungGen      total 38400K, used 38371K [0x0000000795580000, 0x0000000798000000, 0x00000007c0000000)
  eden space 33280K, 100% used [0x0000000795580000,0x0000000797600000,0x0000000797600000)
  from space 5120K, 99% used [0x0000000797b00000,0x0000000797ff8cd0,0x0000000798000000)
  to   space 5120K, 0% used [0x0000000797600000,0x0000000797600000,0x0000000797b00000)
 ParOldGen       total 87552K, used 7977K [0x0000000740000000, 0x0000000745580000, 0x0000000795580000)
  object space 87552K, 9% used [0x0000000740000000,0x00000007407ca748,0x0000000745580000)
 Metaspace       used 18572K, capacity 18753K, committed 18816K, reserved 1067008K
  class space    used 1861K, capacity 1917K, committed 1920K, reserved 1048576K
Event: 4.107 GC heap after
Heap after GC invocations=3 (full 0):
 PSYoungGen      total 38400K, used 5116K [0x0000000795580000, 0x0000000798000000, 0x00000007c0000000)
  eden space 33280K, 0% used [0x0000000795580000,0x0000000795580000,0x0000000797600000)
  from space 5120K, 99% used [0x0000000797600000,0x0000000797aff070,0x0000000797b00000)
  to   space 5120K, 0% used [0x0000000797b00000,0x0000000797b00000,0x0000000798000000)
 ParOldGen       total 87552K, used 12610K [0x0000000740000000, 0x0000000745580000, 0x0000000795580000)
  object space 87552K, 14% used [0x0000000740000000,0x0000000740c50868,0x0000000745580000)
 Metaspace       used 18572K, capacity 18753K, committed 18816K, reserved 1067008K
  class space    used 1861K, capacity 1917K, committed 1920K, reserved 1048576K
}

Deoptimization events (10 events):
Event: 2.116 Thread 0x00007ffb55dcb800 Uncommon trap: reason=unstable_if action=reinterpret pc=0x0000000110090d54 method=java.lang.String.lastIndexOf([CII[CIII)I @ 66
Event: 2.155 Thread 0x00007ffb55dcb800 Uncommon trap: reason=unstable_if action=reinterpret pc=0x0000000110053224 method=java.lang.String.indexOf([CII[CIII)I @ 3
Event: 2.155 Thread 0x00007ffb55dcb800 Uncommon trap: reason=unstable_if action=reinterpret pc=0x000000010fff96d0 method=java.lang.String.indexOf([CII[CIII)I @ 3
Event: 2.158 Thread 0x00007ffb55dcb800 Uncommon trap: reason=bimorphic action=maybe_recompile pc=0x00000001100a572c method=java.util.HashMap.getNode(ILjava/lang/Object;)Ljava/util/HashMap$Node; @ 126
Event: 2.158 Thread 0x00007ffb55dcb800 Uncommon trap: reason=bimorphic action=maybe_recompile pc=0x00000001100a572c method=java.util.HashMap.getNode(ILjava/lang/Object;)Ljava/util/HashMap$Node; @ 126
Event: 2.158 Thread 0x00007ffb55dcb800 Uncommon trap: reason=bimorphic action=maybe_recompile pc=0x00000001100a572c method=java.util.HashMap.getNode(ILjava/lang/Object;)Ljava/util/HashMap$Node; @ 126
Event: 2.158 Thread 0x00007ffb55dcb800 Uncommon trap: reason=bimorphic action=maybe_recompile pc=0x00000001100a572c method=java.util.HashMap.getNode(ILjava/lang/Object;)Ljava/util/HashMap$Node; @ 126
Event: 2.835 Thread 0x00007ffb55dcb800 Uncommon trap: reason=bimorphic action=maybe_recompile pc=0x00000001100c46f0 method=java.util.HashMap.getNode(ILjava/lang/Object;)Ljava/util/HashMap$Node; @ 126
Event: 2.943 Thread 0x00007ffb54d03000 Uncommon trap: reason=unstable_if action=reinterpret pc=0x000000010ffe0aac method=java.lang.AbstractStringBuilder.append(Ljava/lang/String;)Ljava/lang/AbstractStringBuilder; @ 1
Event: 6.976 Thread 0x00007ffb54d03000 Uncommon trap: reason=unstable_if action=reinterpret pc=0x00000001102d06e8 method=com.jogamp.common.util.VersionNumber.compareTo(Lcom/jogamp/common/util/VersionNumber;)I @ 21

Internal exceptions (10 events):
Event: 0.175 Thread 0x00007ffb54803000 Exception <a 'java/lang/NoSuchFieldError': method resolution failed> (0x00000007957d36d8) thrown at [/Users/java_re/workspace/8-2-build-macosx-x86_64/jdk8u91/6644/hotspot/src/share/vm/prims/methodHandles.cpp, line 1146]
Event: 0.177 Thread 0x00007ffb54803000 Exception <a 'java/lang/NoSuchFieldError': method resolution failed> (0x00000007957e0ea8) thrown at [/Users/java_re/workspace/8-2-build-macosx-x86_64/jdk8u91/6644/hotspot/src/share/vm/prims/methodHandles.cpp, line 1146]
Event: 0.382 Thread 0x00007ffb54803000 Exception <a 'java/io/FileNotFoundException'> (0x000000079585ccb0) thrown at [/Users/java_re/workspace/8-2-build-macosx-x86_64/jdk8u91/6644/hotspot/src/share/vm/prims/jni.cpp, line 709]
Event: 0.382 Thread 0x00007ffb54803000 Exception <a 'java/io/FileNotFoundException'> (0x000000079585d7f8) thrown at [/Users/java_re/workspace/8-2-build-macosx-x86_64/jdk8u91/6644/hotspot/src/share/vm/prims/jni.cpp, line 709]
Event: 0.501 Thread 0x00007ffb54803000 Exception <a 'java/io/FileNotFoundException'> (0x0000000795a41940) thrown at [/Users/java_re/workspace/8-2-build-macosx-x86_64/jdk8u91/6644/hotspot/src/share/vm/prims/jni.cpp, line 709]
Event: 2.174 Thread 0x00007ffb55dcb800 Exception <a 'java/lang/UnsatisfiedLinkError': com.jogamp.common.util.JarUtil.fixNativeLibAttribs(Ljava/lang/String;)Z> (0x0000000796c1cc28) thrown at [/Users/java_re/workspace/8-2-build-macosx-x86_64/jdk8u91/6644/hotspot/src/share/vm/prims/nativeLookup.c
Event: 2.386 Thread 0x00007ffb54802800 Exception <a 'java/lang/NullPointerException'> (0x00000007956a5460) thrown at [/Users/java_re/workspace/8-2-build-macosx-x86_64/jdk8u91/6644/hotspot/src/share/vm/interpreter/linkResolver.cpp, line 1178]
Event: 2.942 Thread 0x00007ffb54d03000 Exception <a 'java/io/FileNotFoundException'> (0x00000007961325a8) thrown at [/Users/java_re/workspace/8-2-build-macosx-x86_64/jdk8u91/6644/hotspot/src/share/vm/prims/jni.cpp, line 709]
Event: 2.943 Thread 0x00007ffb54d03000 Exception <a 'java/io/FileNotFoundException'> (0x0000000796139798) thrown at [/Users/java_re/workspace/8-2-build-macosx-x86_64/jdk8u91/6644/hotspot/src/share/vm/prims/jni.cpp, line 709]
Event: 2.943 Thread 0x00007ffb54d03000 Implicit null exception at 0x000000010ffe0735 to 0x000000010ffe0a99

Events (10 events):
Event: 7.005 loading class jogamp/nativewindow/jawt/macosx/MacOSXJAWTWindow$1 done
Event: 7.006 loading class java/awt/LightweightDispatcher$2
Event: 7.006 loading class java/awt/LightweightDispatcher$2 done
Event: 7.006 loading class java/awt/event/AWTEventListenerProxy
Event: 7.006 loading class java/awt/event/AWTEventListenerProxy done
Event: 7.006 loading class java/awt/Toolkit$ToolkitEventMulticaster
Event: 7.006 loading class java/awt/Toolkit$ToolkitEventMulticaster done
Event: 7.007 Thread 0x00007ffb550f3000 Thread exited: 0x00007ffb550f3000
Event: 7.007 loading class java/awt/Window$1DisposeAction
Event: 7.007 loading class java/awt/Window$1DisposeAction done


Dynamic libraries:
0x000000000a233000 	/System/Library/Frameworks/Cocoa.framework/Versions/A/Cocoa
0x000000000a233000 	/System/Library/Frameworks/Security.framework/Versions/A/Security
0x000000000a233000 	/System/Library/Frameworks/ApplicationServices.framework/Versions/A/ApplicationServices
0x000000000a233000 	/usr/lib/libz.1.dylib
0x000000000a233000 	/usr/lib/libSystem.B.dylib
0x000000000a233000 	/usr/lib/libobjc.A.dylib
0x000000000a233000 	/System/Library/Frameworks/CoreFoundation.framework/Versions/A/CoreFoundation
0x000000000a233000 	/System/Library/Frameworks/Foundation.framework/Versions/C/Foundation
0x000000000a233000 	/System/Library/Frameworks/AppKit.framework/Versions/C/AppKit
0x000000000a233000 	/System/Library/Frameworks/CoreData.framework/Versions/A/CoreData
0x000000000a233000 	/System/Library/PrivateFrameworks/RemoteViewServices.framework/Versions/A/RemoteViewServices
0x000000000a233000 	/System/Library/PrivateFrameworks/UIFoundation.framework/Versions/A/UIFoundation
0x000000000a233000 	/usr/lib/libScreenReader.dylib
0x000000000a233000 	/System/Library/Frameworks/Accelerate.framework/Versions/A/Accelerate
0x000000000a233000 	/System/Library/Frameworks/IOSurface.framework/Versions/A/IOSurface
0x000000000a233000 	/System/Library/Frameworks/AudioToolbox.framework/Versions/A/AudioToolbox
0x000000000a233000 	/System/Library/Frameworks/AudioUnit.framework/Versions/A/AudioUnit
0x000000000a233000 	/System/Library/PrivateFrameworks/DataDetectorsCore.framework/Versions/A/DataDetectorsCore
0x000000000a233000 	/System/Library/PrivateFrameworks/DesktopServicesPriv.framework/Versions/A/DesktopServicesPriv
0x000000000a233000 	/System/Library/Frameworks/Carbon.framework/Versions/A/Frameworks/HIToolbox.framework/Versions/A/HIToolbox
0x000000000a233000 	/System/Library/Frameworks/QuartzCore.framework/Versions/A/QuartzCore
0x000000000a233000 	/System/Library/Frameworks/Carbon.framework/Versions/A/Frameworks/SpeechRecognition.framework/Versions/A/SpeechRecognition
0x000000000a233000 	/usr/lib/libauto.dylib
0x000000000a233000 	/usr/lib/libicucore.A.dylib
0x000000000a233000 	/usr/lib/libxml2.2.dylib
0x000000000a233000 	/System/Library/PrivateFrameworks/CoreUI.framework/Versions/A/CoreUI
0x000000000a233000 	/System/Library/Frameworks/CoreAudio.framework/Versions/A/CoreAudio
0x000000000a233000 	/System/Library/Frameworks/DiskArbitration.framework/Versions/A/DiskArbitration
0x000000000a233000 	/usr/lib/liblangid.dylib
0x000000000a233000 	/System/Library/PrivateFrameworks/MultitouchSupport.framework/Versions/A/MultitouchSupport
0x000000000a233000 	/System/Library/Frameworks/IOKit.framework/Versions/A/IOKit
0x000000000a233000 	/usr/lib/libDiagnosticMessagesClient.dylib
0x000000000a233000 	/System/Library/Frameworks/CoreServices.framework/Versions/A/CoreServices
0x000000000a233000 	/System/Library/PrivateFrameworks/PerformanceAnalysis.framework/Versions/A/PerformanceAnalysis
0x000000000a233000 	/System/Library/PrivateFrameworks/GenerationalStorage.framework/Versions/A/GenerationalStorage
0x000000000a233000 	/System/Library/Frameworks/OpenGL.framework/Versions/A/OpenGL
0x000000000a233000 	/System/Library/PrivateFrameworks/Sharing.framework/Versions/A/Sharing
0x000000000a233000 	/System/Library/Frameworks/CoreGraphics.framework/Versions/A/CoreGraphics
0x000000000a233000 	/System/Library/Frameworks/CoreImage.framework/Versions/A/CoreImage
0x000000000a233000 	/System/Library/Frameworks/CoreText.framework/Versions/A/CoreText
0x000000000a233000 	/System/Library/Frameworks/ImageIO.framework/Versions/A/ImageIO
0x000000000a233000 	/System/Library/PrivateFrameworks/Backup.framework/Versions/A/Backup
0x000000000a233000 	/usr/lib/libextension.dylib
0x000000000a233000 	/usr/lib/libarchive.2.dylib
0x000000000a233000 	/System/Library/Frameworks/CFNetwork.framework/Versions/A/CFNetwork
0x000000000a233000 	/System/Library/Frameworks/SystemConfiguration.framework/Versions/A/SystemConfiguration
0x000000000a233000 	/usr/lib/libCRFSuite.dylib
0x000000000a233000 	/usr/lib/libc++.1.dylib
0x000000000a233000 	/usr/lib/libc++abi.dylib
0x000000000a233000 	/usr/lib/system/libcache.dylib
0x000000000a233000 	/usr/lib/system/libcommonCrypto.dylib
0x000000000a233000 	/usr/lib/system/libcompiler_rt.dylib
0x000000000a233000 	/usr/lib/system/libcopyfile.dylib
0x000000000a233000 	/usr/lib/system/libcorecrypto.dylib
0x000000000a233000 	/usr/lib/system/libdispatch.dylib
0x000000000a233000 	/usr/lib/system/libdyld.dylib
0x000000000a233000 	/usr/lib/system/libkeymgr.dylib
0x000000000a233000 	/usr/lib/system/liblaunch.dylib
0x000000000a233000 	/usr/lib/system/libmacho.dylib
0x000000000a233000 	/usr/lib/system/libquarantine.dylib
0x000000000a233000 	/usr/lib/system/libremovefile.dylib
0x000000000a233000 	/usr/lib/system/libsystem_asl.dylib
0x000000000a233000 	/usr/lib/system/libsystem_blocks.dylib
0x000000000a233000 	/usr/lib/system/libsystem_c.dylib
0x000000000a233000 	/usr/lib/system/libsystem_configuration.dylib
0x000000000a233000 	/usr/lib/system/libsystem_coreservices.dylib
0x000000000a233000 	/usr/lib/system/libsystem_coretls.dylib
0x000000000a233000 	/usr/lib/system/libsystem_dnssd.dylib
0x000000000a233000 	/usr/lib/system/libsystem_info.dylib
0x000000000a233000 	/usr/lib/system/libsystem_kernel.dylib
0x000000000a233000 	/usr/lib/system/libsystem_m.dylib
0x000000000a233000 	/usr/lib/system/libsystem_malloc.dylib
0x000000000a233000 	/usr/lib/system/libsystem_network.dylib
0x000000000a233000 	/usr/lib/system/libsystem_networkextension.dylib
0x000000000a233000 	/usr/lib/system/libsystem_notify.dylib
0x000000000a233000 	/usr/lib/system/libsystem_platform.dylib
0x000000000a233000 	/usr/lib/system/libsystem_pthread.dylib
0x000000000a233000 	/usr/lib/system/libsystem_sandbox.dylib
0x000000000a233000 	/usr/lib/system/libsystem_secinit.dylib
0x000000000a233000 	/usr/lib/system/libsystem_trace.dylib
0x000000000a233000 	/usr/lib/system/libunc.dylib
0x000000000a233000 	/usr/lib/system/libunwind.dylib
0x000000000a233000 	/usr/lib/system/libxpc.dylib
0x000000000a233000 	/usr/lib/libenergytrace.dylib
0x000000000a233000 	/usr/lib/libbsm.0.dylib
0x000000000a233000 	/usr/lib/system/libkxld.dylib
0x000000000a233000 	/usr/lib/libxar.1.dylib
0x000000000a233000 	/usr/lib/libsqlite3.dylib
0x000000000a233000 	/usr/lib/libpam.2.dylib
0x000000000a233000 	/usr/lib/libOpenScriptingUtil.dylib
0x000000000a233000 	/usr/lib/libbz2.1.0.dylib
0x000000000a233000 	/usr/lib/liblzma.5.dylib
0x000000000a233000 	/System/Library/Frameworks/CoreServices.framework/Versions/A/Frameworks/FSEvents.framework/Versions/A/FSEvents
0x000000000a233000 	/System/Library/Frameworks/CoreServices.framework/Versions/A/Frameworks/CarbonCore.framework/Versions/A/CarbonCore
0x000000000a233000 	/System/Library/Frameworks/CoreServices.framework/Versions/A/Frameworks/Metadata.framework/Versions/A/Metadata
0x000000000a233000 	/System/Library/Frameworks/CoreServices.framework/Versions/A/Frameworks/OSServices.framework/Versions/A/OSServices
0x000000000a233000 	/System/Library/Frameworks/CoreServices.framework/Versions/A/Frameworks/SearchKit.framework/Versions/A/SearchKit
0x000000000a233000 	/System/Library/Frameworks/CoreServices.framework/Versions/A/Frameworks/AE.framework/Versions/A/AE
0x000000000a233000 	/System/Library/Frameworks/CoreServices.framework/Versions/A/Frameworks/LaunchServices.framework/Versions/A/LaunchServices
0x000000000a233000 	/System/Library/Frameworks/CoreServices.framework/Versions/A/Frameworks/DictionaryServices.framework/Versions/A/DictionaryServices
0x000000000a233000 	/System/Library/Frameworks/CoreServices.framework/Versions/A/Frameworks/SharedFileList.framework/Versions/A/SharedFileList
0x000000000a233000 	/System/Library/Frameworks/NetFS.framework/Versions/A/NetFS
0x000000000a233000 	/System/Library/PrivateFrameworks/NetAuth.framework/Versions/A/NetAuth
0x000000000a233000 	/System/Library/PrivateFrameworks/login.framework/Versions/A/Frameworks/loginsupport.framework/Versions/A/loginsupport
0x000000000a233000 	/System/Library/PrivateFrameworks/TCC.framework/Versions/A/TCC
0x000000000a233000 	/usr/lib/libmecabra.dylib
0x000000000a233000 	/System/Library/Frameworks/ApplicationServices.framework/Versions/A/Frameworks/ATS.framework/Versions/A/ATS
0x000000000a233000 	/System/Library/Frameworks/ApplicationServices.framework/Versions/A/Frameworks/ColorSync.framework/Versions/A/ColorSync
0x000000000a233000 	/System/Library/Frameworks/ApplicationServices.framework/Versions/A/Frameworks/HIServices.framework/Versions/A/HIServices
0x000000000a233000 	/System/Library/Frameworks/ApplicationServices.framework/Versions/A/Frameworks/LangAnalysis.framework/Versions/A/LangAnalysis
0x000000000a233000 	/System/Library/Frameworks/ApplicationServices.framework/Versions/A/Frameworks/PrintCore.framework/Versions/A/PrintCore
0x000000000a233000 	/System/Library/Frameworks/ApplicationServices.framework/Versions/A/Frameworks/QD.framework/Versions/A/QD
0x000000000a233000 	/System/Library/Frameworks/ApplicationServices.framework/Versions/A/Frameworks/SpeechSynthesis.framework/Versions/A/SpeechSynthesis
0x000000000a233000 	/System/Library/Frameworks/Metal.framework/Versions/A/Metal
0x000000000a233000 	/System/Library/Frameworks/Accelerate.framework/Versions/A/Frameworks/vImage.framework/Versions/A/vImage
0x000000000a233000 	/System/Library/Frameworks/Accelerate.framework/Versions/A/Frameworks/vecLib.framework/Versions/A/vecLib
0x000000000a233000 	/System/Library/Frameworks/Accelerate.framework/Versions/A/Frameworks/vecLib.framework/Versions/A/libvDSP.dylib
0x000000000a233000 	/System/Library/Frameworks/Accelerate.framework/Versions/A/Frameworks/vecLib.framework/Versions/A/libvMisc.dylib
0x000000000a233000 	/System/Library/Frameworks/Accelerate.framework/Versions/A/Frameworks/vecLib.framework/Versions/A/libLAPACK.dylib
0x000000000a233000 	/System/Library/Frameworks/Accelerate.framework/Versions/A/Frameworks/vecLib.framework/Versions/A/libBLAS.dylib
0x000000000a233000 	/System/Library/Frameworks/Accelerate.framework/Versions/A/Frameworks/vecLib.framework/Versions/A/libLinearAlgebra.dylib
0x000000000a233000 	/System/Library/Frameworks/Accelerate.framework/Versions/A/Frameworks/vecLib.framework/Versions/A/libSparseBLAS.dylib
0x000000000a233000 	/System/Library/PrivateFrameworks/GPUCompiler.framework/libmetal_timestamp.dylib
0x000000000a233000 	/System/Library/Frameworks/OpenGL.framework/Versions/A/Libraries/libCoreFSCache.dylib
0x000000000a233000 	/System/Library/PrivateFrameworks/IOAccelerator.framework/Versions/A/IOAccelerator
0x000000000a233000 	/System/Library/Frameworks/ApplicationServices.framework/Versions/A/Frameworks/ATS.framework/Versions/A/Resources/libFontParser.dylib
0x000000000a233000 	/System/Library/Frameworks/ApplicationServices.framework/Versions/A/Frameworks/ATS.framework/Versions/A/Resources/libFontRegistry.dylib
0x000000000a233000 	/System/Library/PrivateFrameworks/AppleVPA.framework/Versions/A/AppleVPA
0x000000000a233000 	/System/Library/PrivateFrameworks/AppleJPEG.framework/Versions/A/AppleJPEG
0x000000000a233000 	/System/Library/Frameworks/ImageIO.framework/Versions/A/Resources/libJPEG.dylib
0x000000000a233000 	/System/Library/Frameworks/ImageIO.framework/Versions/A/Resources/libTIFF.dylib
0x000000000a233000 	/System/Library/Frameworks/ImageIO.framework/Versions/A/Resources/libPng.dylib
0x000000000a233000 	/System/Library/Frameworks/ImageIO.framework/Versions/A/Resources/libGIF.dylib
0x000000000a233000 	/System/Library/Frameworks/ImageIO.framework/Versions/A/Resources/libJP2.dylib
0x000000000a233000 	/System/Library/Frameworks/ImageIO.framework/Versions/A/Resources/libRadiance.dylib
0x000000000a233000 	/System/Library/Frameworks/CoreVideo.framework/Versions/A/CoreVideo
0x000000000a233000 	/System/Library/Frameworks/OpenGL.framework/Versions/A/Libraries/libGLU.dylib
0x000000000a233000 	/System/Library/Frameworks/OpenGL.framework/Versions/A/Libraries/libGFXShared.dylib
0x000000000a233000 	/System/Library/Frameworks/OpenGL.framework/Versions/A/Libraries/libGL.dylib
0x000000000a233000 	/System/Library/Frameworks/OpenGL.framework/Versions/A/Libraries/libGLImage.dylib
0x000000000a233000 	/System/Library/Frameworks/OpenGL.framework/Versions/A/Libraries/libCVMSPluginSupport.dylib
0x000000000a233000 	/System/Library/Frameworks/OpenGL.framework/Versions/A/Libraries/libCoreVMClient.dylib
0x000000000a233000 	/usr/lib/libcups.2.dylib
0x000000000a233000 	/System/Library/Frameworks/Kerberos.framework/Versions/A/Kerberos
0x000000000a233000 	/System/Library/Frameworks/GSS.framework/Versions/A/GSS
0x000000000a233000 	/usr/lib/libresolv.9.dylib
0x000000000a233000 	/usr/lib/libiconv.2.dylib
0x000000000a233000 	/System/Library/PrivateFrameworks/Heimdal.framework/Versions/A/Heimdal
0x000000000a233000 	/usr/lib/libheimdal-asn1.dylib
0x000000000a233000 	/System/Library/Frameworks/OpenDirectory.framework/Versions/A/OpenDirectory
0x000000000a233000 	/System/Library/PrivateFrameworks/CommonAuth.framework/Versions/A/CommonAuth
0x000000000a233000 	/System/Library/Frameworks/OpenDirectory.framework/Versions/A/Frameworks/CFOpenDirectory.framework/Versions/A/CFOpenDirectory
0x000000000a233000 	/System/Library/Frameworks/SecurityFoundation.framework/Versions/A/SecurityFoundation
0x000000000a233000 	/System/Library/PrivateFrameworks/LanguageModeling.framework/Versions/A/LanguageModeling
0x000000000a233000 	/usr/lib/libmarisa.dylib
0x000000000a233000 	/usr/lib/libChineseTokenizer.dylib
0x000000000a233000 	/usr/lib/libcmph.dylib
0x000000000a233000 	/usr/lib/libcompression.dylib
0x000000000a233000 	/System/Library/Frameworks/ServiceManagement.framework/Versions/A/ServiceManagement
0x000000000a233000 	/usr/lib/libxslt.1.dylib
0x000000000a233000 	/System/Library/Frameworks/Carbon.framework/Versions/A/Frameworks/Ink.framework/Versions/A/Ink
0x000000000a233000 	/usr/lib/libFosl_dynamic.dylib
0x000000000a233000 	/System/Library/PrivateFrameworks/FaceCore.framework/Versions/A/FaceCore
0x000000000a233000 	/System/Library/Frameworks/OpenCL.framework/Versions/A/OpenCL
0x000000000a233000 	/System/Library/PrivateFrameworks/CrashReporterSupport.framework/Versions/A/CrashReporterSupport
0x000000000a233000 	/System/Library/PrivateFrameworks/IconServices.framework/Versions/A/IconServices
0x000000000a233000 	/System/Library/PrivateFrameworks/Apple80211.framework/Versions/A/Apple80211
0x000000000a233000 	/System/Library/Frameworks/CoreWLAN.framework/Versions/A/CoreWLAN
0x000000000a233000 	/System/Library/Frameworks/IOBluetooth.framework/Versions/A/IOBluetooth
0x000000000a233000 	/System/Library/PrivateFrameworks/CoreWiFi.framework/Versions/A/CoreWiFi
0x000000000a233000 	/System/Library/Frameworks/CoreBluetooth.framework/Versions/A/CoreBluetooth
0x000000000a233000 	/System/Library/PrivateFrameworks/ChunkingLibrary.framework/Versions/A/ChunkingLibrary
0x000000000a233000 	/System/Library/PrivateFrameworks/DebugSymbols.framework/Versions/A/DebugSymbols
0x000000000a233000 	/System/Library/PrivateFrameworks/CoreSymbolication.framework/Versions/A/CoreSymbolication
0x000000000a233000 	/System/Library/PrivateFrameworks/Symbolication.framework/Versions/A/Symbolication
0x000000000a233000 	/System/Library/PrivateFrameworks/SpeechRecognitionCore.framework/Versions/A/SpeechRecognitionCore
0x000000010ee42000 	/Library/Java/JavaVirtualMachines/jdk1.8.0_91.jdk/Contents/Home/jre/lib/server/libjvm.dylib
0x000000000a233000 	/usr/lib/libstdc++.6.dylib
0x000000010fdd6000 	/Library/Java/JavaVirtualMachines/jdk1.8.0_91.jdk/Contents/Home/jre/lib/libverify.dylib
0x000000010fde4000 	/Library/Java/JavaVirtualMachines/jdk1.8.0_91.jdk/Contents/Home/jre/lib/libjava.dylib
0x000000010fe23000 	/Library/Java/JavaVirtualMachines/jdk1.8.0_91.jdk/Contents/Home/jre/lib/libzip.dylib
0x0000000125fa2000 	/System/Library/Frameworks/JavaVM.framework/Frameworks/JavaRuntimeSupport.framework/JavaRuntimeSupport
0x0000000125fbd000 	/System/Library/Frameworks/JavaVM.framework/Versions/A/Frameworks/JavaNativeFoundation.framework/Versions/A/JavaNativeFoundation
0x000000011f1f1000 	/System/Library/Frameworks/JavaVM.framework/Versions/A/JavaVM
0x000000000a233000 	/System/Library/Frameworks/Carbon.framework/Versions/A/Carbon
0x0000000125fd2000 	/System/Library/PrivateFrameworks/JavaLaunching.framework/Versions/A/JavaLaunching
0x000000000a233000 	/System/Library/Frameworks/Carbon.framework/Versions/A/Frameworks/CommonPanels.framework/Versions/A/CommonPanels
0x000000000a233000 	/System/Library/Frameworks/Carbon.framework/Versions/A/Frameworks/Help.framework/Versions/A/Help
0x000000000a233000 	/System/Library/Frameworks/Carbon.framework/Versions/A/Frameworks/ImageCapture.framework/Versions/A/ImageCapture
0x000000000a233000 	/System/Library/Frameworks/Carbon.framework/Versions/A/Frameworks/OpenScripting.framework/Versions/A/OpenScripting
0x000000000a233000 	/System/Library/Frameworks/Carbon.framework/Versions/A/Frameworks/Print.framework/Versions/A/Print
0x000000000a233000 	/System/Library/Frameworks/Carbon.framework/Versions/A/Frameworks/SecurityHI.framework/Versions/A/SecurityHI
0x000000012792e000 	/Library/Java/JavaVirtualMachines/jdk1.8.0_91.jdk/Contents/Home/jre/lib/libawt.dylib
0x00000001279d6000 	/Library/Java/JavaVirtualMachines/jdk1.8.0_91.jdk/Contents/Home/jre/lib/./libmlib_image.dylib
0x0000000127aa2000 	/Library/Java/JavaVirtualMachines/jdk1.8.0_91.jdk/Contents/Home/jre/lib/libawt_lwawt.dylib
0x0000000127b57000 	/Library/Java/JavaVirtualMachines/jdk1.8.0_91.jdk/Contents/Home/jre/lib/./libosxapp.dylib
0x000000000a233000 	/System/Library/Frameworks/ExceptionHandling.framework/Versions/A/ExceptionHandling
0x000000000a233000 	/System/Library/PrivateFrameworks/CoreServicesInternal.framework/Versions/A/CoreServicesInternal
0x000000000a233000 	/System/Library/Frameworks/CoreGraphics.framework/Versions/A/Resources/libRIP.A.dylib
0x000000000a233000 	/System/Library/Frameworks/Accelerate.framework/Versions/A/Frameworks/vImage.framework/Versions/A/Libraries/libCGInterfaces.dylib
0x000000000a233000 	/System/Library/Frameworks/CoreGraphics.framework/Versions/A/Resources/libCGXType.A.dylib
0x000000000a233000 	/System/Library/Frameworks/OpenCL.framework/Versions/A/Libraries/libcldcpuengine.dylib
0x000000000a233000 	/System/Library/PrivateFrameworks/DiskImages.framework/Versions/A/DiskImages
0x000000000a233000 	/System/Library/Frameworks/DiscRecording.framework/Versions/A/DiscRecording
0x000000000a233000 	/usr/lib/libcsfde.dylib
0x000000000a233000 	/usr/lib/libcurl.4.dylib
0x000000000a233000 	/System/Library/PrivateFrameworks/MediaKit.framework/Versions/A/MediaKit
0x000000000a233000 	/System/Library/PrivateFrameworks/ProtectedCloudStorage.framework/Versions/A/ProtectedCloudStorage
0x000000000a233000 	/usr/lib/libCoreStorage.dylib
0x000000000a233000 	/System/Library/PrivateFrameworks/EFILogin.framework/Versions/A/EFILogin
0x000000000a233000 	/usr/lib/libutil.dylib
0x000000000a233000 	/System/Library/PrivateFrameworks/FindMyDevice.framework/Versions/A/FindMyDevice
0x000000000a233000 	/System/Library/Frameworks/LDAP.framework/Versions/A/LDAP
0x000000000a233000 	/usr/lib/libsasl2.2.dylib
0x000000000a233000 	/System/Library/PrivateFrameworks/CoreDaemon.framework/Versions/B/CoreDaemon
0x000000000a233000 	/usr/lib/libcrypto.0.9.8.dylib
0x000000000a233000 	/System/Library/PrivateFrameworks/AppleSRP.framework/Versions/A/AppleSRP
0x000000000a233000 	/System/Library/PrivateFrameworks/TrustEvaluationAgent.framework/Versions/A/TrustEvaluationAgent
0x0000000129a80000 	cl_kernels
0x000000000a233000 	/System/Library/Frameworks/OpenCL.framework/Versions/A/Libraries/ImageFormats/unorm8_bgra.dylib
0x000000000a233000 	/System/Library/Frameworks/OpenCL.framework/Versions/A/Libraries/ImageFormats/unorm8_rgba.dylib
0x000000000a233000 	/System/Library/PrivateFrameworks/FamilyControls.framework/Versions/A/FamilyControls
0x000000000a233000 	/System/Library/PrivateFrameworks/CommerceKit.framework/Versions/A/Frameworks/CommerceCore.framework/Versions/A/CommerceCore
0x000000000a233000 	/System/Library/PrivateFrameworks/SystemAdministration.framework/Versions/A/SystemAdministration
0x000000000a233000 	/System/Library/PrivateFrameworks/AppContainer.framework/Versions/A/AppContainer
0x000000000a233000 	/System/Library/PrivateFrameworks/SecCodeWrapper.framework/Versions/A/SecCodeWrapper
0x000000000a233000 	/System/Library/Frameworks/DirectoryService.framework/Versions/A/DirectoryService
0x000000000a233000 	/System/Library/PrivateFrameworks/LoginUIKit.framework/Versions/A/Frameworks/LoginUICore.framework/Versions/A/LoginUICore
0x000000000a233000 	/usr/lib/libodfde.dylib
0x000000000a233000 	/System/Library/Frameworks/OpenGL.framework/Versions/A/Resources/GLEngine.bundle/GLEngine
0x000000000a233000 	/System/Library/Frameworks/OpenGL.framework/Versions/A/Libraries/libGLProgrammability.dylib
0x000000012abdc000 	/System/Library/Extensions/AppleIntelBDWGraphicsGLDriver.bundle/Contents/MacOS/AppleIntelBDWGraphicsGLDriver
0x000000000a233000 	/System/Library/PrivateFrameworks/GPUSupport.framework/Versions/A/Libraries/libGPUSupportMercury.dylib
0x000000000a233000 	/System/Library/Frameworks/OpenGL.framework/Versions/A/Resources/GLRendererFloat.bundle/GLRendererFloat
0x000000012bb61000 	/Library/Java/JavaVirtualMachines/jdk1.8.0_91.jdk/Contents/Home/jre/lib/libfontmanager.dylib
0x000000012d029000 	/Library/Java/JavaVirtualMachines/jdk1.8.0_91.jdk/Contents/Home/jre/lib/libosxui.dylib
0x000000012db19000 	/Library/Java/JavaVirtualMachines/jdk1.8.0_91.jdk/Contents/Home/jre/lib/libnet.dylib
0x000000012daaa000 	/Library/Java/JavaVirtualMachines/jdk1.8.0_91.jdk/Contents/Home/jre/lib/libnio.dylib
0x000000000a233000 	/System/Library/Frameworks/ApplicationServices.framework/Versions/A/Frameworks/ATS.framework/Versions/A/Resources/libTrueTypeScaler.dylib
0x00000001b40ed000 	/System/Library/Extensions/AppleIntelBDWGraphicsMTLDriver.bundle/Contents/MacOS/AppleIntelBDWGraphicsMTLDriver
0x00000001b3ff4000 	/private/var/folders/2h/vqwmpqwj6bd01xqwnbwl3bl40000gn/T/jogamp_0000/file_cache/jln6302750553522291640/jln6691355453357171855/libgluegen-rt.jnilib
0x000000012cdb4000 	/private/var/folders/2h/vqwmpqwj6bd01xqwnbwl3bl40000gn/T/jogamp_0000/file_cache/jln6302750553522291640/jln6691355453357171855/libnativewindow_awt.jnilib
0x00000001b3ff8000 	/Library/Java/JavaVirtualMachines/jdk1.8.0_91.jdk/Contents/Home/jre/lib/libjawt.dylib
0x00000001b3ffb000 	/private/var/folders/2h/vqwmpqwj6bd01xqwnbwl3bl40000gn/T/jogamp_0000/file_cache/jln6302750553522291640/jln6691355453357171855/libnativewindow_macosx.jnilib
0x00000001b8281000 	/private/var/folders/2h/vqwmpqwj6bd01xqwnbwl3bl40000gn/T/jogamp_0000/file_cache/jln6302750553522291640/jln6691355453357171855/libjogl_desktop.jnilib
0x00000001bb0a8000 	/Library/Java/JavaVirtualMachines/jdk1.8.0_91.jdk/Contents/Home/jre/lib/libjpeg.dylib

VM Arguments:
jvm_args: -Djava.security.policy=java.policy.applet -Dfile.encoding=UTF-8 
java_command: sun.applet.AppletViewer module1.HelloWorld1463596202897.html
java_class_path (initial): /Users/Jimmy/Documents/Java/UCSDUnfoldingMaps/build:/Users/Jimmy/Documents/Java/UCSDUnfoldingMaps/lib/core.jar:/Users/Jimmy/Documents/Java/UCSDUnfoldingMaps/lib/gluegen-rt.jar:/Users/Jimmy/Documents/Java/UCSDUnfoldingMaps/lib/jogl-all.jar:/Users/Jimmy/Documents/Java/UCSDUnfoldingMaps/lib/log4j-1.2.15.jar:/Users/Jimmy/Documents/Java/UCSDUnfoldingMaps/lib/sqlite-jdbc-3.7.2.jar:/Users/Jimmy/Documents/Java/UCSDUnfoldingMaps/lib/json4processing.jar:/Users/Jimmy/Documents/Java/UCSDUnfoldingMaps/lib/libTUIO.jar:/Users/Jimmy/Documents/Java/UCSDUnfoldingMaps/lib/unfolding.0.9.7-uscd.jar
Launcher Type: SUN_STANDARD

Environment Variables:
PATH=/usr/bin:/bin:/usr/sbin:/sbin
SHELL=/bin/bash

Signal Handlers:
SIGSEGV: [libjvm.dylib+0x5a97a1], sa_mask[0]=11111111011111110111111111111111, sa_flags=SA_ONSTACK|SA_RESTART|SA_SIGINFO
SIGBUS: [libjvm.dylib+0x5a97a1], sa_mask[0]=11111111011111110111111111111111, sa_flags=SA_RESTART|SA_SIGINFO
SIGFPE: [libjvm.dylib+0x482594], sa_mask[0]=11111111011111110111111111111111, sa_flags=SA_RESTART|SA_SIGINFO
SIGPIPE: [libjvm.dylib+0x482594], sa_mask[0]=11111111011111110111111111111111, sa_flags=SA_RESTART|SA_SIGINFO
SIGXFSZ: [libjvm.dylib+0x482594], sa_mask[0]=11111111011111110111111111111111, sa_flags=SA_RESTART|SA_SIGINFO
SIGILL: [libjvm.dylib+0x482594], sa_mask[0]=11111111011111110111111111111111, sa_flags=SA_RESTART|SA_SIGINFO
SIGUSR1: SIG_DFL, sa_mask[0]=00000000000000000000000000000000, sa_flags=none
SIGUSR2: [libjvm.dylib+0x4820b2], sa_mask[0]=00100000000000000000000000000000, sa_flags=SA_RESTART|SA_SIGINFO
SIGHUP: [libjvm.dylib+0x480689], sa_mask[0]=11111111011111110111111111111111, sa_flags=SA_RESTART|SA_SIGINFO
SIGINT: [libjvm.dylib+0x480689], sa_mask[0]=11111111011111110111111111111111, sa_flags=SA_RESTART|SA_SIGINFO
SIGTERM: [libjvm.dylib+0x480689], sa_mask[0]=11111111011111110111111111111111, sa_flags=SA_RESTART|SA_SIGINFO
SIGQUIT: [libjvm.dylib+0x480689], sa_mask[0]=11111111011111110111111111111111, sa_flags=SA_RESTART|SA_SIGINFO


---------------  S Y S T E M  ---------------

OS:Bsduname:Darwin 15.4.0 Darwin Kernel Version 15.4.0: Fri Feb 26 22:08:05 PST 2016; root:xnu-3248.40.184~3/RELEASE_X86_64 x86_64
rlimit: STACK 8192k, CORE 0k, NPROC 709, NOFILE 10240, AS infinity
load average:1.73 1.60 1.79

CPU:total 4 (2 cores per cpu, 2 threads per core) family 6 model 61 stepping 4, cmov, cx8, fxsr, mmx, sse, sse2, sse3, ssse3, sse4.1, sse4.2, popcnt, avx, avx2, aes, clmul, erms, 3dnowpref, lzcnt, ht, tsc, tscinvbit, bmi1, bmi2, adx

Memory: 4k page, physical 8388608k(219768k free)

/proc/meminfo:


vm_info: Java HotSpot(TM) 64-Bit Server VM (25.91-b14) for bsd-amd64 JRE (1.8.0_91-b14), built on Apr  1 2016 01:03:00 by "java_re" with gcc 4.2.1 (Based on Apple Inc. build 5658) (LLVM build 2336.11.00)

time: Wed May 18 14:30:09 2016
elapsed time: 7 seconds (0d 0h 0m 7s)

