#
# A fatal error has been detected by the Java Runtime Environment:
#
#  SIGSEGV (0xb) at pc=0x00007fff891914dd, pid=1086, tid=2571
#
# JRE version: Java(TM) SE Runtime Environment (8.0_91-b14) (build 1.8.0_91-b14)
# Java VM: Java HotSpot(TM) 64-Bit Server VM (25.91-b14 mixed mode bsd-amd64 compressed oops)
# Problematic frame:
# C  [libobjc.A.dylib+0x14dd]  objc_msgSend+0x1d
#
# Failed to write core dump. Core dumps have been disabled. To enable core dumping, try "ulimit -c unlimited" before starting Java again
#
# If you would like to submit a bug report, please visit:
#   http://bugreport.java.com/bugreport/crash.jsp
# The crash happened outside the Java Virtual Machine in native code.
# See problematic frame for where to report the bug.
#

---------------  T H R E A D  ---------------

Current thread (0x00007fcf6d0e1000):  JavaThread "AWT-AppKit" daemon [_thread_in_native, id=2571, stack(0x00007fff4fa29000,0x00007fff50229000)]

siginfo: si_signo: 11 (SIGSEGV), si_code: 1 (SEGV_MAPERR), si_addr: 0x0000000000000018

Registers:
RAX=0x00007fcf6ffaf830, RBX=0x00000001b4ee8450, RCX=0x0000000129c85e60, RDX=0x0000000129c85360
RSP=0x00007fff502243c8, RBP=0x00007fff50224480, RSI=0x00007fff8add6cbe, RDI=0x00007fcf70146b00
R8 =0x0000000000000000, R9 =0x00000000000008b0, R10=0x00007fff8add6cbe, R11=0x0000000000000000
R12=0x0000000000000000, R13=0x00000001b9ee7180, R14=0x00000001b4ee8440, R15=0x00007fcf6d0e1000
RIP=0x00007fff891914dd, EFLAGS=0x0000000000010246, ERR=0x0000000000000004
  TRAPNO=0x000000000000000e

Top of Stack: (sp=0x00007fff502243c8)
0x00007fff502243c8:   00000001b4ee6157 00007fff50224420
0x00007fff502243d8:   0000000000000003 00007fff50224400
0x00007fff502243e8:   000000010fe454ea 00000001b9ee7180
0x00007fff502243f8:   00000001b9ee7180 00007fcf6ffaf830
0x00007fff50224408:   00000001b4ee86a0 00000001b4ee8710
0x00007fff50224418:   00007fff70918770 00007fff741cb500
0x00007fff50224428:   00000001b4ee8450 00000001b4ee8690
0x00007fff50224438:   00007fcf6ffaf830 00007fcf70146b00
0x00007fff50224448:   00007fcf6b6998e0 00007fcf6ffaf830
0x00007fff50224458:   00007fcf70146b00 00007fff50224508
0x00007fff50224468:   00007fcf6d0e11f8 00000001b9ee7180
0x00007fff50224478:   00007fff50224530 00007fff502244f8
0x00007fff50224488:   00000001116179d4 00000001b9ee7180
0x00007fff50224498:   00007fff50224530 00007fff502244f8
0x00007fff502244a8:   0000000111617767 0000000111617722
0x00007fff502244b8:   00007fff502244b8 00000001b9ee7180
0x00007fff502244c8:   00007fff50224530 00000001b9ee9db8
0x00007fff502244d8:   0000000000000000 00000001b9ee7180
0x00007fff502244e8:   0000000000000000 00007fff50224518
0x00007fff502244f8:   00007fff50224578 00000001116082bd
0x00007fff50224508:   000000079779f748 0000000111611538
0x00007fff50224518:   00007fcf6ffaf830 00007fff50224578
0x00007fff50224528:   00007fcf70146b00 0000000111612e02
0x00007fff50224538:   00007fff50224538 00000001b9ee734a
0x00007fff50224548:   00007fff502245a0 00000001b9ee9db8
0x00007fff50224558:   0000000000000000 00000001b9ee7358
0x00007fff50224568:   00007fff50224518 00007fff50224588
0x00007fff50224578:   00007fff502245e8 00000001116082bd
0x00007fff50224588:   00007fcf6ffaf830 000000079767e760
0x00007fff50224598:   00007fcf70146b00 000000079767e760
0x00007fff502245a8:   00007fff502245a8 00000001beba4346
0x00007fff502245b8:   00007fff502245f8 00000001beba4400 

Instructions: (pc=0x00007fff891914dd)
0x00007fff891914bd:   44 00 00 48 85 ff 2e 74 62 40 f6 c7 01 2e 75 66
0x00007fff891914cd:   49 bb f8 ff ff ff ff 7f 00 00 4c 23 1f 49 89 f2
0x00007fff891914dd:   45 23 53 18 49 c1 e2 04 4d 03 53 10 49 3b 32 75
0x00007fff891914ed:   04 41 ff 62 08 49 83 3a 01 76 0d 49 83 c2 10 49 

Register to memory mapping:

RAX=0x00007fcf6ffaf830 is an unknown value
RBX=0x00000001b4ee8450: Java_jogamp_nativewindow_macosx_OSXUtil_GetScreenRefreshRate0+0x1cf0 in /private/var/folders/2h/vqwmpqwj6bd01xqwnbwl3bl40000gn/T/jogamp_0000/file_cache/jln8939009753870629139/jln7406943103288838641/libnativewindow_macosx.jnilib at 0x00000001b4ee1000
RCX=0x0000000129c85e60 is an unknown value
RDX=0x0000000129c85360 is an unknown value
RSP=0x00007fff502243c8 is pointing into the stack for thread: 0x00007fcf6d0e1000
RBP=0x00007fff50224480 is pointing into the stack for thread: 0x00007fcf6d0e1000
RSI=0x00007fff8add6cbe is an unknown value
RDI=0x00007fcf70146b00 is an unknown value
R8 =0x0000000000000000 is an unknown value
R9 =0x00000000000008b0 is an unknown value
R10=0x00007fff8add6cbe is an unknown value
R11=0x0000000000000000 is an unknown value
R12=0x0000000000000000 is an unknown value
R13={method} {0x00000001b9ee7180} 'UnsetJAWTRootSurfaceLayer0' '(JJ)V' in 'jogamp/nativewindow/jawt/macosx/MacOSXJAWTWindow'
R14=0x00000001b4ee8440: Java_jogamp_nativewindow_macosx_OSXUtil_GetScreenRefreshRate0+0x1ce0 in /private/var/folders/2h/vqwmpqwj6bd01xqwnbwl3bl40000gn/T/jogamp_0000/file_cache/jln8939009753870629139/jln7406943103288838641/libnativewindow_macosx.jnilib at 0x00000001b4ee1000
R15=0x00007fcf6d0e1000 is a thread


Stack: [0x00007fff4fa29000,0x00007fff50229000],  sp=0x00007fff502243c8,  free space=8172k
Native frames: (J=compiled Java code, j=interpreted, Vv=VM code, C=native code)
C  [libobjc.A.dylib+0x14dd]  objc_msgSend+0x1d
j  jogamp.nativewindow.jawt.macosx.MacOSXJAWTWindow.UnsetJAWTRootSurfaceLayer0(JJ)V+0
j  jogamp.nativewindow.jawt.macosx.MacOSXJAWTWindow.access$200(JJ)V+2
j  jogamp.nativewindow.jawt.macosx.MacOSXJAWTWindow$1.run()V+38
J 2139 C1 com.jogamp.common.util.RunnableTask.run()V (345 bytes) @ 0x0000000111ca6394 [0x0000000111ca6200+0x194]
v  ~StubRoutines::call_stub
V  [libjvm.dylib+0x2ec1e6]  JavaCalls::call_helper(JavaValue*, methodHandle*, JavaCallArguments*, Thread*)+0x6ae
V  [libjvm.dylib+0x323355]  jni_invoke_nonstatic(JNIEnv_*, JavaValue*, _jobject*, JNICallType, _jmethodID*, JNI_ArgumentPusher*, Thread*)+0x2ec
V  [libjvm.dylib+0x315b23]  jni_CallVoidMethod+0x16b
C  [libnativewindow_macosx.jnilib+0x5326]  Java_jogamp_nativewindow_jawt_macosx_MacOSXJAWTWindow_UnsetJAWTRootSurfaceLayer0+0x2b6
C  [Foundation+0x76fde]  __NSThreadPerformPerform+0x117
C  [CoreFoundation+0xaa881]  __CFRUNLOOP_IS_CALLING_OUT_TO_A_SOURCE0_PERFORM_FUNCTION__+0x11
C  [CoreFoundation+0x89f37]  __CFRunLoopDoSources0+0x1a7
C  [CoreFoundation+0x894df]  __CFRunLoopRun+0x39f
C  [CoreFoundation+0x88ed8]  CFRunLoopRunSpecific+0x128
C  [HIToolbox+0x30935]  RunCurrentEventLoopInMode+0xeb
C  [HIToolbox+0x30677]  ReceiveNextEventCommon+0xb8
C  [HIToolbox+0x305af]  _BlockUntilNextEventMatchingListInModeWithFilter+0x47
C  [AppKit+0x48df6]  _DPSNextEvent+0x42b
C  [AppKit+0x48226]  -[NSApplication _nextEventMatchingEventMask:untilDate:inMode:dequeue:]+0x1c6
C  [libosxapp.dylib+0x23aa]  -[NSApplicationAWT nextEventMatchingMask:untilDate:inMode:dequeue:]+0x7c
C  [AppKit+0x3cd80]  -[NSApplication run]+0x2aa
C  [libosxapp.dylib+0x214d]  +[NSApplicationAWT runAWTLoopWithApp:]+0x9c
C  [libawt_lwawt.dylib+0x4455b]  -[AWTStarter starter:]+0x389
C  [Foundation+0x76fde]  __NSThreadPerformPerform+0x117
C  [CoreFoundation+0xaa881]  __CFRUNLOOP_IS_CALLING_OUT_TO_A_SOURCE0_PERFORM_FUNCTION__+0x11
C  [CoreFoundation+0x89fbc]  __CFRunLoopDoSources0+0x22c
C  [CoreFoundation+0x894df]  __CFRunLoopRun+0x39f
C  [CoreFoundation+0x88ed8]  CFRunLoopRunSpecific+0x128
C  [java+0x6463]  CreateExecutionEnvironment+0x367
C  [java+0x21ac]  JLI_Launch+0x7a0
C  [java+0x84c0]  main+0x65
C  [java+0x1a04]  start+0x34
C  0x0000000000000007

Java frames: (J=compiled Java code, j=interpreted, Vv=VM code)
j  jogamp.nativewindow.jawt.macosx.MacOSXJAWTWindow.UnsetJAWTRootSurfaceLayer0(JJ)V+0
j  jogamp.nativewindow.jawt.macosx.MacOSXJAWTWindow.access$200(JJ)V+2
j  jogamp.nativewindow.jawt.macosx.MacOSXJAWTWindow$1.run()V+38
J 2139 C1 com.jogamp.common.util.RunnableTask.run()V (345 bytes) @ 0x0000000111ca6394 [0x0000000111ca6200+0x194]
v  ~StubRoutines::call_stub

---------------  P R O C E S S  ---------------

Java Threads: ( => current thread )
  0x00007fcf71396800 JavaThread "Thread-19" [_thread_blocked, id=71075, stack(0x000070000104a000,0x000070000114a000)]
  0x00007fcf6cb46000 JavaThread "Keep-Alive-Timer" daemon [_thread_blocked, id=70499, stack(0x0000700001e7d000,0x0000700001f7d000)]
  0x00007fcf6b93c800 JavaThread "AWT-EventQueue-1" [_thread_in_native, id=64299, stack(0x00007000018eb000,0x00007000019eb000)]
  0x00007fcf6d77d800 JavaThread "DestroyJavaVM" [_thread_blocked, id=4099, stack(0x0000700000084000,0x0000700000184000)]
  0x00007fcf6d1b7000 JavaThread "AWT-EventQueue-0" [_thread_blocked, id=56579, stack(0x00007000016e5000,0x00007000017e5000)]
  0x00007fcf6c0f1800 JavaThread "Java2D Disposer" daemon [_thread_blocked, id=53259, stack(0x000070000145c000,0x000070000155c000)]
  0x00007fcf6d147800 JavaThread "Java2D Queue Flusher" daemon [_thread_blocked, id=43327, stack(0x0000700001359000,0x0000700001459000)]
  0x00007fcf6c850800 JavaThread "AWT-Shutdown" [_thread_blocked, id=29715, stack(0x00007000011d3000,0x00007000012d3000)]
=>0x00007fcf6d0e1000 JavaThread "AWT-AppKit" daemon [_thread_in_native, id=2571, stack(0x00007fff4fa29000,0x00007fff50229000)]
  0x00007fcf6d01a800 JavaThread "Service Thread" daemon [_thread_blocked, id=18691, stack(0x0000700000e44000,0x0000700000f44000)]
  0x00007fcf6c01a000 JavaThread "C1 CompilerThread2" daemon [_thread_blocked, id=18179, stack(0x0000700000d41000,0x0000700000e41000)]
  0x00007fcf6c017000 JavaThread "C2 CompilerThread1" daemon [_thread_blocked, id=17667, stack(0x0000700000c3e000,0x0000700000d3e000)]
  0x00007fcf6b83d000 JavaThread "C2 CompilerThread0" daemon [_thread_blocked, id=17155, stack(0x0000700000b3b000,0x0000700000c3b000)]
  0x00007fcf6d02b000 JavaThread "Signal Dispatcher" daemon [_thread_blocked, id=12815, stack(0x0000700000a38000,0x0000700000b38000)]
  0x00007fcf6c016800 JavaThread "Finalizer" daemon [_thread_blocked, id=12291, stack(0x000070000082f000,0x000070000092f000)]
  0x00007fcf6b839800 JavaThread "Reference Handler" daemon [_thread_blocked, id=11779, stack(0x000070000072c000,0x000070000082c000)]

Other Threads:
  0x00007fcf6c807000 VMThread [stack: 0x0000700000629000,0x0000700000729000] [id=11267]
  0x00007fcf6b83e000 WatcherThread [stack: 0x0000700000f47000,0x0000700001047000] [id=19203]

VM state:not at safepoint (normal execution)

VM Mutex/Monitor currently owned by a thread: None

Heap:
 PSYoungGen      total 38400K, used 27414K [0x0000000795580000, 0x0000000798000000, 0x00000007c0000000)
  eden space 33280K, 67% used [0x0000000795580000,0x0000000796b498b0,0x0000000797600000)
  from space 5120K, 99% used [0x0000000797600000,0x0000000797afc170,0x0000000797b00000)
  to   space 5120K, 0% used [0x0000000797b00000,0x0000000797b00000,0x0000000798000000)
 ParOldGen       total 87552K, used 12645K [0x0000000740000000, 0x0000000745580000, 0x0000000795580000)
  object space 87552K, 14% used [0x0000000740000000,0x0000000740c594d8,0x0000000745580000)
 Metaspace       used 20827K, capacity 21007K, committed 21296K, reserved 1069056K
  class space    used 2027K, capacity 2110K, committed 2176K, reserved 1048576K

Card table byte_map: [0x00000001209c0000,0x0000000120dc1000] byte_map_base: 0x000000011cfc0000

Marking Bits: (ParMarkBitMap*) 0x0000000110539eb0
 Begin Bits: [0x000000012106c000, 0x000000012306c000)
 End Bits:   [0x000000012306c000, 0x000000012506c000)

Polling page: 0x0000000110c2a000

CodeCache: size=245760Kb used=7875Kb max_used=7888Kb free=237884Kb
 bounds [0x0000000111600000, 0x0000000111dc0000, 0x0000000120600000]
 total_blobs=3181 nmethods=2294 adapters=801
 compilation: enabled

Compilation events (10 events):
Event: 14.772 Thread 0x00007fcf6c01a000 2513   !   3       sun.lwawt.LWComponentPeer::isShowing (49 bytes)
Event: 14.773 Thread 0x00007fcf6c01a000 nmethod 2513 0x0000000111db4c90 code [0x0000000111db4e40, 0x0000000111db5748]
Event: 14.821 Thread 0x00007fcf6c01a000 2514       1       sun.java2d.SurfaceData::isValid (5 bytes)
Event: 14.821 Thread 0x00007fcf6c01a000 nmethod 2514 0x0000000111db49d0 code [0x0000000111db4b20, 0x0000000111db4c30]
Event: 14.834 Thread 0x00007fcf6c017000 2515  s    4       sun.misc.URLClassPath::getNextLoader (88 bytes)
Event: 14.834 Thread 0x00007fcf6b83d000 2516  s!   4       sun.misc.URLClassPath::getLoader (197 bytes)
Event: 14.840 Thread 0x00007fcf6c01a000 2517       3       sun.java2d.pipe.RenderBuffer::putFloat (26 bytes)
Event: 14.841 Thread 0x00007fcf6c01a000 nmethod 2517 0x0000000111db3490 code [0x0000000111db3600, 0x0000000111db3790]
Event: 14.841 Thread 0x00007fcf6b83d000 nmethod 2516 0x0000000111db7a10 code [0x0000000111db7b80, 0x0000000111db8358]
Event: 14.842 Thread 0x00007fcf6c017000 nmethod 2515 0x0000000111dbf0d0 code [0x0000000111dbf240, 0x0000000111dbf9b8]

GC Heap History (6 events):
Event: 3.339 GC heap before
{Heap before GC invocations=1 (full 0):
 PSYoungGen      total 38400K, used 33280K [0x0000000795580000, 0x0000000798000000, 0x00000007c0000000)
  eden space 33280K, 100% used [0x0000000795580000,0x0000000797600000,0x0000000797600000)
  from space 5120K, 0% used [0x0000000797b00000,0x0000000797b00000,0x0000000798000000)
  to   space 5120K, 0% used [0x0000000797600000,0x0000000797600000,0x0000000797b00000)
 ParOldGen       total 87552K, used 0K [0x0000000740000000, 0x0000000745580000, 0x0000000795580000)
  object space 87552K, 0% used [0x0000000740000000,0x0000000740000000,0x0000000745580000)
 Metaspace       used 15595K, capacity 15769K, committed 16000K, reserved 1062912K
  class space    used 1572K, capacity 1627K, committed 1664K, reserved 1048576K
Event: 3.346 GC heap after
Heap after GC invocations=1 (full 0):
 PSYoungGen      total 38400K, used 5103K [0x0000000795580000, 0x0000000798000000, 0x00000007c0000000)
  eden space 33280K, 0% used [0x0000000795580000,0x0000000795580000,0x0000000797600000)
  from space 5120K, 99% used [0x0000000797600000,0x0000000797afbec0,0x0000000797b00000)
  to   space 5120K, 0% used [0x0000000797b00000,0x0000000797b00000,0x0000000798000000)
 ParOldGen       total 87552K, used 201K [0x0000000740000000, 0x0000000745580000, 0x0000000795580000)
  object space 87552K, 0% used [0x0000000740000000,0x00000007400327b8,0x0000000745580000)
 Metaspace       used 15595K, capacity 15769K, committed 16000K, reserved 1062912K
  class space    used 1572K, capacity 1627K, committed 1664K, reserved 1048576K
}
Event: 5.257 GC heap before
{Heap before GC invocations=2 (full 0):
 PSYoungGen      total 38400K, used 38383K [0x0000000795580000, 0x0000000798000000, 0x00000007c0000000)
  eden space 33280K, 100% used [0x0000000795580000,0x0000000797600000,0x0000000797600000)
  from space 5120K, 99% used [0x0000000797600000,0x0000000797afbec0,0x0000000797b00000)
  to   space 5120K, 0% used [0x0000000797b00000,0x0000000797b00000,0x0000000798000000)
 ParOldGen       total 87552K, used 201K [0x0000000740000000, 0x0000000745580000, 0x0000000795580000)
  object space 87552K, 0% used [0x0000000740000000,0x00000007400327b8,0x0000000745580000)
 Metaspace       used 19991K, capacity 20137K, committed 20352K, reserved 1067008K
  class space    used 2000K, capacity 2077K, committed 2176K, reserved 1048576K
Event: 5.271 GC heap after
Heap after GC invocations=2 (full 0):
 PSYoungGen      total 38400K, used 5090K [0x0000000795580000, 0x0000000798000000, 0x00000007c0000000)
  eden space 33280K, 0% used [0x0000000795580000,0x0000000795580000,0x0000000797600000)
  from space 5120K, 99% used [0x0000000797b00000,0x0000000797ff8870,0x0000000798000000)
  to   space 5120K, 0% used [0x0000000797600000,0x0000000797600000,0x0000000797b00000)
 ParOldGen       total 87552K, used 9323K [0x0000000740000000, 0x0000000745580000, 0x0000000795580000)
  object space 87552K, 10% used [0x0000000740000000,0x000000074091ac78,0x0000000745580000)
 Metaspace       used 19991K, capacity 20137K, committed 20352K, reserved 1067008K
  class space    used 2000K, capacity 2077K, committed 2176K, reserved 1048576K
}
Event: 9.440 GC heap before
{Heap before GC invocations=3 (full 0):
 PSYoungGen      total 38400K, used 38370K [0x0000000795580000, 0x0000000798000000, 0x00000007c0000000)
  eden space 33280K, 100% used [0x0000000795580000,0x0000000797600000,0x0000000797600000)
  from space 5120K, 99% used [0x0000000797b00000,0x0000000797ff8870,0x0000000798000000)
  to   space 5120K, 0% used [0x0000000797600000,0x0000000797600000,0x0000000797b00000)
 ParOldGen       total 87552K, used 9323K [0x0000000740000000, 0x0000000745580000, 0x0000000795580000)
  object space 87552K, 10% used [0x0000000740000000,0x000000074091ac78,0x0000000745580000)
 Metaspace       used 20644K, capacity 20873K, committed 21120K, reserved 1069056K
  class space    used 2018K, capacity 2109K, committed 2176K, reserved 1048576K
Event: 9.449 GC heap after
Heap after GC invocations=3 (full 0):
 PSYoungGen      total 38400K, used 5104K [0x0000000795580000, 0x0000000798000000, 0x00000007c0000000)
  eden space 33280K, 0% used [0x0000000795580000,0x0000000795580000,0x0000000797600000)
  from space 5120K, 99% used [0x0000000797600000,0x0000000797afc170,0x0000000797b00000)
  to   space 5120K, 0% used [0x0000000797b00000,0x0000000797b00000,0x0000000798000000)
 ParOldGen       total 87552K, used 12645K [0x0000000740000000, 0x0000000745580000, 0x0000000795580000)
  object space 87552K, 14% used [0x0000000740000000,0x0000000740c594d8,0x0000000745580000)
 Metaspace       used 20644K, capacity 20873K, committed 21120K, reserved 1069056K
  class space    used 2018K, capacity 2109K, committed 2176K, reserved 1048576K
}

Deoptimization events (10 events):
Event: 3.104 Thread 0x00007fcf6c45c000 Uncommon trap: reason=bimorphic action=maybe_recompile pc=0x000000011187db6c method=java.util.HashMap.getNode(ILjava/lang/Object;)Ljava/util/HashMap$Node; @ 126
Event: 3.104 Thread 0x00007fcf6c45c000 Uncommon trap: reason=bimorphic action=maybe_recompile pc=0x000000011187db6c method=java.util.HashMap.getNode(ILjava/lang/Object;)Ljava/util/HashMap$Node; @ 126
Event: 3.104 Thread 0x00007fcf6c45c000 Uncommon trap: reason=bimorphic action=maybe_recompile pc=0x000000011187db6c method=java.util.HashMap.getNode(ILjava/lang/Object;)Ljava/util/HashMap$Node; @ 126
Event: 3.939 Thread 0x00007fcf6b93c800 Uncommon trap: reason=unstable_if action=reinterpret pc=0x00000001117b98ac method=java.lang.AbstractStringBuilder.append(Ljava/lang/String;)Ljava/lang/AbstractStringBuilder; @ 1
Event: 4.748 Thread 0x00007fcf6b93c800 Uncommon trap: reason=unstable_if action=reinterpret pc=0x0000000111a71b3c method=com.jogamp.common.util.IntIntHashMap.get(I)I @ 28
Event: 5.546 Thread 0x00007fcf6c674000 Uncommon trap: reason=unstable_if action=reinterpret pc=0x0000000111c1e904 method=sun.awt.image.PNGImageDecoder.produceImage()V @ 867
Event: 14.775 Thread 0x00007fcf6d1b7000 Uncommon trap: reason=unstable_if action=reinterpret pc=0x0000000111a908f8 method=java.awt.font.FontRenderContext.equals(Ljava/awt/font/FontRenderContext;)Z @ 2
Event: 14.775 Thread 0x00007fcf6d1b7000 Uncommon trap: reason=unstable_if action=reinterpret pc=0x0000000111c387d4 method=java.awt.Font.equals(Ljava/lang/Object;)Z @ 2
Event: 14.819 Thread 0x00007fcf6d18d800 Uncommon trap: reason=unstable_if action=reinterpret pc=0x0000000111aec020 method=java.util.HashMap.putVal(ILjava/lang/Object;Ljava/lang/Object;ZZ)Ljava/lang/Object; @ 81
Event: 14.819 Thread 0x00007fcf6d18d800 Uncommon trap: reason=unstable_if action=reinterpret pc=0x0000000111a7ef30 method=java.util.HashMap.putVal(ILjava/lang/Object;Ljava/lang/Object;ZZ)Ljava/lang/Object; @ 81

Internal exceptions (10 events):
Event: 0.286 Thread 0x00007fcf6b80c000 Exception <a 'java/lang/NoSuchFieldError': method resolution failed> (0x00000007957d36d8) thrown at [/Users/java_re/workspace/8-2-build-macosx-x86_64/jdk8u91/6644/hotspot/src/share/vm/prims/methodHandles.cpp, line 1146]
Event: 0.288 Thread 0x00007fcf6b80c000 Exception <a 'java/lang/NoSuchFieldError': method resolution failed> (0x00000007957e0ea8) thrown at [/Users/java_re/workspace/8-2-build-macosx-x86_64/jdk8u91/6644/hotspot/src/share/vm/prims/methodHandles.cpp, line 1146]
Event: 0.494 Thread 0x00007fcf6b80c000 Exception <a 'java/io/FileNotFoundException'> (0x000000079585cca8) thrown at [/Users/java_re/workspace/8-2-build-macosx-x86_64/jdk8u91/6644/hotspot/src/share/vm/prims/jni.cpp, line 709]
Event: 0.494 Thread 0x00007fcf6b80c000 Exception <a 'java/io/FileNotFoundException'> (0x000000079585d7f0) thrown at [/Users/java_re/workspace/8-2-build-macosx-x86_64/jdk8u91/6644/hotspot/src/share/vm/prims/jni.cpp, line 709]
Event: 0.644 Thread 0x00007fcf6b80c000 Exception <a 'java/io/FileNotFoundException'> (0x0000000795a41a88) thrown at [/Users/java_re/workspace/8-2-build-macosx-x86_64/jdk8u91/6644/hotspot/src/share/vm/prims/jni.cpp, line 709]
Event: 3.121 Thread 0x00007fcf6c45c000 Exception <a 'java/lang/UnsatisfiedLinkError': com.jogamp.common.util.JarUtil.fixNativeLibAttribs(Ljava/lang/String;)Z> (0x0000000796cc4e90) thrown at [/Users/java_re/workspace/8-2-build-macosx-x86_64/jdk8u91/6644/hotspot/src/share/vm/prims/nativeLookup.c
Event: 3.348 Thread 0x00007fcf6c016800 Exception <a 'java/lang/NullPointerException'> (0x00000007956a3030) thrown at [/Users/java_re/workspace/8-2-build-macosx-x86_64/jdk8u91/6644/hotspot/src/share/vm/interpreter/linkResolver.cpp, line 1178]
Event: 3.939 Thread 0x00007fcf6b93c800 Exception <a 'java/io/FileNotFoundException'> (0x00000007961ac540) thrown at [/Users/java_re/workspace/8-2-build-macosx-x86_64/jdk8u91/6644/hotspot/src/share/vm/prims/jni.cpp, line 709]
Event: 3.939 Thread 0x00007fcf6b93c800 Exception <a 'java/io/FileNotFoundException'> (0x00000007961b3730) thrown at [/Users/java_re/workspace/8-2-build-macosx-x86_64/jdk8u91/6644/hotspot/src/share/vm/prims/jni.cpp, line 709]
Event: 3.939 Thread 0x00007fcf6b93c800 Implicit null exception at 0x00000001117b9535 to 0x00000001117b9899

Events (10 events):
Event: 14.836 loading class jogamp/nativewindow/jawt/macosx/MacOSXJAWTWindow$1 done
Event: 14.839 loading class java/awt/LightweightDispatcher$2
Event: 14.839 loading class java/awt/LightweightDispatcher$2 done
Event: 14.839 loading class java/awt/event/AWTEventListenerProxy
Event: 14.839 loading class java/awt/event/AWTEventListenerProxy done
Event: 14.839 loading class java/awt/Toolkit$ToolkitEventMulticaster
Event: 14.840 loading class java/awt/Toolkit$ToolkitEventMulticaster done
Event: 14.840 Thread 0x00007fcf6d18d800 Thread exited: 0x00007fcf6d18d800
Event: 14.840 loading class java/awt/Window$1DisposeAction
Event: 14.840 loading class java/awt/Window$1DisposeAction done


Dynamic libraries:
0x000000000000a000 	/System/Library/Frameworks/Cocoa.framework/Versions/A/Cocoa
0x000000000000a000 	/System/Library/Frameworks/Security.framework/Versions/A/Security
0x000000000000a000 	/System/Library/Frameworks/ApplicationServices.framework/Versions/A/ApplicationServices
0x000000000000a000 	/usr/lib/libz.1.dylib
0x000000000000a000 	/usr/lib/libSystem.B.dylib
0x000000000000a000 	/usr/lib/libobjc.A.dylib
0x000000000000a000 	/System/Library/Frameworks/CoreFoundation.framework/Versions/A/CoreFoundation
0x000000000000a000 	/System/Library/Frameworks/Foundation.framework/Versions/C/Foundation
0x000000000000a000 	/System/Library/Frameworks/AppKit.framework/Versions/C/AppKit
0x000000000000a000 	/System/Library/Frameworks/CoreData.framework/Versions/A/CoreData
0x000000000000a000 	/System/Library/PrivateFrameworks/RemoteViewServices.framework/Versions/A/RemoteViewServices
0x000000000000a000 	/System/Library/PrivateFrameworks/UIFoundation.framework/Versions/A/UIFoundation
0x000000000000a000 	/usr/lib/libScreenReader.dylib
0x000000000000a000 	/System/Library/Frameworks/Accelerate.framework/Versions/A/Accelerate
0x000000000000a000 	/System/Library/Frameworks/IOSurface.framework/Versions/A/IOSurface
0x000000000000a000 	/System/Library/Frameworks/AudioToolbox.framework/Versions/A/AudioToolbox
0x000000000000a000 	/System/Library/Frameworks/AudioUnit.framework/Versions/A/AudioUnit
0x000000000000a000 	/System/Library/PrivateFrameworks/DataDetectorsCore.framework/Versions/A/DataDetectorsCore
0x000000000000a000 	/System/Library/PrivateFrameworks/DesktopServicesPriv.framework/Versions/A/DesktopServicesPriv
0x000000000000a000 	/System/Library/Frameworks/Carbon.framework/Versions/A/Frameworks/HIToolbox.framework/Versions/A/HIToolbox
0x000000000000a000 	/System/Library/Frameworks/QuartzCore.framework/Versions/A/QuartzCore
0x000000000000a000 	/System/Library/Frameworks/Carbon.framework/Versions/A/Frameworks/SpeechRecognition.framework/Versions/A/SpeechRecognition
0x000000000000a000 	/usr/lib/libauto.dylib
0x000000000000a000 	/usr/lib/libicucore.A.dylib
0x000000000000a000 	/usr/lib/libxml2.2.dylib
0x000000000000a000 	/System/Library/PrivateFrameworks/CoreUI.framework/Versions/A/CoreUI
0x000000000000a000 	/System/Library/Frameworks/CoreAudio.framework/Versions/A/CoreAudio
0x000000000000a000 	/System/Library/Frameworks/DiskArbitration.framework/Versions/A/DiskArbitration
0x000000000000a000 	/usr/lib/liblangid.dylib
0x000000000000a000 	/System/Library/PrivateFrameworks/MultitouchSupport.framework/Versions/A/MultitouchSupport
0x000000000000a000 	/System/Library/Frameworks/IOKit.framework/Versions/A/IOKit
0x000000000000a000 	/usr/lib/libDiagnosticMessagesClient.dylib
0x000000000000a000 	/System/Library/Frameworks/CoreServices.framework/Versions/A/CoreServices
0x000000000000a000 	/System/Library/PrivateFrameworks/PerformanceAnalysis.framework/Versions/A/PerformanceAnalysis
0x000000000000a000 	/System/Library/PrivateFrameworks/GenerationalStorage.framework/Versions/A/GenerationalStorage
0x000000000000a000 	/System/Library/Frameworks/OpenGL.framework/Versions/A/OpenGL
0x000000000000a000 	/System/Library/PrivateFrameworks/Sharing.framework/Versions/A/Sharing
0x000000000000a000 	/System/Library/Frameworks/CoreGraphics.framework/Versions/A/CoreGraphics
0x000000000000a000 	/System/Library/Frameworks/CoreImage.framework/Versions/A/CoreImage
0x000000000000a000 	/System/Library/Frameworks/CoreText.framework/Versions/A/CoreText
0x000000000000a000 	/System/Library/Frameworks/ImageIO.framework/Versions/A/ImageIO
0x000000000000a000 	/System/Library/PrivateFrameworks/Backup.framework/Versions/A/Backup
0x000000000000a000 	/usr/lib/libextension.dylib
0x000000000000a000 	/usr/lib/libarchive.2.dylib
0x000000000000a000 	/System/Library/Frameworks/CFNetwork.framework/Versions/A/CFNetwork
0x000000000000a000 	/System/Library/Frameworks/SystemConfiguration.framework/Versions/A/SystemConfiguration
0x000000000000a000 	/usr/lib/libCRFSuite.dylib
0x000000000000a000 	/usr/lib/libc++.1.dylib
0x000000000000a000 	/usr/lib/libc++abi.dylib
0x000000000000a000 	/usr/lib/system/libcache.dylib
0x000000000000a000 	/usr/lib/system/libcommonCrypto.dylib
0x000000000000a000 	/usr/lib/system/libcompiler_rt.dylib
0x000000000000a000 	/usr/lib/system/libcopyfile.dylib
0x000000000000a000 	/usr/lib/system/libcorecrypto.dylib
0x000000000000a000 	/usr/lib/system/libdispatch.dylib
0x000000000000a000 	/usr/lib/system/libdyld.dylib
0x000000000000a000 	/usr/lib/system/libkeymgr.dylib
0x000000000000a000 	/usr/lib/system/liblaunch.dylib
0x000000000000a000 	/usr/lib/system/libmacho.dylib
0x000000000000a000 	/usr/lib/system/libquarantine.dylib
0x000000000000a000 	/usr/lib/system/libremovefile.dylib
0x000000000000a000 	/usr/lib/system/libsystem_asl.dylib
0x000000000000a000 	/usr/lib/system/libsystem_blocks.dylib
0x000000000000a000 	/usr/lib/system/libsystem_c.dylib
0x000000000000a000 	/usr/lib/system/libsystem_configuration.dylib
0x000000000000a000 	/usr/lib/system/libsystem_coreservices.dylib
0x000000000000a000 	/usr/lib/system/libsystem_coretls.dylib
0x000000000000a000 	/usr/lib/system/libsystem_dnssd.dylib
0x000000000000a000 	/usr/lib/system/libsystem_info.dylib
0x000000000000a000 	/usr/lib/system/libsystem_kernel.dylib
0x000000000000a000 	/usr/lib/system/libsystem_m.dylib
0x000000000000a000 	/usr/lib/system/libsystem_malloc.dylib
0x000000000000a000 	/usr/lib/system/libsystem_network.dylib
0x000000000000a000 	/usr/lib/system/libsystem_networkextension.dylib
0x000000000000a000 	/usr/lib/system/libsystem_notify.dylib
0x000000000000a000 	/usr/lib/system/libsystem_platform.dylib
0x000000000000a000 	/usr/lib/system/libsystem_pthread.dylib
0x000000000000a000 	/usr/lib/system/libsystem_sandbox.dylib
0x000000000000a000 	/usr/lib/system/libsystem_secinit.dylib
0x000000000000a000 	/usr/lib/system/libsystem_trace.dylib
0x000000000000a000 	/usr/lib/system/libunc.dylib
0x000000000000a000 	/usr/lib/system/libunwind.dylib
0x000000000000a000 	/usr/lib/system/libxpc.dylib
0x000000000000a000 	/usr/lib/libenergytrace.dylib
0x000000000000a000 	/usr/lib/libbsm.0.dylib
0x000000000000a000 	/usr/lib/system/libkxld.dylib
0x000000000000a000 	/usr/lib/libxar.1.dylib
0x000000000000a000 	/usr/lib/libsqlite3.dylib
0x000000000000a000 	/usr/lib/libpam.2.dylib
0x000000000000a000 	/usr/lib/libOpenScriptingUtil.dylib
0x000000000000a000 	/usr/lib/libbz2.1.0.dylib
0x000000000000a000 	/usr/lib/liblzma.5.dylib
0x000000000000a000 	/System/Library/Frameworks/CoreServices.framework/Versions/A/Frameworks/FSEvents.framework/Versions/A/FSEvents
0x000000000000a000 	/System/Library/Frameworks/CoreServices.framework/Versions/A/Frameworks/CarbonCore.framework/Versions/A/CarbonCore
0x000000000000a000 	/System/Library/Frameworks/CoreServices.framework/Versions/A/Frameworks/Metadata.framework/Versions/A/Metadata
0x000000000000a000 	/System/Library/Frameworks/CoreServices.framework/Versions/A/Frameworks/OSServices.framework/Versions/A/OSServices
0x000000000000a000 	/System/Library/Frameworks/CoreServices.framework/Versions/A/Frameworks/SearchKit.framework/Versions/A/SearchKit
0x000000000000a000 	/System/Library/Frameworks/CoreServices.framework/Versions/A/Frameworks/AE.framework/Versions/A/AE
0x000000000000a000 	/System/Library/Frameworks/CoreServices.framework/Versions/A/Frameworks/LaunchServices.framework/Versions/A/LaunchServices
0x000000000000a000 	/System/Library/Frameworks/CoreServices.framework/Versions/A/Frameworks/DictionaryServices.framework/Versions/A/DictionaryServices
0x000000000000a000 	/System/Library/Frameworks/CoreServices.framework/Versions/A/Frameworks/SharedFileList.framework/Versions/A/SharedFileList
0x000000000000a000 	/System/Library/Frameworks/NetFS.framework/Versions/A/NetFS
0x000000000000a000 	/System/Library/PrivateFrameworks/NetAuth.framework/Versions/A/NetAuth
0x000000000000a000 	/System/Library/PrivateFrameworks/login.framework/Versions/A/Frameworks/loginsupport.framework/Versions/A/loginsupport
0x000000000000a000 	/System/Library/PrivateFrameworks/TCC.framework/Versions/A/TCC
0x000000000000a000 	/usr/lib/libmecabra.dylib
0x000000000000a000 	/System/Library/Frameworks/ApplicationServices.framework/Versions/A/Frameworks/ATS.framework/Versions/A/ATS
0x000000000000a000 	/System/Library/Frameworks/ApplicationServices.framework/Versions/A/Frameworks/ColorSync.framework/Versions/A/ColorSync
0x000000000000a000 	/System/Library/Frameworks/ApplicationServices.framework/Versions/A/Frameworks/HIServices.framework/Versions/A/HIServices
0x000000000000a000 	/System/Library/Frameworks/ApplicationServices.framework/Versions/A/Frameworks/LangAnalysis.framework/Versions/A/LangAnalysis
0x000000000000a000 	/System/Library/Frameworks/ApplicationServices.framework/Versions/A/Frameworks/PrintCore.framework/Versions/A/PrintCore
0x000000000000a000 	/System/Library/Frameworks/ApplicationServices.framework/Versions/A/Frameworks/QD.framework/Versions/A/QD
0x000000000000a000 	/System/Library/Frameworks/ApplicationServices.framework/Versions/A/Frameworks/SpeechSynthesis.framework/Versions/A/SpeechSynthesis
0x000000000000a000 	/System/Library/Frameworks/Metal.framework/Versions/A/Metal
0x000000000000a000 	/System/Library/Frameworks/Accelerate.framework/Versions/A/Frameworks/vImage.framework/Versions/A/vImage
0x000000000000a000 	/System/Library/Frameworks/Accelerate.framework/Versions/A/Frameworks/vecLib.framework/Versions/A/vecLib
0x000000000000a000 	/System/Library/Frameworks/Accelerate.framework/Versions/A/Frameworks/vecLib.framework/Versions/A/libvDSP.dylib
0x000000000000a000 	/System/Library/Frameworks/Accelerate.framework/Versions/A/Frameworks/vecLib.framework/Versions/A/libvMisc.dylib
0x000000000000a000 	/System/Library/Frameworks/Accelerate.framework/Versions/A/Frameworks/vecLib.framework/Versions/A/libLAPACK.dylib
0x000000000000a000 	/System/Library/Frameworks/Accelerate.framework/Versions/A/Frameworks/vecLib.framework/Versions/A/libBLAS.dylib
0x000000000000a000 	/System/Library/Frameworks/Accelerate.framework/Versions/A/Frameworks/vecLib.framework/Versions/A/libLinearAlgebra.dylib
0x000000000000a000 	/System/Library/Frameworks/Accelerate.framework/Versions/A/Frameworks/vecLib.framework/Versions/A/libSparseBLAS.dylib
0x000000000000a000 	/System/Library/PrivateFrameworks/GPUCompiler.framework/libmetal_timestamp.dylib
0x000000000000a000 	/System/Library/Frameworks/OpenGL.framework/Versions/A/Libraries/libCoreFSCache.dylib
0x000000000000a000 	/System/Library/PrivateFrameworks/IOAccelerator.framework/Versions/A/IOAccelerator
0x000000000000a000 	/System/Library/Frameworks/ApplicationServices.framework/Versions/A/Frameworks/ATS.framework/Versions/A/Resources/libFontParser.dylib
0x000000000000a000 	/System/Library/Frameworks/ApplicationServices.framework/Versions/A/Frameworks/ATS.framework/Versions/A/Resources/libFontRegistry.dylib
0x000000000000a000 	/System/Library/PrivateFrameworks/AppleVPA.framework/Versions/A/AppleVPA
0x000000000000a000 	/System/Library/PrivateFrameworks/AppleJPEG.framework/Versions/A/AppleJPEG
0x000000000000a000 	/System/Library/Frameworks/ImageIO.framework/Versions/A/Resources/libJPEG.dylib
0x000000000000a000 	/System/Library/Frameworks/ImageIO.framework/Versions/A/Resources/libTIFF.dylib
0x000000000000a000 	/System/Library/Frameworks/ImageIO.framework/Versions/A/Resources/libPng.dylib
0x000000000000a000 	/System/Library/Frameworks/ImageIO.framework/Versions/A/Resources/libGIF.dylib
0x000000000000a000 	/System/Library/Frameworks/ImageIO.framework/Versions/A/Resources/libJP2.dylib
0x000000000000a000 	/System/Library/Frameworks/ImageIO.framework/Versions/A/Resources/libRadiance.dylib
0x000000000000a000 	/System/Library/Frameworks/CoreVideo.framework/Versions/A/CoreVideo
0x000000000000a000 	/System/Library/Frameworks/OpenGL.framework/Versions/A/Libraries/libGLU.dylib
0x000000000000a000 	/System/Library/Frameworks/OpenGL.framework/Versions/A/Libraries/libGFXShared.dylib
0x000000000000a000 	/System/Library/Frameworks/OpenGL.framework/Versions/A/Libraries/libGL.dylib
0x000000000000a000 	/System/Library/Frameworks/OpenGL.framework/Versions/A/Libraries/libGLImage.dylib
0x000000000000a000 	/System/Library/Frameworks/OpenGL.framework/Versions/A/Libraries/libCVMSPluginSupport.dylib
0x000000000000a000 	/System/Library/Frameworks/OpenGL.framework/Versions/A/Libraries/libCoreVMClient.dylib
0x000000000000a000 	/usr/lib/libcompression.dylib
0x000000000000a000 	/usr/lib/libcups.2.dylib
0x000000000000a000 	/System/Library/Frameworks/Kerberos.framework/Versions/A/Kerberos
0x000000000000a000 	/System/Library/Frameworks/GSS.framework/Versions/A/GSS
0x000000000000a000 	/usr/lib/libresolv.9.dylib
0x000000000000a000 	/usr/lib/libiconv.2.dylib
0x000000000000a000 	/System/Library/PrivateFrameworks/Heimdal.framework/Versions/A/Heimdal
0x000000000000a000 	/usr/lib/libheimdal-asn1.dylib
0x000000000000a000 	/System/Library/Frameworks/OpenDirectory.framework/Versions/A/OpenDirectory
0x000000000000a000 	/System/Library/PrivateFrameworks/CommonAuth.framework/Versions/A/CommonAuth
0x000000000000a000 	/System/Library/Frameworks/OpenDirectory.framework/Versions/A/Frameworks/CFOpenDirectory.framework/Versions/A/CFOpenDirectory
0x000000000000a000 	/System/Library/Frameworks/SecurityFoundation.framework/Versions/A/SecurityFoundation
0x000000000000a000 	/System/Library/PrivateFrameworks/LanguageModeling.framework/Versions/A/LanguageModeling
0x000000000000a000 	/usr/lib/libmarisa.dylib
0x000000000000a000 	/usr/lib/libChineseTokenizer.dylib
0x000000000000a000 	/usr/lib/libcmph.dylib
0x000000000000a000 	/System/Library/Frameworks/ServiceManagement.framework/Versions/A/ServiceManagement
0x000000000000a000 	/usr/lib/libxslt.1.dylib
0x000000000000a000 	/System/Library/Frameworks/Carbon.framework/Versions/A/Frameworks/Ink.framework/Versions/A/Ink
0x000000000000a000 	/usr/lib/libFosl_dynamic.dylib
0x000000000000a000 	/System/Library/PrivateFrameworks/FaceCore.framework/Versions/A/FaceCore
0x000000000000a000 	/System/Library/Frameworks/OpenCL.framework/Versions/A/OpenCL
0x000000000000a000 	/System/Library/PrivateFrameworks/CrashReporterSupport.framework/Versions/A/CrashReporterSupport
0x000000000000a000 	/System/Library/PrivateFrameworks/IconServices.framework/Versions/A/IconServices
0x000000000000a000 	/System/Library/PrivateFrameworks/Apple80211.framework/Versions/A/Apple80211
0x000000000000a000 	/System/Library/Frameworks/CoreWLAN.framework/Versions/A/CoreWLAN
0x000000000000a000 	/System/Library/Frameworks/IOBluetooth.framework/Versions/A/IOBluetooth
0x000000000000a000 	/System/Library/PrivateFrameworks/CoreWiFi.framework/Versions/A/CoreWiFi
0x000000000000a000 	/System/Library/Frameworks/CoreBluetooth.framework/Versions/A/CoreBluetooth
0x000000000000a000 	/System/Library/PrivateFrameworks/ChunkingLibrary.framework/Versions/A/ChunkingLibrary
0x000000000000a000 	/System/Library/PrivateFrameworks/DebugSymbols.framework/Versions/A/DebugSymbols
0x000000000000a000 	/System/Library/PrivateFrameworks/CoreSymbolication.framework/Versions/A/CoreSymbolication
0x000000000000a000 	/System/Library/PrivateFrameworks/Symbolication.framework/Versions/A/Symbolication
0x000000000000a000 	/System/Library/PrivateFrameworks/SpeechRecognitionCore.framework/Versions/A/SpeechRecognitionCore
0x000000010fc53000 	/Library/Java/JavaVirtualMachines/jdk1.8.0_91.jdk/Contents/Home/jre/lib/server/libjvm.dylib
0x000000000000a000 	/usr/lib/libstdc++.6.dylib
0x0000000110be7000 	/Library/Java/JavaVirtualMachines/jdk1.8.0_91.jdk/Contents/Home/jre/lib/libverify.dylib
0x0000000110bf5000 	/Library/Java/JavaVirtualMachines/jdk1.8.0_91.jdk/Contents/Home/jre/lib/libjava.dylib
0x0000000110c38000 	/Library/Java/JavaVirtualMachines/jdk1.8.0_91.jdk/Contents/Home/jre/lib/libzip.dylib
0x0000000126db0000 	/System/Library/Frameworks/JavaVM.framework/Frameworks/JavaRuntimeSupport.framework/JavaRuntimeSupport
0x0000000126dcb000 	/System/Library/Frameworks/JavaVM.framework/Versions/A/Frameworks/JavaNativeFoundation.framework/Versions/A/JavaNativeFoundation
0x0000000126de0000 	/System/Library/Frameworks/JavaVM.framework/Versions/A/JavaVM
0x000000000000a000 	/System/Library/Frameworks/Carbon.framework/Versions/A/Carbon
0x0000000110df4000 	/System/Library/PrivateFrameworks/JavaLaunching.framework/Versions/A/JavaLaunching
0x000000000000a000 	/System/Library/Frameworks/Carbon.framework/Versions/A/Frameworks/CommonPanels.framework/Versions/A/CommonPanels
0x000000000000a000 	/System/Library/Frameworks/Carbon.framework/Versions/A/Frameworks/Help.framework/Versions/A/Help
0x000000000000a000 	/System/Library/Frameworks/Carbon.framework/Versions/A/Frameworks/ImageCapture.framework/Versions/A/ImageCapture
0x000000000000a000 	/System/Library/Frameworks/Carbon.framework/Versions/A/Frameworks/OpenScripting.framework/Versions/A/OpenScripting
0x000000000000a000 	/System/Library/Frameworks/Carbon.framework/Versions/A/Frameworks/Print.framework/Versions/A/Print
0x000000000000a000 	/System/Library/Frameworks/Carbon.framework/Versions/A/Frameworks/SecurityHI.framework/Versions/A/SecurityHI
0x0000000128740000 	/Library/Java/JavaVirtualMachines/jdk1.8.0_91.jdk/Contents/Home/jre/lib/libawt.dylib
0x00000001287e8000 	/Library/Java/JavaVirtualMachines/jdk1.8.0_91.jdk/Contents/Home/jre/lib/./libmlib_image.dylib
0x00000001288b4000 	/Library/Java/JavaVirtualMachines/jdk1.8.0_91.jdk/Contents/Home/jre/lib/libawt_lwawt.dylib
0x0000000128969000 	/Library/Java/JavaVirtualMachines/jdk1.8.0_91.jdk/Contents/Home/jre/lib/./libosxapp.dylib
0x000000000000a000 	/System/Library/Frameworks/ExceptionHandling.framework/Versions/A/ExceptionHandling
0x000000000000a000 	/System/Library/PrivateFrameworks/CoreServicesInternal.framework/Versions/A/CoreServicesInternal
0x000000000000a000 	/System/Library/Frameworks/CoreGraphics.framework/Versions/A/Resources/libRIP.A.dylib
0x000000000000a000 	/System/Library/Frameworks/Accelerate.framework/Versions/A/Frameworks/vImage.framework/Versions/A/Libraries/libCGInterfaces.dylib
0x000000000000a000 	/System/Library/Frameworks/CoreGraphics.framework/Versions/A/Resources/libCGXType.A.dylib
0x000000000000a000 	/System/Library/Frameworks/OpenCL.framework/Versions/A/Libraries/libcldcpuengine.dylib
0x000000000000a000 	/System/Library/PrivateFrameworks/DiskImages.framework/Versions/A/DiskImages
0x000000000000a000 	/System/Library/Frameworks/DiscRecording.framework/Versions/A/DiscRecording
0x000000000000a000 	/usr/lib/libcsfde.dylib
0x000000000000a000 	/usr/lib/libcurl.4.dylib
0x000000000000a000 	/System/Library/PrivateFrameworks/MediaKit.framework/Versions/A/MediaKit
0x000000000000a000 	/System/Library/PrivateFrameworks/ProtectedCloudStorage.framework/Versions/A/ProtectedCloudStorage
0x000000000000a000 	/usr/lib/libCoreStorage.dylib
0x000000000000a000 	/System/Library/PrivateFrameworks/EFILogin.framework/Versions/A/EFILogin
0x000000000000a000 	/usr/lib/libutil.dylib
0x000000000000a000 	/System/Library/PrivateFrameworks/FindMyDevice.framework/Versions/A/FindMyDevice
0x000000000000a000 	/System/Library/Frameworks/LDAP.framework/Versions/A/LDAP
0x000000000000a000 	/usr/lib/libsasl2.2.dylib
0x000000000000a000 	/System/Library/PrivateFrameworks/CoreDaemon.framework/Versions/B/CoreDaemon
0x000000000000a000 	/usr/lib/libcrypto.0.9.8.dylib
0x000000000000a000 	/System/Library/PrivateFrameworks/AppleSRP.framework/Versions/A/AppleSRP
0x000000000000a000 	/System/Library/PrivateFrameworks/TrustEvaluationAgent.framework/Versions/A/TrustEvaluationAgent
0x000000012a9a2000 	cl_kernels
0x000000000000a000 	/System/Library/Frameworks/OpenCL.framework/Versions/A/Libraries/ImageFormats/unorm8_bgra.dylib
0x000000000000a000 	/System/Library/Frameworks/OpenCL.framework/Versions/A/Libraries/ImageFormats/unorm8_rgba.dylib
0x000000000000a000 	/System/Library/PrivateFrameworks/FamilyControls.framework/Versions/A/FamilyControls
0x000000000000a000 	/System/Library/PrivateFrameworks/CommerceKit.framework/Versions/A/Frameworks/CommerceCore.framework/Versions/A/CommerceCore
0x000000000000a000 	/System/Library/PrivateFrameworks/SystemAdministration.framework/Versions/A/SystemAdministration
0x000000000000a000 	/System/Library/PrivateFrameworks/AppContainer.framework/Versions/A/AppContainer
0x000000000000a000 	/System/Library/PrivateFrameworks/SecCodeWrapper.framework/Versions/A/SecCodeWrapper
0x000000000000a000 	/System/Library/Frameworks/DirectoryService.framework/Versions/A/DirectoryService
0x000000000000a000 	/System/Library/PrivateFrameworks/LoginUIKit.framework/Versions/A/Frameworks/LoginUICore.framework/Versions/A/LoginUICore
0x000000000000a000 	/usr/lib/libodfde.dylib
0x000000000000a000 	/System/Library/Frameworks/OpenGL.framework/Versions/A/Resources/GLEngine.bundle/GLEngine
0x000000000000a000 	/System/Library/Frameworks/OpenGL.framework/Versions/A/Libraries/libGLProgrammability.dylib
0x000000012bafe000 	/System/Library/Extensions/AppleIntelBDWGraphicsGLDriver.bundle/Contents/MacOS/AppleIntelBDWGraphicsGLDriver
0x000000000000a000 	/System/Library/PrivateFrameworks/GPUSupport.framework/Versions/A/Libraries/libGPUSupportMercury.dylib
0x000000000000a000 	/System/Library/Frameworks/OpenGL.framework/Versions/A/Resources/GLRendererFloat.bundle/GLRendererFloat
0x000000012ca83000 	/Library/Java/JavaVirtualMachines/jdk1.8.0_91.jdk/Contents/Home/jre/lib/libfontmanager.dylib
0x000000012df4b000 	/Library/Java/JavaVirtualMachines/jdk1.8.0_91.jdk/Contents/Home/jre/lib/libosxui.dylib
0x000000012ea28000 	/Library/Java/JavaVirtualMachines/jdk1.8.0_91.jdk/Contents/Home/jre/lib/libnet.dylib
0x000000012e9bc000 	/Library/Java/JavaVirtualMachines/jdk1.8.0_91.jdk/Contents/Home/jre/lib/libnio.dylib
0x000000000000a000 	/System/Library/Frameworks/ApplicationServices.framework/Versions/A/Frameworks/ATS.framework/Versions/A/Resources/libTrueTypeScaler.dylib
0x00000001b4fc3000 	/System/Library/Extensions/AppleIntelBDWGraphicsMTLDriver.bundle/Contents/MacOS/AppleIntelBDWGraphicsMTLDriver
0x00000001b4eda000 	/private/var/folders/2h/vqwmpqwj6bd01xqwnbwl3bl40000gn/T/jogamp_0000/file_cache/jln8939009753870629139/jln7406943103288838641/libgluegen-rt.jnilib
0x000000012dcc6000 	/private/var/folders/2h/vqwmpqwj6bd01xqwnbwl3bl40000gn/T/jogamp_0000/file_cache/jln8939009753870629139/jln7406943103288838641/libnativewindow_awt.jnilib
0x00000001b4ede000 	/Library/Java/JavaVirtualMachines/jdk1.8.0_91.jdk/Contents/Home/jre/lib/libjawt.dylib
0x00000001b4ee1000 	/private/var/folders/2h/vqwmpqwj6bd01xqwnbwl3bl40000gn/T/jogamp_0000/file_cache/jln8939009753870629139/jln7406943103288838641/libnativewindow_macosx.jnilib
0x00000001b9d94000 	/private/var/folders/2h/vqwmpqwj6bd01xqwnbwl3bl40000gn/T/jogamp_0000/file_cache/jln8939009753870629139/jln7406943103288838641/libjogl_desktop.jnilib
0x00000001bd204000 	/Library/Java/JavaVirtualMachines/jdk1.8.0_91.jdk/Contents/Home/jre/lib/libt2k.dylib

VM Arguments:
jvm_args: -Djava.security.policy=java.policy.applet -Dfile.encoding=UTF-8 
java_command: sun.applet.AppletViewer module3.EarthquakeCityMap1469730558853.html
java_class_path (initial): /Users/Jimmy/Documents/Java/UCSDUnfoldingMaps/build:/Users/Jimmy/Documents/Java/UCSDUnfoldingMaps/lib/core.jar:/Users/Jimmy/Documents/Java/UCSDUnfoldingMaps/lib/gluegen-rt.jar:/Users/Jimmy/Documents/Java/UCSDUnfoldingMaps/lib/jogl-all.jar:/Users/Jimmy/Documents/Java/UCSDUnfoldingMaps/lib/log4j-1.2.15.jar:/Users/Jimmy/Documents/Java/UCSDUnfoldingMaps/lib/sqlite-jdbc-3.7.2.jar:/Users/Jimmy/Documents/Java/UCSDUnfoldingMaps/lib/json4processing.jar:/Users/Jimmy/Documents/Java/UCSDUnfoldingMaps/lib/libTUIO.jar:/Users/Jimmy/Documents/Java/UCSDUnfoldingMaps/lib/unfolding.0.9.7-uscd.jar
Launcher Type: SUN_STANDARD

Environment Variables:
PATH=/usr/bin:/bin:/usr/sbin:/sbin
SHELL=/bin/bash

Signal Handlers:
SIGSEGV: [libjvm.dylib+0x5a97a1], sa_mask[0]=11111111011111110111111111111111, sa_flags=SA_ONSTACK|SA_RESTART|SA_SIGINFO
SIGBUS: [libjvm.dylib+0x5a97a1], sa_mask[0]=11111111011111110111111111111111, sa_flags=SA_RESTART|SA_SIGINFO
SIGFPE: [libjvm.dylib+0x482594], sa_mask[0]=11111111011111110111111111111111, sa_flags=SA_RESTART|SA_SIGINFO
SIGPIPE: [libjvm.dylib+0x482594], sa_mask[0]=11111111011111110111111111111111, sa_flags=SA_RESTART|SA_SIGINFO
SIGXFSZ: [libjvm.dylib+0x482594], sa_mask[0]=11111111011111110111111111111111, sa_flags=SA_RESTART|SA_SIGINFO
SIGILL: [libjvm.dylib+0x482594], sa_mask[0]=11111111011111110111111111111111, sa_flags=SA_RESTART|SA_SIGINFO
SIGUSR1: SIG_DFL, sa_mask[0]=00000000000000000000000000000000, sa_flags=none
SIGUSR2: [libjvm.dylib+0x4820b2], sa_mask[0]=00100000000000000000000000000000, sa_flags=SA_RESTART|SA_SIGINFO
SIGHUP: [libjvm.dylib+0x480689], sa_mask[0]=11111111011111110111111111111111, sa_flags=SA_RESTART|SA_SIGINFO
SIGINT: [libjvm.dylib+0x480689], sa_mask[0]=11111111011111110111111111111111, sa_flags=SA_RESTART|SA_SIGINFO
SIGTERM: [libjvm.dylib+0x480689], sa_mask[0]=11111111011111110111111111111111, sa_flags=SA_RESTART|SA_SIGINFO
SIGQUIT: [libjvm.dylib+0x480689], sa_mask[0]=11111111011111110111111111111111, sa_flags=SA_RESTART|SA_SIGINFO


---------------  S Y S T E M  ---------------

OS:Bsduname:Darwin 15.6.0 Darwin Kernel Version 15.6.0: Thu Jun 23 18:25:34 PDT 2016; root:xnu-3248.60.10~1/RELEASE_X86_64 x86_64
rlimit: STACK 8192k, CORE 0k, NPROC 709, NOFILE 10240, AS infinity
load average:1.45 1.50 1.64

CPU:total 4 (2 cores per cpu, 2 threads per core) family 6 model 61 stepping 4, cmov, cx8, fxsr, mmx, sse, sse2, sse3, ssse3, sse4.1, sse4.2, popcnt, avx, avx2, aes, clmul, erms, 3dnowpref, lzcnt, ht, tsc, tscinvbit, bmi1, bmi2, adx

Memory: 4k page, physical 8388608k(66348k free)

/proc/meminfo:


vm_info: Java HotSpot(TM) 64-Bit Server VM (25.91-b14) for bsd-amd64 JRE (1.8.0_91-b14), built on Apr  1 2016 01:03:00 by "java_re" with gcc 4.2.1 (Based on Apple Inc. build 5658) (LLVM build 2336.11.00)

time: Thu Jul 28 14:29:33 2016
elapsed time: 14 seconds (0d 0h 0m 14s)

