#
# A fatal error has been detected by the Java Runtime Environment:
#
#  SIGSEGV (0xb) at pc=0x00007fff891914dd, pid=1110, tid=2571
#
# JRE version: Java(TM) SE Runtime Environment (8.0_91-b14) (build 1.8.0_91-b14)
# Java VM: Java HotSpot(TM) 64-Bit Server VM (25.91-b14 mixed mode bsd-amd64 compressed oops)
# Problematic frame:
# C  [libobjc.A.dylib+0x14dd]  objc_msgSend+0x1d
#
# Failed to write core dump. Core dumps have been disabled. To enable core dumping, try "ulimit -c unlimited" before starting Java again
#
# If you would like to submit a bug report, please visit:
#   http://bugreport.java.com/bugreport/crash.jsp
# The crash happened outside the Java Virtual Machine in native code.
# See problematic frame for where to report the bug.
#

---------------  T H R E A D  ---------------

Current thread (0x00007fae4b8b5000):  JavaThread "AWT-AppKit" daemon [_thread_in_native, id=2571, stack(0x00007fff59ab0000,0x00007fff5a2b0000)]

siginfo: si_signo: 11 (SIGSEGV), si_code: 1 (SEGV_MAPERR), si_addr: 0x0000000000000018

Registers:
RAX=0x00007fae4ea1dda0, RBX=0x00000001aae4d450, RCX=0x000000011fa4b200, RDX=0x000000011fbfedc0
RSP=0x00007fff5a2ab3c8, RBP=0x00007fff5a2ab480, RSI=0x00007fff8add6cbe, RDI=0x00007fae4e4d7a40
R8 =0x0000000000000000, R9 =0x00000000000008b0, R10=0x00007fff8add6cbe, R11=0x0000000000000000
R12=0x0000000000000000, R13=0x00000001b0dcebd0, R14=0x00000001aae4d440, R15=0x00007fae4b8b5000
RIP=0x00007fff891914dd, EFLAGS=0x0000000000010246, ERR=0x0000000000000004
  TRAPNO=0x000000000000000e

Top of Stack: (sp=0x00007fff5a2ab3c8)
0x00007fff5a2ab3c8:   00000001aae4b157 00007fff5a2ab420
0x00007fff5a2ab3d8:   0000000000000003 00007fff5a2ab400
0x00007fff5a2ab3e8:   0000000105dbe4ea 00000001b0dcebd0
0x00007fff5a2ab3f8:   00000001b0dcebd0 00007fae4ea1dda0
0x00007fff5a2ab408:   00000001aae4d6a0 00000001aae4d710
0x00007fff5a2ab418:   00007fff70918770 00007fff741cb500
0x00007fff5a2ab428:   00000001aae4d450 00000001aae4d690
0x00007fff5a2ab438:   00007fae4ea1dda0 00007fae4e4d7a40
0x00007fff5a2ab448:   00007fae49e50b20 00007fae4ea1dda0
0x00007fff5a2ab458:   00007fae4e4d7a40 00007fff5a2ab508
0x00007fff5a2ab468:   00007fae4b8b51f8 00000001b0dcebd0
0x00007fff5a2ab478:   00007fff5a2ab530 00007fff5a2ab4f8
0x00007fff5a2ab488:   00000001074179d4 00000001b0dcebd0
0x00007fff5a2ab498:   00007fff5a2ab530 00007fff5a2ab4f8
0x00007fff5a2ab4a8:   0000000107417767 0000000107417722
0x00007fff5a2ab4b8:   00007fff5a2ab4b8 00000001b0dcebd0
0x00007fff5a2ab4c8:   00007fff5a2ab530 00000001b0dd1808
0x00007fff5a2ab4d8:   0000000000000000 00000001b0dcebd0
0x00007fff5a2ab4e8:   0000000000000000 00007fff5a2ab518
0x00007fff5a2ab4f8:   00007fff5a2ab578 00000001074082bd
0x00007fff5a2ab508:   0000000797966088 0000000107411538
0x00007fff5a2ab518:   00007fae4ea1dda0 00007fff5a2ab578
0x00007fff5a2ab528:   00007fae4e4d7a40 0000000107412e02
0x00007fff5a2ab538:   00007fff5a2ab538 00000001b0dced9a
0x00007fff5a2ab548:   00007fff5a2ab5a0 00000001b0dd1808
0x00007fff5a2ab558:   0000000000000000 00000001b0dceda8
0x00007fff5a2ab568:   00007fff5a2ab518 00007fff5a2ab588
0x00007fff5a2ab578:   00007fff5a2ab5e8 00000001074082bd
0x00007fff5a2ab588:   00007fae4ea1dda0 00000007978c88b0
0x00007fff5a2ab598:   00007fae4e4d7a40 00000007978c88b0
0x00007fff5a2ab5a8:   00007fff5a2ab5a8 00000001b5c0a846
0x00007fff5a2ab5b8:   00007fff5a2ab5f8 00000001b5c0a900 

Instructions: (pc=0x00007fff891914dd)
0x00007fff891914bd:   44 00 00 48 85 ff 2e 74 62 40 f6 c7 01 2e 75 66
0x00007fff891914cd:   49 bb f8 ff ff ff ff 7f 00 00 4c 23 1f 49 89 f2
0x00007fff891914dd:   45 23 53 18 49 c1 e2 04 4d 03 53 10 49 3b 32 75
0x00007fff891914ed:   04 41 ff 62 08 49 83 3a 01 76 0d 49 83 c2 10 49 

Register to memory mapping:

RAX=0x00007fae4ea1dda0 is an unknown value
RBX=0x00000001aae4d450: Java_jogamp_nativewindow_macosx_OSXUtil_GetScreenRefreshRate0+0x1cf0 in /private/var/folders/2h/vqwmpqwj6bd01xqwnbwl3bl40000gn/T/jogamp_0000/file_cache/jln6288905942647658373/jln5920802755968268171/libnativewindow_macosx.jnilib at 0x00000001aae46000
RCX=0x000000011fa4b200 is an unknown value
RDX=0x000000011fbfedc0 is an unknown value
RSP=0x00007fff5a2ab3c8 is pointing into the stack for thread: 0x00007fae4b8b5000
RBP=0x00007fff5a2ab480 is pointing into the stack for thread: 0x00007fae4b8b5000
RSI=0x00007fff8add6cbe is an unknown value
RDI=0x00007fae4e4d7a40 is an unknown value
R8 =0x0000000000000000 is an unknown value
R9 =0x00000000000008b0 is an unknown value
R10=0x00007fff8add6cbe is an unknown value
R11=0x0000000000000000 is an unknown value
R12=0x0000000000000000 is an unknown value
R13={method} {0x00000001b0dcebd0} 'UnsetJAWTRootSurfaceLayer0' '(JJ)V' in 'jogamp/nativewindow/jawt/macosx/MacOSXJAWTWindow'
R14=0x00000001aae4d440: Java_jogamp_nativewindow_macosx_OSXUtil_GetScreenRefreshRate0+0x1ce0 in /private/var/folders/2h/vqwmpqwj6bd01xqwnbwl3bl40000gn/T/jogamp_0000/file_cache/jln6288905942647658373/jln5920802755968268171/libnativewindow_macosx.jnilib at 0x00000001aae46000
R15=0x00007fae4b8b5000 is a thread


Stack: [0x00007fff59ab0000,0x00007fff5a2b0000],  sp=0x00007fff5a2ab3c8,  free space=8172k
Native frames: (J=compiled Java code, j=interpreted, Vv=VM code, C=native code)
C  [libobjc.A.dylib+0x14dd]  objc_msgSend+0x1d
j  jogamp.nativewindow.jawt.macosx.MacOSXJAWTWindow.UnsetJAWTRootSurfaceLayer0(JJ)V+0
j  jogamp.nativewindow.jawt.macosx.MacOSXJAWTWindow.access$200(JJ)V+2
j  jogamp.nativewindow.jawt.macosx.MacOSXJAWTWindow$1.run()V+38
J 2306 C1 com.jogamp.common.util.RunnableTask.run()V (345 bytes) @ 0x0000000107c1fa54 [0x0000000107c1f8c0+0x194]
v  ~StubRoutines::call_stub
V  [libjvm.dylib+0x2ec1e6]  JavaCalls::call_helper(JavaValue*, methodHandle*, JavaCallArguments*, Thread*)+0x6ae
V  [libjvm.dylib+0x323355]  jni_invoke_nonstatic(JNIEnv_*, JavaValue*, _jobject*, JNICallType, _jmethodID*, JNI_ArgumentPusher*, Thread*)+0x2ec
V  [libjvm.dylib+0x315b23]  jni_CallVoidMethod+0x16b
C  [libnativewindow_macosx.jnilib+0x5326]  Java_jogamp_nativewindow_jawt_macosx_MacOSXJAWTWindow_UnsetJAWTRootSurfaceLayer0+0x2b6
C  [Foundation+0x76fde]  __NSThreadPerformPerform+0x117
C  [CoreFoundation+0xaa881]  __CFRUNLOOP_IS_CALLING_OUT_TO_A_SOURCE0_PERFORM_FUNCTION__+0x11
C  [CoreFoundation+0x89fbc]  __CFRunLoopDoSources0+0x22c
C  [CoreFoundation+0x894df]  __CFRunLoopRun+0x39f
C  [CoreFoundation+0x88ed8]  CFRunLoopRunSpecific+0x128
C  [HIToolbox+0x30935]  RunCurrentEventLoopInMode+0xeb
C  [HIToolbox+0x30677]  ReceiveNextEventCommon+0xb8
C  [HIToolbox+0x305af]  _BlockUntilNextEventMatchingListInModeWithFilter+0x47
C  [AppKit+0x48df6]  _DPSNextEvent+0x42b
C  [AppKit+0x48226]  -[NSApplication _nextEventMatchingEventMask:untilDate:inMode:dequeue:]+0x1c6
C  [libosxapp.dylib+0x23aa]  -[NSApplicationAWT nextEventMatchingMask:untilDate:inMode:dequeue:]+0x7c
C  [AppKit+0x3cd80]  -[NSApplication run]+0x2aa
C  [libosxapp.dylib+0x214d]  +[NSApplicationAWT runAWTLoopWithApp:]+0x9c
C  [libawt_lwawt.dylib+0x4455b]  -[AWTStarter starter:]+0x389
C  [Foundation+0x76fde]  __NSThreadPerformPerform+0x117
C  [CoreFoundation+0xaa881]  __CFRUNLOOP_IS_CALLING_OUT_TO_A_SOURCE0_PERFORM_FUNCTION__+0x11
C  [CoreFoundation+0x89fbc]  __CFRunLoopDoSources0+0x22c
C  [CoreFoundation+0x894df]  __CFRunLoopRun+0x39f
C  [CoreFoundation+0x88ed8]  CFRunLoopRunSpecific+0x128
C  [java+0x6463]  CreateExecutionEnvironment+0x367
C  [java+0x21ac]  JLI_Launch+0x7a0
C  [java+0x84c0]  main+0x65
C  [java+0x1a04]  start+0x34
C  0x0000000000000007

Java frames: (J=compiled Java code, j=interpreted, Vv=VM code)
j  jogamp.nativewindow.jawt.macosx.MacOSXJAWTWindow.UnsetJAWTRootSurfaceLayer0(JJ)V+0
j  jogamp.nativewindow.jawt.macosx.MacOSXJAWTWindow.access$200(JJ)V+2
j  jogamp.nativewindow.jawt.macosx.MacOSXJAWTWindow$1.run()V+38
J 2306 C1 com.jogamp.common.util.RunnableTask.run()V (345 bytes) @ 0x0000000107c1fa54 [0x0000000107c1f8c0+0x194]
v  ~StubRoutines::call_stub

---------------  P R O C E S S  ---------------

Java Threads: ( => current thread )
  0x00007fae4f353800 JavaThread "Thread-19" [_thread_blocked, id=69391, stack(0x0000700001a71000,0x0000700001b71000)]
  0x00007fae4fd42800 JavaThread "Keep-Alive-Timer" daemon [_thread_blocked, id=70231, stack(0x0000700001e7d000,0x0000700001f7d000)]
  0x00007fae4aa0e800 JavaThread "AWT-EventQueue-1" [_thread_in_native, id=64055, stack(0x00007000018eb000,0x00007000019eb000)]
  0x00007fae4a802000 JavaThread "DestroyJavaVM" [_thread_blocked, id=5891, stack(0x000070000011a000,0x000070000021a000)]
  0x00007fae4ba00000 JavaThread "AWT-EventQueue-0" [_thread_blocked, id=56323, stack(0x00007000016e5000,0x00007000017e5000)]
  0x00007fae4b1ab000 JavaThread "Java2D Disposer" daemon [_thread_blocked, id=52995, stack(0x000070000145c000,0x000070000155c000)]
  0x00007fae4b18f000 JavaThread "Java2D Queue Flusher" daemon [_thread_blocked, id=49927, stack(0x0000700001359000,0x0000700001459000)]
  0x00007fae4b8c7800 JavaThread "AWT-Shutdown" [_thread_blocked, id=29715, stack(0x00007000011d3000,0x00007000012d3000)]
=>0x00007fae4b8b5000 JavaThread "AWT-AppKit" daemon [_thread_in_native, id=2571, stack(0x00007fff59ab0000,0x00007fff5a2b0000)]
  0x00007fae4a02f000 JavaThread "Service Thread" daemon [_thread_blocked, id=18691, stack(0x0000700000e44000,0x0000700000f44000)]
  0x00007fae4b811800 JavaThread "C1 CompilerThread2" daemon [_thread_blocked, id=18179, stack(0x0000700000d41000,0x0000700000e41000)]
  0x00007fae4b811000 JavaThread "C2 CompilerThread1" daemon [_thread_blocked, id=17667, stack(0x0000700000c3e000,0x0000700000d3e000)]
  0x00007fae4b80c000 JavaThread "C2 CompilerThread0" daemon [_thread_blocked, id=17155, stack(0x0000700000b3b000,0x0000700000c3b000)]
  0x00007fae4a00c000 JavaThread "Signal Dispatcher" daemon [_thread_blocked, id=13839, stack(0x0000700000a38000,0x0000700000b38000)]
  0x00007fae4b004800 JavaThread "Finalizer" daemon [_thread_blocked, id=12291, stack(0x000070000082f000,0x000070000092f000)]
  0x00007fae4b001800 JavaThread "Reference Handler" daemon [_thread_blocked, id=11779, stack(0x000070000072c000,0x000070000082c000)]

Other Threads:
  0x00007fae4a004000 VMThread [stack: 0x0000700000629000,0x0000700000729000] [id=11267]
  0x00007fae4a82a800 WatcherThread [stack: 0x0000700000f47000,0x0000700001047000] [id=19203]

VM state:not at safepoint (normal execution)

VM Mutex/Monitor currently owned by a thread: None

Heap:
 PSYoungGen      total 38400K, used 21462K [0x0000000795580000, 0x0000000798000000, 0x00000007c0000000)
  eden space 33280K, 49% used [0x0000000795580000,0x0000000796576698,0x0000000797600000)
  from space 5120K, 99% used [0x0000000797600000,0x0000000797aff450,0x0000000797b00000)
  to   space 5120K, 0% used [0x0000000797b00000,0x0000000797b00000,0x0000000798000000)
 ParOldGen       total 87552K, used 12377K [0x0000000740000000, 0x0000000745580000, 0x0000000795580000)
  object space 87552K, 14% used [0x0000000740000000,0x0000000740c16728,0x0000000745580000)
 Metaspace       used 20878K, capacity 21083K, committed 21296K, reserved 1069056K
  class space    used 2049K, capacity 2112K, committed 2176K, reserved 1048576K

Card table byte_map: [0x00000001167c0000,0x0000000116bc1000] byte_map_base: 0x0000000112dc0000

Marking Bits: (ParMarkBitMap*) 0x00000001064b2eb0
 Begin Bits: [0x0000000116e6c000, 0x0000000118e6c000)
 End Bits:   [0x0000000118e6c000, 0x000000011ae6c000)

Polling page: 0x0000000106ba7000

CodeCache: size=245760Kb used=8867Kb max_used=8880Kb free=236892Kb
 bounds [0x0000000107400000, 0x0000000107cc0000, 0x0000000116400000]
 total_blobs=3387 nmethods=2498 adapters=802
 compilation: enabled

Compilation events (10 events):
Event: 8.649 Thread 0x00007fae4b80c000 nmethod 2490 0x0000000107c9c510 code [0x0000000107c9c660, 0x0000000107c9c738]
Event: 8.713 Thread 0x00007fae4b811800 2491       1       jogamp.common.util.locks.RecursiveLockImpl01Unfairish$SingleThreadSync::incrHoldCount (11 bytes)
Event: 8.713 Thread 0x00007fae4b811800 nmethod 2491 0x0000000107ca5a90 code [0x0000000107ca5be0, 0x0000000107ca5cf0]
Event: 8.748 Thread 0x00007fae4b811800 2492   !   3       sun.lwawt.LWComponentPeer::isShowing (49 bytes)
Event: 8.750 Thread 0x00007fae4b811800 nmethod 2492 0x0000000107cac2d0 code [0x0000000107cac480, 0x0000000107cacd88]
Event: 8.779 Thread 0x00007fae4b811800 2493       3       java.util.HashMap::put (13 bytes)
Event: 8.779 Thread 0x00007fae4b811000 2494       4       processing.opengl.PGL::threadIsCurrent (14 bytes)
Event: 8.779 Thread 0x00007fae4b811800 nmethod 2493 0x0000000107cabc50 code [0x0000000107cabde0, 0x0000000107cac198]
Event: 8.780 Thread 0x00007fae4b811000 nmethod 2494 0x0000000107ca5850 code [0x0000000107ca59a0, 0x0000000107ca5a18]
Event: 8.789 Thread 0x00007fae4b80c000 2495  s    4       sun.misc.URLClassPath::getNextLoader (88 bytes)

GC Heap History (6 events):
Event: 2.187 GC heap before
{Heap before GC invocations=1 (full 0):
 PSYoungGen      total 38400K, used 33280K [0x0000000795580000, 0x0000000798000000, 0x00000007c0000000)
  eden space 33280K, 100% used [0x0000000795580000,0x0000000797600000,0x0000000797600000)
  from space 5120K, 0% used [0x0000000797b00000,0x0000000797b00000,0x0000000798000000)
  to   space 5120K, 0% used [0x0000000797600000,0x0000000797600000,0x0000000797b00000)
 ParOldGen       total 87552K, used 0K [0x0000000740000000, 0x0000000745580000, 0x0000000795580000)
  object space 87552K, 0% used [0x0000000740000000,0x0000000740000000,0x0000000745580000)
 Metaspace       used 15641K, capacity 15865K, committed 16000K, reserved 1062912K
  class space    used 1585K, capacity 1659K, committed 1664K, reserved 1048576K
Event: 2.194 GC heap after
Heap after GC invocations=1 (full 0):
 PSYoungGen      total 38400K, used 5097K [0x0000000795580000, 0x0000000798000000, 0x00000007c0000000)
  eden space 33280K, 0% used [0x0000000795580000,0x0000000795580000,0x0000000797600000)
  from space 5120K, 99% used [0x0000000797600000,0x0000000797afa7c0,0x0000000797b00000)
  to   space 5120K, 0% used [0x0000000797b00000,0x0000000797b00000,0x0000000798000000)
 ParOldGen       total 87552K, used 248K [0x0000000740000000, 0x0000000745580000, 0x0000000795580000)
  object space 87552K, 0% used [0x0000000740000000,0x000000074003e240,0x0000000745580000)
 Metaspace       used 15641K, capacity 15865K, committed 16000K, reserved 1062912K
  class space    used 1585K, capacity 1659K, committed 1664K, reserved 1048576K
}
Event: 3.274 GC heap before
{Heap before GC invocations=2 (full 0):
 PSYoungGen      total 38400K, used 38377K [0x0000000795580000, 0x0000000798000000, 0x00000007c0000000)
  eden space 33280K, 100% used [0x0000000795580000,0x0000000797600000,0x0000000797600000)
  from space 5120K, 99% used [0x0000000797600000,0x0000000797afa7c0,0x0000000797b00000)
  to   space 5120K, 0% used [0x0000000797b00000,0x0000000797b00000,0x0000000798000000)
 ParOldGen       total 87552K, used 248K [0x0000000740000000, 0x0000000745580000, 0x0000000795580000)
  object space 87552K, 0% used [0x0000000740000000,0x000000074003e240,0x0000000745580000)
 Metaspace       used 19674K, capacity 19883K, committed 20096K, reserved 1067008K
  class space    used 2003K, capacity 2078K, committed 2176K, reserved 1048576K
Event: 3.291 GC heap after
Heap after GC invocations=2 (full 0):
 PSYoungGen      total 38400K, used 5101K [0x0000000795580000, 0x0000000798000000, 0x00000007c0000000)
  eden space 33280K, 0% used [0x0000000795580000,0x0000000795580000,0x0000000797600000)
  from space 5120K, 99% used [0x0000000797b00000,0x0000000797ffb420,0x0000000798000000)
  to   space 5120K, 0% used [0x0000000797600000,0x0000000797600000,0x0000000797b00000)
 ParOldGen       total 87552K, used 7735K [0x0000000740000000, 0x0000000745580000, 0x0000000795580000)
  object space 87552K, 8% used [0x0000000740000000,0x000000074078df58,0x0000000745580000)
 Metaspace       used 19674K, capacity 19883K, committed 20096K, reserved 1067008K
  class space    used 2003K, capacity 2078K, committed 2176K, reserved 1048576K
}
Event: 5.491 GC heap before
{Heap before GC invocations=3 (full 0):
 PSYoungGen      total 38400K, used 38381K [0x0000000795580000, 0x0000000798000000, 0x00000007c0000000)
  eden space 33280K, 100% used [0x0000000795580000,0x0000000797600000,0x0000000797600000)
  from space 5120K, 99% used [0x0000000797b00000,0x0000000797ffb420,0x0000000798000000)
  to   space 5120K, 0% used [0x0000000797600000,0x0000000797600000,0x0000000797b00000)
 ParOldGen       total 87552K, used 7735K [0x0000000740000000, 0x0000000745580000, 0x0000000795580000)
  object space 87552K, 8% used [0x0000000740000000,0x000000074078df58,0x0000000745580000)
 Metaspace       used 20614K, capacity 20827K, committed 21120K, reserved 1069056K
  class space    used 2040K, capacity 2112K, committed 2176K, reserved 1048576K
Event: 5.501 GC heap after
Heap after GC invocations=3 (full 0):
 PSYoungGen      total 38400K, used 5117K [0x0000000795580000, 0x0000000798000000, 0x00000007c0000000)
  eden space 33280K, 0% used [0x0000000795580000,0x0000000795580000,0x0000000797600000)
  from space 5120K, 99% used [0x0000000797600000,0x0000000797aff450,0x0000000797b00000)
  to   space 5120K, 0% used [0x0000000797b00000,0x0000000797b00000,0x0000000798000000)
 ParOldGen       total 87552K, used 12377K [0x0000000740000000, 0x0000000745580000, 0x0000000795580000)
  object space 87552K, 14% used [0x0000000740000000,0x0000000740c16728,0x0000000745580000)
 Metaspace       used 20614K, capacity 20827K, committed 21120K, reserved 1069056K
  class space    used 2040K, capacity 2112K, committed 2176K, reserved 1048576K
}

Deoptimization events (10 events):
Event: 2.750 Thread 0x00007fae4aa0e800 Uncommon trap: reason=unstable_if action=reinterpret pc=0x00000001075af52c method=java.lang.AbstractStringBuilder.append(Ljava/lang/String;)Ljava/lang/AbstractStringBuilder; @ 1
Event: 3.109 Thread 0x00007fae4aa0e800 Uncommon trap: reason=unstable_if action=reinterpret pc=0x0000000107830bd0 method=com.sun.org.apache.xerces.internal.impl.XMLEntityScanner.skipSpaces()Z @ 266
Event: 3.127 Thread 0x00007fae4aa0e800 Uncommon trap: reason=unstable_if action=reinterpret pc=0x00000001077ce520 method=sun.misc.FloatingDecimal.readJavaFormatString(Ljava/lang/String;)Lsun/misc/FloatingDecimal$ASCIIToBinaryConverter; @ 445
Event: 3.274 Thread 0x00007fae4aa0e800 Uncommon trap: reason=unstable_if action=reinterpret pc=0x00000001077f24a4 method=java.util.Arrays.copyOf([Ljava/lang/Object;ILjava/lang/Class;)[Ljava/lang/Object; @ 3
Event: 3.293 Thread 0x00007fae4aa0e800 Uncommon trap: reason=unstable_if action=reinterpret pc=0x00000001078be47c method=com.jogamp.common.util.IntIntHashMap.get(I)I @ 28
Event: 3.306 Thread 0x00007fae4aa0e800 Uncommon trap: reason=unstable_if action=reinterpret pc=0x00000001077b8ad0 method=java.lang.String.trim()Ljava/lang/String; @ 23
Event: 3.423 Thread 0x00007fae4ac55800 Uncommon trap: reason=unstable_if action=reinterpret pc=0x00000001077b948c method=java.lang.String.regionMatches(ZILjava/lang/String;II)Z @ 123
Event: 8.749 Thread 0x00007fae4ba00000 Uncommon trap: reason=unstable_if action=reinterpret pc=0x0000000107b680d4 method=java.awt.Font.equals(Ljava/lang/Object;)Z @ 2
Event: 8.778 Thread 0x00007fae4b9a9000 Uncommon trap: reason=unstable_if action=reinterpret pc=0x000000010793544c method=java.util.HashMap.putVal(ILjava/lang/Object;Ljava/lang/Object;ZZ)Ljava/lang/Object; @ 81
Event: 8.779 Thread 0x00007fae4b9a9000 Uncommon trap: reason=unstable_if action=reinterpret pc=0x00000001078d2714 method=java.util.HashMap.putVal(ILjava/lang/Object;Ljava/lang/Object;ZZ)Ljava/lang/Object; @ 81

Internal exceptions (10 events):
Event: 0.162 Thread 0x00007fae4a802000 Exception <a 'java/lang/NoSuchFieldError': method resolution failed> (0x00000007957d36d8) thrown at [/Users/java_re/workspace/8-2-build-macosx-x86_64/jdk8u91/6644/hotspot/src/share/vm/prims/methodHandles.cpp, line 1146]
Event: 0.164 Thread 0x00007fae4a802000 Exception <a 'java/lang/NoSuchFieldError': method resolution failed> (0x00000007957e0ea8) thrown at [/Users/java_re/workspace/8-2-build-macosx-x86_64/jdk8u91/6644/hotspot/src/share/vm/prims/methodHandles.cpp, line 1146]
Event: 0.312 Thread 0x00007fae4a802000 Exception <a 'java/io/FileNotFoundException'> (0x000000079585cca8) thrown at [/Users/java_re/workspace/8-2-build-macosx-x86_64/jdk8u91/6644/hotspot/src/share/vm/prims/jni.cpp, line 709]
Event: 0.312 Thread 0x00007fae4a802000 Exception <a 'java/io/FileNotFoundException'> (0x000000079585d7f0) thrown at [/Users/java_re/workspace/8-2-build-macosx-x86_64/jdk8u91/6644/hotspot/src/share/vm/prims/jni.cpp, line 709]
Event: 0.408 Thread 0x00007fae4a802000 Exception <a 'java/io/FileNotFoundException'> (0x0000000795a41a88) thrown at [/Users/java_re/workspace/8-2-build-macosx-x86_64/jdk8u91/6644/hotspot/src/share/vm/prims/jni.cpp, line 709]
Event: 1.990 Thread 0x00007fae4b1a0800 Exception <a 'java/lang/UnsatisfiedLinkError': com.jogamp.common.util.JarUtil.fixNativeLibAttribs(Ljava/lang/String;)Z> (0x0000000796c20eb0) thrown at [/Users/java_re/workspace/8-2-build-macosx-x86_64/jdk8u91/6644/hotspot/src/share/vm/prims/nativeLookup.c
Event: 2.197 Thread 0x00007fae4b004800 Exception <a 'java/lang/NullPointerException'> (0x00000007956a5f70) thrown at [/Users/java_re/workspace/8-2-build-macosx-x86_64/jdk8u91/6644/hotspot/src/share/vm/interpreter/linkResolver.cpp, line 1178]
Event: 2.749 Thread 0x00007fae4aa0e800 Exception <a 'java/io/FileNotFoundException'> (0x00000007960e9810) thrown at [/Users/java_re/workspace/8-2-build-macosx-x86_64/jdk8u91/6644/hotspot/src/share/vm/prims/jni.cpp, line 709]
Event: 2.750 Thread 0x00007fae4aa0e800 Exception <a 'java/io/FileNotFoundException'> (0x00000007960f0a00) thrown at [/Users/java_re/workspace/8-2-build-macosx-x86_64/jdk8u91/6644/hotspot/src/share/vm/prims/jni.cpp, line 709]
Event: 2.750 Thread 0x00007fae4aa0e800 Implicit null exception at 0x00000001075af1b5 to 0x00000001075af519

Events (10 events):
Event: 8.789 loading class com/jogamp/nativewindow/awt/JAWTWindow$JAWTComponentListener$2 done
Event: 8.790 loading class jogamp/nativewindow/jawt/macosx/MacOSXJAWTWindow$1
Event: 8.790 loading class jogamp/nativewindow/jawt/macosx/MacOSXJAWTWindow$1 done
Event: 8.791 Thread 0x00007fae4a4ad800 Thread exited: 0x00007fae4a4ad800
Event: 8.792 loading class java/awt/LightweightDispatcher$2
Event: 8.792 loading class java/awt/LightweightDispatcher$2 done
Event: 8.792 loading class java/awt/event/AWTEventListenerProxy
Event: 8.792 loading class java/awt/event/AWTEventListenerProxy done
Event: 8.792 loading class java/awt/Toolkit$ToolkitEventMulticaster
Event: 8.792 loading class java/awt/Toolkit$ToolkitEventMulticaster done


Dynamic libraries:
0x000000000000a000 	/System/Library/Frameworks/Cocoa.framework/Versions/A/Cocoa
0x000000000000a000 	/System/Library/Frameworks/Security.framework/Versions/A/Security
0x000000000000a000 	/System/Library/Frameworks/ApplicationServices.framework/Versions/A/ApplicationServices
0x000000000000a000 	/usr/lib/libz.1.dylib
0x000000000000a000 	/usr/lib/libSystem.B.dylib
0x000000000000a000 	/usr/lib/libobjc.A.dylib
0x000000000000a000 	/System/Library/Frameworks/CoreFoundation.framework/Versions/A/CoreFoundation
0x000000000000a000 	/System/Library/Frameworks/Foundation.framework/Versions/C/Foundation
0x000000000000a000 	/System/Library/Frameworks/AppKit.framework/Versions/C/AppKit
0x000000000000a000 	/System/Library/Frameworks/CoreData.framework/Versions/A/CoreData
0x000000000000a000 	/System/Library/PrivateFrameworks/RemoteViewServices.framework/Versions/A/RemoteViewServices
0x000000000000a000 	/System/Library/PrivateFrameworks/UIFoundation.framework/Versions/A/UIFoundation
0x000000000000a000 	/usr/lib/libScreenReader.dylib
0x000000000000a000 	/System/Library/Frameworks/Accelerate.framework/Versions/A/Accelerate
0x000000000000a000 	/System/Library/Frameworks/IOSurface.framework/Versions/A/IOSurface
0x000000000000a000 	/System/Library/Frameworks/AudioToolbox.framework/Versions/A/AudioToolbox
0x000000000000a000 	/System/Library/Frameworks/AudioUnit.framework/Versions/A/AudioUnit
0x000000000000a000 	/System/Library/PrivateFrameworks/DataDetectorsCore.framework/Versions/A/DataDetectorsCore
0x000000000000a000 	/System/Library/PrivateFrameworks/DesktopServicesPriv.framework/Versions/A/DesktopServicesPriv
0x000000000000a000 	/System/Library/Frameworks/Carbon.framework/Versions/A/Frameworks/HIToolbox.framework/Versions/A/HIToolbox
0x000000000000a000 	/System/Library/Frameworks/QuartzCore.framework/Versions/A/QuartzCore
0x000000000000a000 	/System/Library/Frameworks/Carbon.framework/Versions/A/Frameworks/SpeechRecognition.framework/Versions/A/SpeechRecognition
0x000000000000a000 	/usr/lib/libauto.dylib
0x000000000000a000 	/usr/lib/libicucore.A.dylib
0x000000000000a000 	/usr/lib/libxml2.2.dylib
0x000000000000a000 	/System/Library/PrivateFrameworks/CoreUI.framework/Versions/A/CoreUI
0x000000000000a000 	/System/Library/Frameworks/CoreAudio.framework/Versions/A/CoreAudio
0x000000000000a000 	/System/Library/Frameworks/DiskArbitration.framework/Versions/A/DiskArbitration
0x000000000000a000 	/usr/lib/liblangid.dylib
0x000000000000a000 	/System/Library/PrivateFrameworks/MultitouchSupport.framework/Versions/A/MultitouchSupport
0x000000000000a000 	/System/Library/Frameworks/IOKit.framework/Versions/A/IOKit
0x000000000000a000 	/usr/lib/libDiagnosticMessagesClient.dylib
0x000000000000a000 	/System/Library/Frameworks/CoreServices.framework/Versions/A/CoreServices
0x000000000000a000 	/System/Library/PrivateFrameworks/PerformanceAnalysis.framework/Versions/A/PerformanceAnalysis
0x000000000000a000 	/System/Library/PrivateFrameworks/GenerationalStorage.framework/Versions/A/GenerationalStorage
0x000000000000a000 	/System/Library/Frameworks/OpenGL.framework/Versions/A/OpenGL
0x000000000000a000 	/System/Library/PrivateFrameworks/Sharing.framework/Versions/A/Sharing
0x000000000000a000 	/System/Library/Frameworks/CoreGraphics.framework/Versions/A/CoreGraphics
0x000000000000a000 	/System/Library/Frameworks/CoreImage.framework/Versions/A/CoreImage
0x000000000000a000 	/System/Library/Frameworks/CoreText.framework/Versions/A/CoreText
0x000000000000a000 	/System/Library/Frameworks/ImageIO.framework/Versions/A/ImageIO
0x000000000000a000 	/System/Library/PrivateFrameworks/Backup.framework/Versions/A/Backup
0x000000000000a000 	/usr/lib/libextension.dylib
0x000000000000a000 	/usr/lib/libarchive.2.dylib
0x000000000000a000 	/System/Library/Frameworks/CFNetwork.framework/Versions/A/CFNetwork
0x000000000000a000 	/System/Library/Frameworks/SystemConfiguration.framework/Versions/A/SystemConfiguration
0x000000000000a000 	/usr/lib/libCRFSuite.dylib
0x000000000000a000 	/usr/lib/libc++.1.dylib
0x000000000000a000 	/usr/lib/libc++abi.dylib
0x000000000000a000 	/usr/lib/system/libcache.dylib
0x000000000000a000 	/usr/lib/system/libcommonCrypto.dylib
0x000000000000a000 	/usr/lib/system/libcompiler_rt.dylib
0x000000000000a000 	/usr/lib/system/libcopyfile.dylib
0x000000000000a000 	/usr/lib/system/libcorecrypto.dylib
0x000000000000a000 	/usr/lib/system/libdispatch.dylib
0x000000000000a000 	/usr/lib/system/libdyld.dylib
0x000000000000a000 	/usr/lib/system/libkeymgr.dylib
0x000000000000a000 	/usr/lib/system/liblaunch.dylib
0x000000000000a000 	/usr/lib/system/libmacho.dylib
0x000000000000a000 	/usr/lib/system/libquarantine.dylib
0x000000000000a000 	/usr/lib/system/libremovefile.dylib
0x000000000000a000 	/usr/lib/system/libsystem_asl.dylib
0x000000000000a000 	/usr/lib/system/libsystem_blocks.dylib
0x000000000000a000 	/usr/lib/system/libsystem_c.dylib
0x000000000000a000 	/usr/lib/system/libsystem_configuration.dylib
0x000000000000a000 	/usr/lib/system/libsystem_coreservices.dylib
0x000000000000a000 	/usr/lib/system/libsystem_coretls.dylib
0x000000000000a000 	/usr/lib/system/libsystem_dnssd.dylib
0x000000000000a000 	/usr/lib/system/libsystem_info.dylib
0x000000000000a000 	/usr/lib/system/libsystem_kernel.dylib
0x000000000000a000 	/usr/lib/system/libsystem_m.dylib
0x000000000000a000 	/usr/lib/system/libsystem_malloc.dylib
0x000000000000a000 	/usr/lib/system/libsystem_network.dylib
0x000000000000a000 	/usr/lib/system/libsystem_networkextension.dylib
0x000000000000a000 	/usr/lib/system/libsystem_notify.dylib
0x000000000000a000 	/usr/lib/system/libsystem_platform.dylib
0x000000000000a000 	/usr/lib/system/libsystem_pthread.dylib
0x000000000000a000 	/usr/lib/system/libsystem_sandbox.dylib
0x000000000000a000 	/usr/lib/system/libsystem_secinit.dylib
0x000000000000a000 	/usr/lib/system/libsystem_trace.dylib
0x000000000000a000 	/usr/lib/system/libunc.dylib
0x000000000000a000 	/usr/lib/system/libunwind.dylib
0x000000000000a000 	/usr/lib/system/libxpc.dylib
0x000000000000a000 	/usr/lib/libenergytrace.dylib
0x000000000000a000 	/usr/lib/libbsm.0.dylib
0x000000000000a000 	/usr/lib/system/libkxld.dylib
0x000000000000a000 	/usr/lib/libxar.1.dylib
0x000000000000a000 	/usr/lib/libsqlite3.dylib
0x000000000000a000 	/usr/lib/libpam.2.dylib
0x000000000000a000 	/usr/lib/libOpenScriptingUtil.dylib
0x000000000000a000 	/usr/lib/libbz2.1.0.dylib
0x000000000000a000 	/usr/lib/liblzma.5.dylib
0x000000000000a000 	/System/Library/Frameworks/CoreServices.framework/Versions/A/Frameworks/FSEvents.framework/Versions/A/FSEvents
0x000000000000a000 	/System/Library/Frameworks/CoreServices.framework/Versions/A/Frameworks/CarbonCore.framework/Versions/A/CarbonCore
0x000000000000a000 	/System/Library/Frameworks/CoreServices.framework/Versions/A/Frameworks/Metadata.framework/Versions/A/Metadata
0x000000000000a000 	/System/Library/Frameworks/CoreServices.framework/Versions/A/Frameworks/OSServices.framework/Versions/A/OSServices
0x000000000000a000 	/System/Library/Frameworks/CoreServices.framework/Versions/A/Frameworks/SearchKit.framework/Versions/A/SearchKit
0x000000000000a000 	/System/Library/Frameworks/CoreServices.framework/Versions/A/Frameworks/AE.framework/Versions/A/AE
0x000000000000a000 	/System/Library/Frameworks/CoreServices.framework/Versions/A/Frameworks/LaunchServices.framework/Versions/A/LaunchServices
0x000000000000a000 	/System/Library/Frameworks/CoreServices.framework/Versions/A/Frameworks/DictionaryServices.framework/Versions/A/DictionaryServices
0x000000000000a000 	/System/Library/Frameworks/CoreServices.framework/Versions/A/Frameworks/SharedFileList.framework/Versions/A/SharedFileList
0x000000000000a000 	/System/Library/Frameworks/NetFS.framework/Versions/A/NetFS
0x000000000000a000 	/System/Library/PrivateFrameworks/NetAuth.framework/Versions/A/NetAuth
0x000000000000a000 	/System/Library/PrivateFrameworks/login.framework/Versions/A/Frameworks/loginsupport.framework/Versions/A/loginsupport
0x000000000000a000 	/System/Library/PrivateFrameworks/TCC.framework/Versions/A/TCC
0x000000000000a000 	/usr/lib/libmecabra.dylib
0x000000000000a000 	/System/Library/Frameworks/ApplicationServices.framework/Versions/A/Frameworks/ATS.framework/Versions/A/ATS
0x000000000000a000 	/System/Library/Frameworks/ApplicationServices.framework/Versions/A/Frameworks/ColorSync.framework/Versions/A/ColorSync
0x000000000000a000 	/System/Library/Frameworks/ApplicationServices.framework/Versions/A/Frameworks/HIServices.framework/Versions/A/HIServices
0x000000000000a000 	/System/Library/Frameworks/ApplicationServices.framework/Versions/A/Frameworks/LangAnalysis.framework/Versions/A/LangAnalysis
0x000000000000a000 	/System/Library/Frameworks/ApplicationServices.framework/Versions/A/Frameworks/PrintCore.framework/Versions/A/PrintCore
0x000000000000a000 	/System/Library/Frameworks/ApplicationServices.framework/Versions/A/Frameworks/QD.framework/Versions/A/QD
0x000000000000a000 	/System/Library/Frameworks/ApplicationServices.framework/Versions/A/Frameworks/SpeechSynthesis.framework/Versions/A/SpeechSynthesis
0x000000000000a000 	/System/Library/Frameworks/Metal.framework/Versions/A/Metal
0x000000000000a000 	/System/Library/Frameworks/Accelerate.framework/Versions/A/Frameworks/vImage.framework/Versions/A/vImage
0x000000000000a000 	/System/Library/Frameworks/Accelerate.framework/Versions/A/Frameworks/vecLib.framework/Versions/A/vecLib
0x000000000000a000 	/System/Library/Frameworks/Accelerate.framework/Versions/A/Frameworks/vecLib.framework/Versions/A/libvDSP.dylib
0x000000000000a000 	/System/Library/Frameworks/Accelerate.framework/Versions/A/Frameworks/vecLib.framework/Versions/A/libvMisc.dylib
0x000000000000a000 	/System/Library/Frameworks/Accelerate.framework/Versions/A/Frameworks/vecLib.framework/Versions/A/libLAPACK.dylib
0x000000000000a000 	/System/Library/Frameworks/Accelerate.framework/Versions/A/Frameworks/vecLib.framework/Versions/A/libBLAS.dylib
0x000000000000a000 	/System/Library/Frameworks/Accelerate.framework/Versions/A/Frameworks/vecLib.framework/Versions/A/libLinearAlgebra.dylib
0x000000000000a000 	/System/Library/Frameworks/Accelerate.framework/Versions/A/Frameworks/vecLib.framework/Versions/A/libSparseBLAS.dylib
0x000000000000a000 	/System/Library/PrivateFrameworks/GPUCompiler.framework/libmetal_timestamp.dylib
0x000000000000a000 	/System/Library/Frameworks/OpenGL.framework/Versions/A/Libraries/libCoreFSCache.dylib
0x000000000000a000 	/System/Library/PrivateFrameworks/IOAccelerator.framework/Versions/A/IOAccelerator
0x000000000000a000 	/System/Library/Frameworks/ApplicationServices.framework/Versions/A/Frameworks/ATS.framework/Versions/A/Resources/libFontParser.dylib
0x000000000000a000 	/System/Library/Frameworks/ApplicationServices.framework/Versions/A/Frameworks/ATS.framework/Versions/A/Resources/libFontRegistry.dylib
0x000000000000a000 	/System/Library/PrivateFrameworks/AppleVPA.framework/Versions/A/AppleVPA
0x000000000000a000 	/System/Library/PrivateFrameworks/AppleJPEG.framework/Versions/A/AppleJPEG
0x000000000000a000 	/System/Library/Frameworks/ImageIO.framework/Versions/A/Resources/libJPEG.dylib
0x000000000000a000 	/System/Library/Frameworks/ImageIO.framework/Versions/A/Resources/libTIFF.dylib
0x000000000000a000 	/System/Library/Frameworks/ImageIO.framework/Versions/A/Resources/libPng.dylib
0x000000000000a000 	/System/Library/Frameworks/ImageIO.framework/Versions/A/Resources/libGIF.dylib
0x000000000000a000 	/System/Library/Frameworks/ImageIO.framework/Versions/A/Resources/libJP2.dylib
0x000000000000a000 	/System/Library/Frameworks/ImageIO.framework/Versions/A/Resources/libRadiance.dylib
0x000000000000a000 	/System/Library/Frameworks/CoreVideo.framework/Versions/A/CoreVideo
0x000000000000a000 	/System/Library/Frameworks/OpenGL.framework/Versions/A/Libraries/libGLU.dylib
0x000000000000a000 	/System/Library/Frameworks/OpenGL.framework/Versions/A/Libraries/libGFXShared.dylib
0x000000000000a000 	/System/Library/Frameworks/OpenGL.framework/Versions/A/Libraries/libGL.dylib
0x000000000000a000 	/System/Library/Frameworks/OpenGL.framework/Versions/A/Libraries/libGLImage.dylib
0x000000000000a000 	/System/Library/Frameworks/OpenGL.framework/Versions/A/Libraries/libCVMSPluginSupport.dylib
0x000000000000a000 	/System/Library/Frameworks/OpenGL.framework/Versions/A/Libraries/libCoreVMClient.dylib
0x000000000000a000 	/usr/lib/libcompression.dylib
0x000000000000a000 	/usr/lib/libcups.2.dylib
0x000000000000a000 	/System/Library/Frameworks/Kerberos.framework/Versions/A/Kerberos
0x000000000000a000 	/System/Library/Frameworks/GSS.framework/Versions/A/GSS
0x000000000000a000 	/usr/lib/libresolv.9.dylib
0x000000000000a000 	/usr/lib/libiconv.2.dylib
0x000000000000a000 	/System/Library/PrivateFrameworks/Heimdal.framework/Versions/A/Heimdal
0x000000000000a000 	/usr/lib/libheimdal-asn1.dylib
0x000000000000a000 	/System/Library/Frameworks/OpenDirectory.framework/Versions/A/OpenDirectory
0x000000000000a000 	/System/Library/PrivateFrameworks/CommonAuth.framework/Versions/A/CommonAuth
0x000000000000a000 	/System/Library/Frameworks/OpenDirectory.framework/Versions/A/Frameworks/CFOpenDirectory.framework/Versions/A/CFOpenDirectory
0x000000000000a000 	/System/Library/Frameworks/SecurityFoundation.framework/Versions/A/SecurityFoundation
0x000000000000a000 	/System/Library/PrivateFrameworks/LanguageModeling.framework/Versions/A/LanguageModeling
0x000000000000a000 	/usr/lib/libmarisa.dylib
0x000000000000a000 	/usr/lib/libChineseTokenizer.dylib
0x000000000000a000 	/usr/lib/libcmph.dylib
0x000000000000a000 	/System/Library/Frameworks/ServiceManagement.framework/Versions/A/ServiceManagement
0x000000000000a000 	/usr/lib/libxslt.1.dylib
0x000000000000a000 	/System/Library/Frameworks/Carbon.framework/Versions/A/Frameworks/Ink.framework/Versions/A/Ink
0x000000000000a000 	/usr/lib/libFosl_dynamic.dylib
0x000000000000a000 	/System/Library/PrivateFrameworks/FaceCore.framework/Versions/A/FaceCore
0x000000000000a000 	/System/Library/Frameworks/OpenCL.framework/Versions/A/OpenCL
0x000000000000a000 	/System/Library/PrivateFrameworks/CrashReporterSupport.framework/Versions/A/CrashReporterSupport
0x000000000000a000 	/System/Library/PrivateFrameworks/IconServices.framework/Versions/A/IconServices
0x000000000000a000 	/System/Library/PrivateFrameworks/Apple80211.framework/Versions/A/Apple80211
0x000000000000a000 	/System/Library/Frameworks/CoreWLAN.framework/Versions/A/CoreWLAN
0x000000000000a000 	/System/Library/Frameworks/IOBluetooth.framework/Versions/A/IOBluetooth
0x000000000000a000 	/System/Library/PrivateFrameworks/CoreWiFi.framework/Versions/A/CoreWiFi
0x000000000000a000 	/System/Library/Frameworks/CoreBluetooth.framework/Versions/A/CoreBluetooth
0x000000000000a000 	/System/Library/PrivateFrameworks/ChunkingLibrary.framework/Versions/A/ChunkingLibrary
0x000000000000a000 	/System/Library/PrivateFrameworks/DebugSymbols.framework/Versions/A/DebugSymbols
0x000000000000a000 	/System/Library/PrivateFrameworks/CoreSymbolication.framework/Versions/A/CoreSymbolication
0x000000000000a000 	/System/Library/PrivateFrameworks/Symbolication.framework/Versions/A/Symbolication
0x000000000000a000 	/System/Library/PrivateFrameworks/SpeechRecognitionCore.framework/Versions/A/SpeechRecognitionCore
0x0000000105bcc000 	/Library/Java/JavaVirtualMachines/jdk1.8.0_91.jdk/Contents/Home/jre/lib/server/libjvm.dylib
0x000000000000a000 	/usr/lib/libstdc++.6.dylib
0x0000000106b64000 	/Library/Java/JavaVirtualMachines/jdk1.8.0_91.jdk/Contents/Home/jre/lib/libverify.dylib
0x0000000106b72000 	/Library/Java/JavaVirtualMachines/jdk1.8.0_91.jdk/Contents/Home/jre/lib/libjava.dylib
0x0000000106bb1000 	/Library/Java/JavaVirtualMachines/jdk1.8.0_91.jdk/Contents/Home/jre/lib/libzip.dylib
0x0000000106be3000 	/System/Library/Frameworks/JavaVM.framework/Frameworks/JavaRuntimeSupport.framework/JavaRuntimeSupport
0x000000011cd3a000 	/System/Library/Frameworks/JavaVM.framework/Versions/A/Frameworks/JavaNativeFoundation.framework/Versions/A/JavaNativeFoundation
0x000000011cd4f000 	/System/Library/Frameworks/JavaVM.framework/Versions/A/JavaVM
0x000000000000a000 	/System/Library/Frameworks/Carbon.framework/Versions/A/Carbon
0x000000011cd5c000 	/System/Library/PrivateFrameworks/JavaLaunching.framework/Versions/A/JavaLaunching
0x000000000000a000 	/System/Library/Frameworks/Carbon.framework/Versions/A/Frameworks/CommonPanels.framework/Versions/A/CommonPanels
0x000000000000a000 	/System/Library/Frameworks/Carbon.framework/Versions/A/Frameworks/Help.framework/Versions/A/Help
0x000000000000a000 	/System/Library/Frameworks/Carbon.framework/Versions/A/Frameworks/ImageCapture.framework/Versions/A/ImageCapture
0x000000000000a000 	/System/Library/Frameworks/Carbon.framework/Versions/A/Frameworks/OpenScripting.framework/Versions/A/OpenScripting
0x000000000000a000 	/System/Library/Frameworks/Carbon.framework/Versions/A/Frameworks/Print.framework/Versions/A/Print
0x000000000000a000 	/System/Library/Frameworks/Carbon.framework/Versions/A/Frameworks/SecurityHI.framework/Versions/A/SecurityHI
0x000000011e6b9000 	/Library/Java/JavaVirtualMachines/jdk1.8.0_91.jdk/Contents/Home/jre/lib/libawt.dylib
0x000000011e761000 	/Library/Java/JavaVirtualMachines/jdk1.8.0_91.jdk/Contents/Home/jre/lib/./libmlib_image.dylib
0x000000011e82d000 	/Library/Java/JavaVirtualMachines/jdk1.8.0_91.jdk/Contents/Home/jre/lib/libawt_lwawt.dylib
0x000000011e8e2000 	/Library/Java/JavaVirtualMachines/jdk1.8.0_91.jdk/Contents/Home/jre/lib/./libosxapp.dylib
0x000000000000a000 	/System/Library/Frameworks/ExceptionHandling.framework/Versions/A/ExceptionHandling
0x000000000000a000 	/System/Library/PrivateFrameworks/CoreServicesInternal.framework/Versions/A/CoreServicesInternal
0x000000000000a000 	/System/Library/Frameworks/CoreGraphics.framework/Versions/A/Resources/libRIP.A.dylib
0x000000000000a000 	/System/Library/Frameworks/Accelerate.framework/Versions/A/Frameworks/vImage.framework/Versions/A/Libraries/libCGInterfaces.dylib
0x000000000000a000 	/System/Library/Frameworks/CoreGraphics.framework/Versions/A/Resources/libCGXType.A.dylib
0x000000000000a000 	/System/Library/Frameworks/OpenCL.framework/Versions/A/Libraries/libcldcpuengine.dylib
0x000000000000a000 	/System/Library/PrivateFrameworks/DiskImages.framework/Versions/A/DiskImages
0x000000000000a000 	/System/Library/Frameworks/DiscRecording.framework/Versions/A/DiscRecording
0x000000000000a000 	/usr/lib/libcsfde.dylib
0x000000000000a000 	/usr/lib/libcurl.4.dylib
0x000000000000a000 	/System/Library/PrivateFrameworks/MediaKit.framework/Versions/A/MediaKit
0x000000000000a000 	/System/Library/PrivateFrameworks/ProtectedCloudStorage.framework/Versions/A/ProtectedCloudStorage
0x000000000000a000 	/usr/lib/libCoreStorage.dylib
0x000000000000a000 	/System/Library/PrivateFrameworks/EFILogin.framework/Versions/A/EFILogin
0x000000000000a000 	/usr/lib/libutil.dylib
0x000000000000a000 	/System/Library/PrivateFrameworks/FindMyDevice.framework/Versions/A/FindMyDevice
0x000000000000a000 	/System/Library/Frameworks/LDAP.framework/Versions/A/LDAP
0x000000000000a000 	/usr/lib/libsasl2.2.dylib
0x000000000000a000 	/System/Library/PrivateFrameworks/CoreDaemon.framework/Versions/B/CoreDaemon
0x000000000000a000 	/usr/lib/libcrypto.0.9.8.dylib
0x000000000000a000 	/System/Library/PrivateFrameworks/AppleSRP.framework/Versions/A/AppleSRP
0x000000000000a000 	/System/Library/PrivateFrameworks/TrustEvaluationAgent.framework/Versions/A/TrustEvaluationAgent
0x000000012091b000 	cl_kernels
0x000000000000a000 	/System/Library/Frameworks/OpenCL.framework/Versions/A/Libraries/ImageFormats/unorm8_bgra.dylib
0x000000000000a000 	/System/Library/Frameworks/OpenCL.framework/Versions/A/Libraries/ImageFormats/unorm8_rgba.dylib
0x000000000000a000 	/System/Library/PrivateFrameworks/FamilyControls.framework/Versions/A/FamilyControls
0x000000000000a000 	/System/Library/PrivateFrameworks/CommerceKit.framework/Versions/A/Frameworks/CommerceCore.framework/Versions/A/CommerceCore
0x000000000000a000 	/System/Library/PrivateFrameworks/SystemAdministration.framework/Versions/A/SystemAdministration
0x000000000000a000 	/System/Library/PrivateFrameworks/AppContainer.framework/Versions/A/AppContainer
0x000000000000a000 	/System/Library/PrivateFrameworks/SecCodeWrapper.framework/Versions/A/SecCodeWrapper
0x000000000000a000 	/System/Library/Frameworks/DirectoryService.framework/Versions/A/DirectoryService
0x000000000000a000 	/System/Library/PrivateFrameworks/LoginUIKit.framework/Versions/A/Frameworks/LoginUICore.framework/Versions/A/LoginUICore
0x000000000000a000 	/usr/lib/libodfde.dylib
0x000000000000a000 	/System/Library/Frameworks/OpenGL.framework/Versions/A/Resources/GLEngine.bundle/GLEngine
0x000000000000a000 	/System/Library/Frameworks/OpenGL.framework/Versions/A/Libraries/libGLProgrammability.dylib
0x0000000121a77000 	/System/Library/Extensions/AppleIntelBDWGraphicsGLDriver.bundle/Contents/MacOS/AppleIntelBDWGraphicsGLDriver
0x000000000000a000 	/System/Library/PrivateFrameworks/GPUSupport.framework/Versions/A/Libraries/libGPUSupportMercury.dylib
0x000000000000a000 	/System/Library/Frameworks/OpenGL.framework/Versions/A/Resources/GLRendererFloat.bundle/GLRendererFloat
0x00000001229fc000 	/Library/Java/JavaVirtualMachines/jdk1.8.0_91.jdk/Contents/Home/jre/lib/libfontmanager.dylib
0x0000000123ec4000 	/Library/Java/JavaVirtualMachines/jdk1.8.0_91.jdk/Contents/Home/jre/lib/libosxui.dylib
0x000000012499d000 	/Library/Java/JavaVirtualMachines/jdk1.8.0_91.jdk/Contents/Home/jre/lib/libnet.dylib
0x0000000124931000 	/Library/Java/JavaVirtualMachines/jdk1.8.0_91.jdk/Contents/Home/jre/lib/libnio.dylib
0x000000000000a000 	/System/Library/Frameworks/ApplicationServices.framework/Versions/A/Frameworks/ATS.framework/Versions/A/Resources/libTrueTypeScaler.dylib
0x00000001aaf38000 	/System/Library/Extensions/AppleIntelBDWGraphicsMTLDriver.bundle/Contents/MacOS/AppleIntelBDWGraphicsMTLDriver
0x00000001aae3f000 	/private/var/folders/2h/vqwmpqwj6bd01xqwnbwl3bl40000gn/T/jogamp_0000/file_cache/jln6288905942647658373/jln5920802755968268171/libgluegen-rt.jnilib
0x0000000123c4f000 	/private/var/folders/2h/vqwmpqwj6bd01xqwnbwl3bl40000gn/T/jogamp_0000/file_cache/jln6288905942647658373/jln5920802755968268171/libnativewindow_awt.jnilib
0x00000001aae43000 	/Library/Java/JavaVirtualMachines/jdk1.8.0_91.jdk/Contents/Home/jre/lib/libjawt.dylib
0x00000001aae46000 	/private/var/folders/2h/vqwmpqwj6bd01xqwnbwl3bl40000gn/T/jogamp_0000/file_cache/jln6288905942647658373/jln5920802755968268171/libnativewindow_macosx.jnilib
0x00000001ab635000 	/private/var/folders/2h/vqwmpqwj6bd01xqwnbwl3bl40000gn/T/jogamp_0000/file_cache/jln6288905942647658373/jln5920802755968268171/libjogl_desktop.jnilib
0x00000001204b1000 	/Library/Java/JavaVirtualMachines/jdk1.8.0_91.jdk/Contents/Home/jre/lib/libt2k.dylib

VM Arguments:
jvm_args: -Djava.security.policy=java.policy.applet -Dfile.encoding=UTF-8 
java_command: sun.applet.AppletViewer module4.EarthquakeCityMap1469731011682.html
java_class_path (initial): /Users/Jimmy/Documents/Java/UCSDUnfoldingMaps/build:/Users/Jimmy/Documents/Java/UCSDUnfoldingMaps/lib/core.jar:/Users/Jimmy/Documents/Java/UCSDUnfoldingMaps/lib/gluegen-rt.jar:/Users/Jimmy/Documents/Java/UCSDUnfoldingMaps/lib/jogl-all.jar:/Users/Jimmy/Documents/Java/UCSDUnfoldingMaps/lib/log4j-1.2.15.jar:/Users/Jimmy/Documents/Java/UCSDUnfoldingMaps/lib/sqlite-jdbc-3.7.2.jar:/Users/Jimmy/Documents/Java/UCSDUnfoldingMaps/lib/json4processing.jar:/Users/Jimmy/Documents/Java/UCSDUnfoldingMaps/lib/libTUIO.jar:/Users/Jimmy/Documents/Java/UCSDUnfoldingMaps/lib/unfolding.0.9.7-uscd.jar
Launcher Type: SUN_STANDARD

Environment Variables:
PATH=/usr/bin:/bin:/usr/sbin:/sbin
SHELL=/bin/bash

Signal Handlers:
SIGSEGV: [libjvm.dylib+0x5a97a1], sa_mask[0]=11111111011111110111111111111111, sa_flags=SA_ONSTACK|SA_RESTART|SA_SIGINFO
SIGBUS: [libjvm.dylib+0x5a97a1], sa_mask[0]=11111111011111110111111111111111, sa_flags=SA_RESTART|SA_SIGINFO
SIGFPE: [libjvm.dylib+0x482594], sa_mask[0]=11111111011111110111111111111111, sa_flags=SA_RESTART|SA_SIGINFO
SIGPIPE: [libjvm.dylib+0x482594], sa_mask[0]=11111111011111110111111111111111, sa_flags=SA_RESTART|SA_SIGINFO
SIGXFSZ: [libjvm.dylib+0x482594], sa_mask[0]=11111111011111110111111111111111, sa_flags=SA_RESTART|SA_SIGINFO
SIGILL: [libjvm.dylib+0x482594], sa_mask[0]=11111111011111110111111111111111, sa_flags=SA_RESTART|SA_SIGINFO
SIGUSR1: SIG_DFL, sa_mask[0]=00000000000000000000000000000000, sa_flags=none
SIGUSR2: [libjvm.dylib+0x4820b2], sa_mask[0]=00100000000000000000000000000000, sa_flags=SA_RESTART|SA_SIGINFO
SIGHUP: [libjvm.dylib+0x480689], sa_mask[0]=11111111011111110111111111111111, sa_flags=SA_RESTART|SA_SIGINFO
SIGINT: [libjvm.dylib+0x480689], sa_mask[0]=11111111011111110111111111111111, sa_flags=SA_RESTART|SA_SIGINFO
SIGTERM: [libjvm.dylib+0x480689], sa_mask[0]=11111111011111110111111111111111, sa_flags=SA_RESTART|SA_SIGINFO
SIGQUIT: [libjvm.dylib+0x480689], sa_mask[0]=11111111011111110111111111111111, sa_flags=SA_RESTART|SA_SIGINFO


---------------  S Y S T E M  ---------------

OS:Bsduname:Darwin 15.6.0 Darwin Kernel Version 15.6.0: Thu Jun 23 18:25:34 PDT 2016; root:xnu-3248.60.10~1/RELEASE_X86_64 x86_64
rlimit: STACK 8192k, CORE 0k, NPROC 709, NOFILE 10240, AS infinity
load average:1.44 1.51 1.58

CPU:total 4 (2 cores per cpu, 2 threads per core) family 6 model 61 stepping 4, cmov, cx8, fxsr, mmx, sse, sse2, sse3, ssse3, sse4.1, sse4.2, popcnt, avx, avx2, aes, clmul, erms, 3dnowpref, lzcnt, ht, tsc, tscinvbit, bmi1, bmi2, adx

Memory: 4k page, physical 8388608k(23212k free)

/proc/meminfo:


vm_info: Java HotSpot(TM) 64-Bit Server VM (25.91-b14) for bsd-amd64 JRE (1.8.0_91-b14), built on Apr  1 2016 01:03:00 by "java_re" with gcc 4.2.1 (Based on Apple Inc. build 5658) (LLVM build 2336.11.00)

time: Thu Jul 28 14:37:00 2016
elapsed time: 8 seconds (0d 0h 0m 8s)

